2025-08-10 01:11:02,320 - INFO - ======================================================================
2025-08-10 01:11:02,320 - INFO - Inner London LSOA 数据收集
2025-08-10 01:11:02,320 - INFO - ======================================================================
2025-08-10 01:11:02,328 - INFO - ✅ 加载已处理结果：566 个LSOA
2025-08-10 01:11:02,328 - INFO - 加载所有Inner London LSOAs...
2025-08-10 01:11:03,569 - INFO - 找到 1731 个Inner London LSOAs
2025-08-10 01:11:03,569 - INFO - 已处理：566，待处理：1165
2025-08-10 01:11:03,570 - INFO - 限制处理数量：400
2025-08-10 01:11:03,570 - INFO - 待处理：400 个LSOA
2025-08-10 01:11:03,570 - INFO - 批次大小：50
2025-08-10 01:11:03,570 - INFO - 
批次 1：处理 1-50/400
2025-08-10 01:11:03,571 - INFO - 
[1/400] E01001870
2025-08-10 01:11:03,571 - INFO - 处理 E01001870 - Hammersmith and Fulham
2025-08-10 01:11:11,895 - INFO -   找到 80 张图片
2025-08-10 01:11:25,528 - INFO -   ✅ GVI = 18.52%
2025-08-10 01:11:25,540 - INFO - 
[2/400] E01001871
2025-08-10 01:11:25,540 - INFO - 处理 E01001871 - Hammersmith and Fulham
2025-08-10 01:11:32,897 - INFO -   找到 80 张图片
2025-08-10 01:11:46,214 - INFO -   ✅ GVI = 15.96%
2025-08-10 01:11:46,219 - INFO - 
[3/400] E01001872
2025-08-10 01:11:46,220 - INFO - 处理 E01001872 - Hammersmith and Fulham
2025-08-10 01:11:53,657 - INFO -   找到 80 张图片
2025-08-10 01:12:06,766 - INFO -   ✅ GVI = 24.43%
2025-08-10 01:12:06,773 - INFO - 
[4/400] E01001873
2025-08-10 01:12:06,774 - INFO - 处理 E01001873 - Hammersmith and Fulham
2025-08-10 01:12:13,426 - INFO -   找到 80 张图片
2025-08-10 01:12:25,666 - INFO -   ✅ GVI = 10.00%
2025-08-10 01:12:25,672 - INFO - 
[5/400] E01001874
2025-08-10 01:12:25,672 - INFO - 处理 E01001874 - Hammersmith and Fulham
2025-08-10 01:12:44,865 - INFO -   找到 80 张图片
2025-08-10 01:12:57,520 - INFO -   ✅ GVI = 13.83%
2025-08-10 01:12:57,527 - INFO - 
[6/400] E01001875
2025-08-10 01:12:57,527 - INFO - 处理 E01001875 - Hammersmith and Fulham
2025-08-10 01:13:06,039 - INFO -   找到 80 张图片
2025-08-10 01:13:17,764 - INFO -   ✅ GVI = 11.41%
2025-08-10 01:13:17,769 - INFO - 
[7/400] E01001876
2025-08-10 01:13:17,770 - INFO - 处理 E01001876 - Hammersmith and Fulham
2025-08-10 01:13:24,873 - INFO -   找到 80 张图片
2025-08-10 01:13:36,500 - INFO -   ✅ GVI = 18.29%
2025-08-10 01:13:36,505 - INFO - 
[8/400] E01001877
2025-08-10 01:13:36,506 - INFO - 处理 E01001877 - Hammersmith and Fulham
2025-08-10 01:13:49,385 - INFO -   找到 80 张图片
2025-08-10 01:14:02,574 - INFO -   ✅ GVI = 11.82%
2025-08-10 01:14:02,580 - INFO - 
[9/400] E01001878
2025-08-10 01:14:02,580 - INFO - 处理 E01001878 - Hammersmith and Fulham
2025-08-10 01:14:11,139 - INFO -   找到 51 张图片
2025-08-10 01:14:19,463 - INFO -   ✅ GVI = 19.31%
2025-08-10 01:14:19,469 - INFO - 
[10/400] E01001879
2025-08-10 01:14:19,469 - INFO - 处理 E01001879 - Hammersmith and Fulham
2025-08-10 01:14:25,929 - INFO -   找到 0 张图片
2025-08-10 01:14:25,940 - INFO - 
--- 进度报告 ---
2025-08-10 01:14:25,940 - INFO - 已完成(GVI计算): 569
2025-08-10 01:14:25,940 - INFO - 数据不足(<30): 4
2025-08-10 01:14:25,940 - INFO - 无数据: 3
2025-08-10 01:14:25,940 - INFO - 总计: 576
2025-08-10 01:14:25,941 - INFO - 
[11/400] E01001880
2025-08-10 01:14:25,941 - INFO - 处理 E01001880 - Hammersmith and Fulham
2025-08-10 01:14:38,443 - INFO -   找到 35 张图片
2025-08-10 01:14:43,212 - INFO -   ✅ GVI = 21.01%
2025-08-10 01:14:43,218 - INFO - 
[12/400] E01001881
2025-08-10 01:14:43,218 - INFO - 处理 E01001881 - Hammersmith and Fulham
2025-08-10 01:15:18,650 - INFO -   找到 14 张图片
2025-08-10 01:15:18,664 - INFO - 
[13/400] E01001882
2025-08-10 01:15:18,664 - INFO - 处理 E01001882 - Hammersmith and Fulham
2025-08-10 01:15:26,872 - INFO -   找到 13 张图片
2025-08-10 01:15:26,879 - INFO - 
[14/400] E01001883
2025-08-10 01:15:26,879 - INFO - 处理 E01001883 - Hammersmith and Fulham
2025-08-10 01:15:34,381 - INFO -   找到 19 张图片
2025-08-10 01:15:34,391 - INFO - 
[15/400] E01001884
2025-08-10 01:15:34,391 - INFO - 处理 E01001884 - Hammersmith and Fulham
2025-08-10 01:15:43,230 - INFO -   找到 12 张图片
2025-08-10 01:15:43,238 - INFO - 
[16/400] E01001885
2025-08-10 01:15:43,238 - INFO - 处理 E01001885 - Hammersmith and Fulham
2025-08-10 01:15:49,474 - INFO -   找到 3 张图片
2025-08-10 01:15:49,484 - INFO - 
[17/400] E01001886
2025-08-10 01:15:49,484 - INFO - 处理 E01001886 - Hammersmith and Fulham
2025-08-10 01:16:00,296 - INFO -   找到 80 张图片
2025-08-10 01:16:10,717 - INFO -   ✅ GVI = 19.47%
2025-08-10 01:16:10,723 - INFO - 
[18/400] E01001887
2025-08-10 01:16:10,723 - INFO - 处理 E01001887 - Hammersmith and Fulham
2025-08-10 01:16:13,207 - INFO -   找到 80 张图片
2025-08-10 01:16:21,392 - INFO -   ✅ GVI = 12.35%
2025-08-10 01:16:21,399 - INFO - 
[19/400] E01001889
2025-08-10 01:16:21,400 - INFO - 处理 E01001889 - Hammersmith and Fulham
2025-08-10 01:16:28,379 - INFO -   找到 80 张图片
2025-08-10 01:16:39,887 - INFO -   ✅ GVI = 13.06%
2025-08-10 01:16:39,894 - INFO - 
[20/400] E01001891
2025-08-10 01:16:39,895 - INFO - 处理 E01001891 - Hammersmith and Fulham
2025-08-10 01:16:45,086 - INFO -   找到 80 张图片
2025-08-10 01:16:53,995 - INFO -   ✅ GVI = 8.76%
2025-08-10 01:16:54,006 - INFO - 
--- 进度报告 ---
2025-08-10 01:16:54,006 - INFO - 已完成(GVI计算): 574
2025-08-10 01:16:54,006 - INFO - 数据不足(<30): 9
2025-08-10 01:16:54,006 - INFO - 无数据: 3
2025-08-10 01:16:54,006 - INFO - 总计: 586
2025-08-10 01:16:54,006 - INFO - 
[21/400] E01001892
2025-08-10 01:16:54,006 - INFO - 处理 E01001892 - Hammersmith and Fulham
2025-08-10 01:16:57,555 - INFO -   找到 80 张图片
2025-08-10 01:17:11,255 - INFO -   ✅ GVI = 11.11%
2025-08-10 01:17:11,261 - INFO - 
[22/400] E01001893
2025-08-10 01:17:11,261 - INFO - 处理 E01001893 - Hammersmith and Fulham
2025-08-10 01:17:20,793 - INFO -   找到 80 张图片
2025-08-10 01:17:34,246 - INFO -   ✅ GVI = 10.14%
2025-08-10 01:17:34,253 - INFO - 
[23/400] E01001894
2025-08-10 01:17:34,253 - INFO - 处理 E01001894 - Hammersmith and Fulham
2025-08-10 01:17:43,308 - INFO -   找到 80 张图片
2025-08-10 01:17:55,672 - INFO -   ✅ GVI = 14.15%
2025-08-10 01:17:55,678 - INFO - 
[24/400] E01001895
2025-08-10 01:17:55,679 - INFO - 处理 E01001895 - Hammersmith and Fulham
2025-08-10 01:17:57,679 - INFO -   找到 80 张图片
2025-08-10 01:18:10,203 - INFO -   ✅ GVI = 9.82%
2025-08-10 01:18:10,208 - INFO - 
[25/400] E01001896
2025-08-10 01:18:10,208 - INFO - 处理 E01001896 - Hammersmith and Fulham
2025-08-10 01:18:13,933 - INFO -   找到 80 张图片
2025-08-10 01:18:25,920 - INFO -   ✅ GVI = 8.62%
2025-08-10 01:18:25,926 - INFO - 
[26/400] E01001897
2025-08-10 01:18:25,926 - INFO - 处理 E01001897 - Hammersmith and Fulham
2025-08-10 01:18:31,470 - INFO -   找到 80 张图片
2025-08-10 01:18:44,886 - INFO -   ✅ GVI = 15.38%
2025-08-10 01:18:44,892 - INFO - 
[27/400] E01001898
2025-08-10 01:18:44,892 - INFO - 处理 E01001898 - Hammersmith and Fulham
2025-08-10 01:18:51,552 - INFO -   找到 80 张图片
2025-08-10 01:19:03,726 - INFO -   ✅ GVI = 9.93%
2025-08-10 01:19:03,732 - INFO - 
[28/400] E01001899
2025-08-10 01:19:03,733 - INFO - 处理 E01001899 - Hammersmith and Fulham
2025-08-10 01:19:08,346 - INFO -   找到 80 张图片
2025-08-10 01:19:20,268 - INFO -   ✅ GVI = 9.43%
2025-08-10 01:19:20,275 - INFO - 
[29/400] E01001900
2025-08-10 01:19:20,275 - INFO - 处理 E01001900 - Hammersmith and Fulham
2025-08-10 01:19:26,558 - INFO -   找到 80 张图片
2025-08-10 01:19:37,774 - INFO -   ✅ GVI = 4.83%
2025-08-10 01:19:37,781 - INFO - 
[30/400] E01001901
2025-08-10 01:19:37,781 - INFO - 处理 E01001901 - Hammersmith and Fulham
2025-08-10 01:19:45,151 - INFO -   找到 16 张图片
2025-08-10 01:19:45,166 - INFO - 
--- 进度报告 ---
2025-08-10 01:19:45,166 - INFO - 已完成(GVI计算): 583
2025-08-10 01:19:45,166 - INFO - 数据不足(<30): 10
2025-08-10 01:19:45,166 - INFO - 无数据: 3
2025-08-10 01:19:45,166 - INFO - 总计: 596
2025-08-10 01:19:45,167 - INFO - 
[31/400] E01001902
2025-08-10 01:19:45,167 - INFO - 处理 E01001902 - Hammersmith and Fulham
2025-08-10 01:19:53,028 - INFO -   找到 12 张图片
2025-08-10 01:19:53,034 - INFO - 
[32/400] E01001903
2025-08-10 01:19:53,034 - INFO - 处理 E01001903 - Hammersmith and Fulham
2025-08-10 01:19:56,187 - INFO -   找到 80 张图片
2025-08-10 01:20:06,234 - INFO -   ✅ GVI = 16.51%
2025-08-10 01:20:06,242 - INFO - 
[33/400] E01001904
2025-08-10 01:20:06,242 - INFO - 处理 E01001904 - Hammersmith and Fulham
2025-08-10 01:20:10,919 - INFO -   找到 80 张图片
2025-08-10 01:20:19,463 - INFO -   ✅ GVI = 12.23%
2025-08-10 01:20:19,469 - INFO - 
[34/400] E01001905
2025-08-10 01:20:19,469 - INFO - 处理 E01001905 - Hammersmith and Fulham
2025-08-10 01:20:22,749 - INFO -   找到 80 张图片
2025-08-10 01:20:33,464 - INFO -   ✅ GVI = 8.32%
2025-08-10 01:20:33,473 - INFO - 
[35/400] E01001906
2025-08-10 01:20:33,473 - INFO - 处理 E01001906 - Hammersmith and Fulham
2025-08-10 01:20:36,961 - INFO -   找到 80 张图片
2025-08-10 01:20:47,432 - INFO -   ✅ GVI = 9.21%
2025-08-10 01:20:47,439 - INFO - 
[36/400] E01001907
2025-08-10 01:20:47,439 - INFO - 处理 E01001907 - Hammersmith and Fulham
2025-08-10 01:20:54,241 - INFO -   找到 80 张图片
2025-08-10 01:21:05,355 - INFO -   ✅ GVI = 8.89%
2025-08-10 01:21:05,362 - INFO - 
[37/400] E01001908
2025-08-10 01:21:05,362 - INFO - 处理 E01001908 - Hammersmith and Fulham
2025-08-10 01:21:15,963 - INFO -   找到 36 张图片
2025-08-10 01:21:20,811 - INFO -   ✅ GVI = 4.93%
2025-08-10 01:21:20,819 - INFO - 
[38/400] E01001909
2025-08-10 01:21:20,819 - INFO - 处理 E01001909 - Hammersmith and Fulham
2025-08-10 01:21:29,155 - INFO -   找到 12 张图片
2025-08-10 01:21:29,161 - INFO - 
[39/400] E01001910
2025-08-10 01:21:29,161 - INFO - 处理 E01001910 - Hammersmith and Fulham
2025-08-10 01:21:34,844 - INFO -   找到 80 张图片
2025-08-10 01:21:46,142 - INFO -   ✅ GVI = 13.32%
2025-08-10 01:21:46,149 - INFO - 
[40/400] E01001912
2025-08-10 01:21:46,149 - INFO - 处理 E01001912 - Hammersmith and Fulham
2025-08-10 01:21:55,984 - INFO -   找到 12 张图片
2025-08-10 01:21:55,992 - INFO - 
--- 进度报告 ---
2025-08-10 01:21:55,992 - INFO - 已完成(GVI计算): 590
2025-08-10 01:21:55,992 - INFO - 数据不足(<30): 13
2025-08-10 01:21:55,992 - INFO - 无数据: 3
2025-08-10 01:21:55,992 - INFO - 总计: 606
2025-08-10 01:21:55,992 - INFO - 
[41/400] E01001913
2025-08-10 01:21:55,992 - INFO - 处理 E01001913 - Hammersmith and Fulham
2025-08-10 01:22:03,700 - INFO -   找到 37 张图片
2025-08-10 01:22:07,394 - INFO -   ✅ GVI = 4.80%
2025-08-10 01:22:07,401 - INFO - 
[42/400] E01001914
2025-08-10 01:22:07,401 - INFO - 处理 E01001914 - Hammersmith and Fulham
2025-08-10 01:22:12,969 - INFO -   找到 80 张图片
2025-08-10 01:22:23,951 - INFO -   ✅ GVI = 18.82%
2025-08-10 01:22:23,958 - INFO - 
[43/400] E01001915
2025-08-10 01:22:23,958 - INFO - 处理 E01001915 - Hammersmith and Fulham
2025-08-10 01:22:30,215 - INFO -   找到 80 张图片
2025-08-10 01:22:39,161 - INFO -   ✅ GVI = 9.49%
2025-08-10 01:22:39,166 - INFO - 
[44/400] E01001916
2025-08-10 01:22:39,167 - INFO - 处理 E01001916 - Hammersmith and Fulham
2025-08-10 01:22:42,021 - INFO -   找到 80 张图片
2025-08-10 01:22:52,410 - INFO -   ✅ GVI = 8.39%
2025-08-10 01:22:52,417 - INFO - 
[45/400] E01001917
2025-08-10 01:22:52,417 - INFO - 处理 E01001917 - Hammersmith and Fulham
2025-08-10 01:22:53,393 - INFO -   找到 80 张图片
2025-08-10 01:23:00,882 - INFO -   ✅ GVI = 14.17%
2025-08-10 01:23:00,888 - INFO - 
[46/400] E01001918
2025-08-10 01:23:00,888 - INFO - 处理 E01001918 - Hammersmith and Fulham
2025-08-10 01:23:01,875 - INFO -   找到 80 张图片
2025-08-10 01:23:09,427 - INFO -   ✅ GVI = 12.19%
2025-08-10 01:23:09,434 - INFO - 
[47/400] E01001919
2025-08-10 01:23:09,434 - INFO - 处理 E01001919 - Hammersmith and Fulham
2025-08-10 01:23:10,351 - INFO -   找到 80 张图片
2025-08-10 01:23:18,887 - INFO -   ✅ GVI = 6.50%
2025-08-10 01:23:18,894 - INFO - 
[48/400] E01001920
2025-08-10 01:23:18,894 - INFO - 处理 E01001920 - Hammersmith and Fulham
2025-08-10 01:23:21,513 - INFO -   找到 80 张图片
2025-08-10 01:23:34,143 - INFO -   ✅ GVI = 19.63%
2025-08-10 01:23:34,149 - INFO - 
[49/400] E01001921
2025-08-10 01:23:34,149 - INFO - 处理 E01001921 - Hammersmith and Fulham
2025-08-10 01:23:36,104 - INFO -   找到 80 张图片
2025-08-10 01:23:45,888 - INFO -   ✅ GVI = 7.81%
2025-08-10 01:23:45,894 - INFO - 
[50/400] E01001922
2025-08-10 01:23:45,894 - INFO - 处理 E01001922 - Hammersmith and Fulham
2025-08-10 01:23:49,192 - INFO -   找到 80 张图片
2025-08-10 01:24:03,350 - INFO -   ✅ GVI = 19.66%
2025-08-10 01:24:03,358 - INFO - 
--- 进度报告 ---
2025-08-10 01:24:03,358 - INFO - 已完成(GVI计算): 600
2025-08-10 01:24:03,358 - INFO - 数据不足(<30): 13
2025-08-10 01:24:03,358 - INFO - 无数据: 3
2025-08-10 01:24:03,358 - INFO - 总计: 616
2025-08-10 01:24:03,358 - INFO - 
批次 2：处理 51-100/400
2025-08-10 01:24:03,358 - INFO - 
[51/400] E01001923
2025-08-10 01:24:03,358 - INFO - 处理 E01001923 - Hammersmith and Fulham
2025-08-10 01:24:03,857 - INFO -   找到 80 张图片
2025-08-10 01:24:11,463 - INFO -   ✅ GVI = 14.71%
2025-08-10 01:24:11,470 - INFO - 
[52/400] E01001924
2025-08-10 01:24:11,470 - INFO - 处理 E01001924 - Hammersmith and Fulham
2025-08-10 01:24:12,710 - INFO -   找到 80 张图片
2025-08-10 01:24:20,757 - INFO -   ✅ GVI = 22.02%
2025-08-10 01:24:20,763 - INFO - 
[53/400] E01001925
2025-08-10 01:24:20,764 - INFO - 处理 E01001925 - Hammersmith and Fulham
2025-08-10 01:24:23,349 - INFO -   找到 80 张图片
2025-08-10 01:24:34,259 - INFO -   ✅ GVI = 20.94%
2025-08-10 01:24:34,266 - INFO - 
[54/400] E01001926
2025-08-10 01:24:34,266 - INFO - 处理 E01001926 - Hammersmith and Fulham
2025-08-10 01:24:37,115 - INFO -   找到 80 张图片
2025-08-10 01:24:44,887 - INFO -   ✅ GVI = 5.87%
2025-08-10 01:24:44,892 - INFO - 
[55/400] E01001927
2025-08-10 01:24:44,893 - INFO - 处理 E01001927 - Hammersmith and Fulham
2025-08-10 01:24:52,576 - INFO -   找到 80 张图片
2025-08-10 01:25:06,585 - INFO -   ✅ GVI = 23.58%
2025-08-10 01:25:06,591 - INFO - 
[56/400] E01001928
2025-08-10 01:25:06,591 - INFO - 处理 E01001928 - Hammersmith and Fulham
2025-08-10 01:25:12,663 - INFO -   找到 80 张图片
2025-08-10 01:25:23,048 - INFO -   ✅ GVI = 15.04%
2025-08-10 01:25:23,054 - INFO - 
[57/400] E01001929
2025-08-10 01:25:23,054 - INFO - 处理 E01001929 - Hammersmith and Fulham
2025-08-10 01:25:24,702 - INFO -   找到 80 张图片
2025-08-10 01:25:34,977 - INFO -   ✅ GVI = 8.54%
2025-08-10 01:25:34,983 - INFO - 
[58/400] E01001930
2025-08-10 01:25:34,983 - INFO - 处理 E01001930 - Hammersmith and Fulham
2025-08-10 01:25:38,751 - INFO -   找到 80 张图片
2025-08-10 01:25:48,330 - INFO -   ✅ GVI = 12.88%
2025-08-10 01:25:48,341 - INFO - 
[59/400] E01001931
2025-08-10 01:25:48,341 - INFO - 处理 E01001931 - Hammersmith and Fulham
2025-08-10 01:25:55,696 - INFO -   找到 80 张图片
2025-08-10 01:26:06,367 - INFO -   ✅ GVI = 7.69%
2025-08-10 01:26:06,373 - INFO - 
[60/400] E01001932
2025-08-10 01:26:06,373 - INFO - 处理 E01001932 - Hammersmith and Fulham
2025-08-10 01:26:12,800 - INFO -   找到 80 张图片
2025-08-10 01:26:24,920 - INFO -   ✅ GVI = 15.79%
2025-08-10 01:26:24,928 - INFO - 
--- 进度报告 ---
2025-08-10 01:26:24,928 - INFO - 已完成(GVI计算): 610
2025-08-10 01:26:24,928 - INFO - 数据不足(<30): 13
2025-08-10 01:26:24,928 - INFO - 无数据: 3
2025-08-10 01:26:24,928 - INFO - 总计: 626
2025-08-10 01:26:24,928 - INFO - 
[61/400] E01001933
2025-08-10 01:26:24,928 - INFO - 处理 E01001933 - Hammersmith and Fulham
2025-08-10 01:26:30,125 - INFO -   找到 80 张图片
2025-08-10 01:26:41,007 - INFO -   ✅ GVI = 17.21%
2025-08-10 01:26:41,013 - INFO - 
[62/400] E01001934
2025-08-10 01:26:41,013 - INFO - 处理 E01001934 - Hammersmith and Fulham
2025-08-10 01:26:43,283 - INFO -   找到 80 张图片
2025-08-10 01:26:55,425 - INFO -   ✅ GVI = 14.72%
2025-08-10 01:26:55,432 - INFO - 
[63/400] E01001935
2025-08-10 01:26:55,432 - INFO - 处理 E01001935 - Hammersmith and Fulham
2025-08-10 01:26:57,857 - INFO -   找到 80 张图片
2025-08-10 01:27:06,717 - INFO -   ✅ GVI = 21.41%
2025-08-10 01:27:06,725 - INFO - 
[64/400] E01001937
2025-08-10 01:27:06,725 - INFO - 处理 E01001937 - Hammersmith and Fulham
2025-08-10 01:27:08,703 - INFO -   找到 80 张图片
2025-08-10 01:27:16,990 - INFO -   ✅ GVI = 19.41%
2025-08-10 01:27:16,996 - INFO - 
[65/400] E01001938
2025-08-10 01:27:16,996 - INFO - 处理 E01001938 - Hammersmith and Fulham
2025-08-10 01:27:18,845 - INFO -   找到 80 张图片
2025-08-10 01:27:30,090 - INFO -   ✅ GVI = 12.16%
2025-08-10 01:27:30,096 - INFO - 
[66/400] E01001939
2025-08-10 01:27:30,096 - INFO - 处理 E01001939 - Hammersmith and Fulham
2025-08-10 01:27:33,555 - INFO -   找到 80 张图片
2025-08-10 01:27:45,352 - INFO -   ✅ GVI = 12.19%
2025-08-10 01:27:45,361 - INFO - 
[67/400] E01001940
2025-08-10 01:27:45,361 - INFO - 处理 E01001940 - Hammersmith and Fulham
2025-08-10 01:27:46,058 - INFO -   找到 80 张图片
2025-08-10 01:27:53,908 - INFO -   ✅ GVI = 9.50%
2025-08-10 01:27:53,914 - INFO - 
[68/400] E01001941
2025-08-10 01:27:53,914 - INFO - 处理 E01001941 - Hammersmith and Fulham
2025-08-10 01:28:02,784 - INFO -   找到 80 张图片
2025-08-10 01:28:15,539 - INFO -   ✅ GVI = 11.23%
2025-08-10 01:28:15,546 - INFO - 
[69/400] E01001942
2025-08-10 01:28:15,546 - INFO - 处理 E01001942 - Hammersmith and Fulham
2025-08-10 01:28:17,697 - INFO -   找到 80 张图片
2025-08-10 01:28:28,358 - INFO -   ✅ GVI = 6.03%
2025-08-10 01:28:28,365 - INFO - 
[70/400] E01001943
2025-08-10 01:28:28,365 - INFO - 处理 E01001943 - Hammersmith and Fulham
2025-08-10 01:28:35,521 - INFO -   找到 80 张图片
2025-08-10 01:28:48,931 - INFO -   ✅ GVI = 12.40%
2025-08-10 01:28:48,940 - INFO - 
--- 进度报告 ---
2025-08-10 01:28:48,940 - INFO - 已完成(GVI计算): 620
2025-08-10 01:28:48,940 - INFO - 数据不足(<30): 13
2025-08-10 01:28:48,940 - INFO - 无数据: 3
2025-08-10 01:28:48,941 - INFO - 总计: 636
2025-08-10 01:28:48,941 - INFO - 
[71/400] E01001944
2025-08-10 01:28:48,941 - INFO - 处理 E01001944 - Hammersmith and Fulham
2025-08-10 01:28:56,758 - INFO -   找到 80 张图片
2025-08-10 01:29:09,631 - INFO -   ✅ GVI = 5.22%
2025-08-10 01:29:09,640 - INFO - 
[72/400] E01001945
2025-08-10 01:29:09,640 - INFO - 处理 E01001945 - Hammersmith and Fulham
2025-08-10 01:29:16,262 - INFO -   找到 80 张图片
2025-08-10 01:29:26,404 - INFO -   ✅ GVI = 15.03%
2025-08-10 01:29:26,411 - INFO - 
[73/400] E01001946
2025-08-10 01:29:26,411 - INFO - 处理 E01001946 - Hammersmith and Fulham
2025-08-10 01:29:34,952 - INFO -   找到 80 张图片
2025-08-10 01:29:47,507 - INFO -   ✅ GVI = 17.75%
2025-08-10 01:29:47,514 - INFO - 
[74/400] E01001947
2025-08-10 01:29:47,514 - INFO - 处理 E01001947 - Hammersmith and Fulham
2025-08-10 01:29:54,942 - INFO -   找到 22 张图片
2025-08-10 01:29:54,948 - INFO - 
[75/400] E01001948
2025-08-10 01:29:54,948 - INFO - 处理 E01001948 - Hammersmith and Fulham
2025-08-10 01:30:03,544 - INFO -   找到 26 张图片
2025-08-10 01:30:03,550 - INFO - 
[76/400] E01001949
2025-08-10 01:30:03,550 - INFO - 处理 E01001949 - Hammersmith and Fulham
2025-08-10 01:30:08,558 - INFO -   找到 0 张图片
2025-08-10 01:30:08,565 - INFO - 
[77/400] E01001950
2025-08-10 01:30:08,565 - INFO - 处理 E01001950 - Hammersmith and Fulham
2025-08-10 01:30:17,362 - INFO -   找到 31 张图片
2025-08-10 01:30:21,107 - INFO -   ✅ GVI = 1.16%
2025-08-10 01:30:21,114 - INFO - 
[78/400] E01001951
2025-08-10 01:30:21,114 - INFO - 处理 E01001951 - Hammersmith and Fulham
2025-08-10 01:30:29,533 - INFO -   找到 40 张图片
2025-08-10 01:30:33,587 - INFO -   ✅ GVI = 4.60%
2025-08-10 01:30:33,594 - INFO - 
[79/400] E01001952
2025-08-10 01:30:33,595 - INFO - 处理 E01001952 - Hammersmith and Fulham
2025-08-10 01:30:36,956 - INFO -   找到 80 张图片
2025-08-10 01:30:45,620 - INFO -   ✅ GVI = 2.05%
2025-08-10 01:30:45,627 - INFO - 
[80/400] E01001953
2025-08-10 01:30:45,627 - INFO - 处理 E01001953 - Hammersmith and Fulham
2025-08-10 01:30:53,516 - INFO -   找到 26 张图片
2025-08-10 01:30:53,522 - INFO - 
--- 进度报告 ---
2025-08-10 01:30:53,522 - INFO - 已完成(GVI计算): 626
2025-08-10 01:30:53,522 - INFO - 数据不足(<30): 16
2025-08-10 01:30:53,522 - INFO - 无数据: 4
2025-08-10 01:30:53,522 - INFO - 总计: 646
2025-08-10 01:30:53,522 - INFO - 
[81/400] E01001954
2025-08-10 01:30:53,522 - INFO - 处理 E01001954 - Hammersmith and Fulham
2025-08-10 01:30:56,852 - INFO -   找到 80 张图片
2025-08-10 01:31:08,022 - INFO -   ✅ GVI = 10.42%
2025-08-10 01:31:08,029 - INFO - 
[82/400] E01001955
2025-08-10 01:31:08,029 - INFO - 处理 E01001955 - Hammersmith and Fulham
2025-08-10 01:31:15,103 - INFO -   找到 80 张图片
2025-08-10 01:31:26,317 - INFO -   ✅ GVI = 10.69%
2025-08-10 01:31:26,325 - INFO - 
[83/400] E01001956
2025-08-10 01:31:26,325 - INFO - 处理 E01001956 - Hammersmith and Fulham
2025-08-10 01:31:31,394 - INFO -   找到 80 张图片
2025-08-10 01:31:42,964 - INFO -   ✅ GVI = 17.06%
2025-08-10 01:31:42,972 - INFO - 
[84/400] E01001957
2025-08-10 01:31:42,972 - INFO - 处理 E01001957 - Hammersmith and Fulham
2025-08-10 01:31:49,502 - INFO -   找到 80 张图片
2025-08-10 01:32:02,753 - INFO -   ✅ GVI = 18.83%
2025-08-10 01:32:02,761 - INFO - 
[85/400] E01001960
2025-08-10 01:32:02,761 - INFO - 处理 E01001960 - Hammersmith and Fulham
2025-08-10 01:32:04,209 - INFO -   找到 80 张图片
2025-08-10 01:32:13,213 - INFO -   ✅ GVI = 9.07%
2025-08-10 01:32:13,220 - INFO - 
[86/400] E01032788
2025-08-10 01:32:13,220 - INFO - 处理 E01032788 - Hammersmith and Fulham
2025-08-10 01:32:14,844 - INFO -   找到 80 张图片
2025-08-10 01:32:24,115 - INFO -   ✅ GVI = 9.24%
2025-08-10 01:32:24,122 - INFO - 
[87/400] E01032789
2025-08-10 01:32:24,122 - INFO - 处理 E01032789 - Hammersmith and Fulham
2025-08-10 01:32:26,311 - INFO -   找到 80 张图片
2025-08-10 01:32:36,155 - INFO -   ✅ GVI = 18.89%
2025-08-10 01:32:36,163 - INFO - 
[88/400] E01032790
2025-08-10 01:32:36,163 - INFO - 处理 E01032790 - Hammersmith and Fulham
2025-08-10 01:32:38,674 - INFO -   找到 80 张图片
2025-08-10 01:32:46,528 - INFO -   ✅ GVI = 19.59%
2025-08-10 01:32:46,536 - INFO - 
[89/400] E01002694
2025-08-10 01:32:46,536 - INFO - 处理 E01002694 - Islington
2025-08-10 01:32:55,309 - INFO -   找到 80 张图片
2025-08-10 01:33:09,668 - INFO -   ✅ GVI = 26.65%
2025-08-10 01:33:09,675 - INFO - 
[90/400] E01002695
2025-08-10 01:33:09,676 - INFO - 处理 E01002695 - Islington
2025-08-10 01:33:15,392 - INFO -   找到 80 张图片
2025-08-10 01:33:28,314 - INFO -   ✅ GVI = 30.58%
2025-08-10 01:33:28,321 - INFO - 
--- 进度报告 ---
2025-08-10 01:33:28,321 - INFO - 已完成(GVI计算): 636
2025-08-10 01:33:28,321 - INFO - 数据不足(<30): 16
2025-08-10 01:33:28,321 - INFO - 无数据: 4
2025-08-10 01:33:28,322 - INFO - 总计: 656
2025-08-10 01:33:28,322 - INFO - 
[91/400] E01002696
2025-08-10 01:33:28,322 - INFO - 处理 E01002696 - Islington
2025-08-10 01:33:36,407 - INFO -   找到 80 张图片
2025-08-10 01:33:50,415 - INFO -   ✅ GVI = 18.80%
2025-08-10 01:33:50,422 - INFO - 
[92/400] E01002697
2025-08-10 01:33:50,423 - INFO - 处理 E01002697 - Islington
2025-08-10 01:33:55,905 - INFO -   找到 80 张图片
2025-08-10 01:34:10,273 - INFO -   ✅ GVI = 24.77%
2025-08-10 01:34:10,281 - INFO - 
[93/400] E01002698
2025-08-10 01:34:10,281 - INFO - 处理 E01002698 - Islington
2025-08-10 01:34:18,502 - INFO -   找到 80 张图片
2025-08-10 01:34:33,682 - INFO -   ✅ GVI = 16.30%
2025-08-10 01:34:33,692 - INFO - 
[94/400] E01002699
2025-08-10 01:34:33,692 - INFO - 处理 E01002699 - Islington
2025-08-10 01:34:39,620 - INFO -   找到 80 张图片
2025-08-10 01:34:55,143 - INFO -   ✅ GVI = 24.39%
2025-08-10 01:34:55,150 - INFO - 
[95/400] E01002700
2025-08-10 01:34:55,150 - INFO - 处理 E01002700 - Islington
2025-08-10 01:34:58,805 - INFO -   找到 80 张图片
2025-08-10 01:35:13,325 - INFO -   ✅ GVI = 21.99%
2025-08-10 01:35:13,331 - INFO - 
[96/400] E01002702
2025-08-10 01:35:13,332 - INFO - 处理 E01002702 - Islington
2025-08-10 01:35:18,193 - INFO -   找到 80 张图片
2025-08-10 01:35:29,126 - INFO -   ✅ GVI = 9.78%
2025-08-10 01:35:29,134 - INFO - 
[97/400] E01002703
2025-08-10 01:35:29,135 - INFO - 处理 E01002703 - Islington
2025-08-10 01:35:35,549 - INFO -   找到 80 张图片
2025-08-10 01:35:46,114 - INFO -   ✅ GVI = 28.57%
2025-08-10 01:35:46,122 - INFO - 
[98/400] E01002704
2025-08-10 01:35:46,122 - INFO - 处理 E01002704 - Islington
2025-08-10 01:35:54,653 - INFO -   找到 80 张图片
2025-08-10 01:36:07,213 - INFO -   ✅ GVI = 5.63%
2025-08-10 01:36:07,219 - INFO - 
[99/400] E01002708
2025-08-10 01:36:07,220 - INFO - 处理 E01002708 - Islington
2025-08-10 01:36:14,366 - INFO -   找到 80 张图片
2025-08-10 01:36:28,249 - INFO -   ✅ GVI = 6.91%
2025-08-10 01:36:28,257 - INFO - 
[100/400] E01002709
2025-08-10 01:36:28,257 - INFO - 处理 E01002709 - Islington
2025-08-10 01:36:36,605 - INFO -   找到 80 张图片
2025-08-10 01:36:51,545 - INFO -   ✅ GVI = 13.77%
2025-08-10 01:36:51,553 - INFO - 
--- 进度报告 ---
2025-08-10 01:36:51,555 - INFO - 已完成(GVI计算): 646
2025-08-10 01:36:51,555 - INFO - 数据不足(<30): 16
2025-08-10 01:36:51,555 - INFO - 无数据: 4
2025-08-10 01:36:51,555 - INFO - 总计: 666
2025-08-10 01:36:51,555 - INFO - 
批次 3：处理 101-150/400
2025-08-10 01:36:51,556 - INFO - 
[101/400] E01002710
2025-08-10 01:36:51,556 - INFO - 处理 E01002710 - Islington
2025-08-10 01:36:58,848 - INFO -   找到 80 张图片
2025-08-10 01:37:13,088 - INFO -   ✅ GVI = 18.13%
2025-08-10 01:37:13,097 - INFO - 
[102/400] E01002711
2025-08-10 01:37:13,097 - INFO - 处理 E01002711 - Islington
2025-08-10 01:37:21,055 - INFO -   找到 80 张图片
2025-08-10 01:37:34,964 - INFO -   ✅ GVI = 10.06%
2025-08-10 01:37:34,971 - INFO - 
[103/400] E01002712
2025-08-10 01:37:34,972 - INFO - 处理 E01002712 - Islington
2025-08-10 01:37:41,925 - INFO -   找到 80 张图片
2025-08-10 01:37:56,194 - INFO -   ✅ GVI = 14.09%
2025-08-10 01:37:56,202 - INFO - 
[104/400] E01002713
2025-08-10 01:37:56,202 - INFO - 处理 E01002713 - Islington
2025-08-10 01:38:03,288 - INFO -   找到 80 张图片
2025-08-10 01:38:17,262 - INFO -   ✅ GVI = 9.51%
2025-08-10 01:38:17,270 - INFO - 
[105/400] E01002714
2025-08-10 01:38:17,270 - INFO - 处理 E01002714 - Islington
2025-08-10 01:38:23,145 - INFO -   找到 80 张图片
2025-08-10 01:38:37,418 - INFO -   ✅ GVI = 15.27%
2025-08-10 01:38:37,426 - INFO - 
[106/400] E01002715
2025-08-10 01:38:37,426 - INFO - 处理 E01002715 - Islington
2025-08-10 01:38:41,653 - INFO -   找到 80 张图片
2025-08-10 01:38:54,650 - INFO -   ✅ GVI = 11.69%
2025-08-10 01:38:54,657 - INFO - 
[107/400] E01002716
2025-08-10 01:38:54,657 - INFO - 处理 E01002716 - Islington
2025-08-10 01:39:02,882 - INFO -   找到 80 张图片
2025-08-10 01:39:16,595 - INFO -   ✅ GVI = 16.39%
2025-08-10 01:39:16,602 - INFO - 
[108/400] E01002717
2025-08-10 01:39:16,602 - INFO - 处理 E01002717 - Islington
2025-08-10 01:39:22,435 - INFO -   找到 80 张图片
2025-08-10 01:39:36,815 - INFO -   ✅ GVI = 18.17%
2025-08-10 01:39:36,824 - INFO - 
[109/400] E01002718
2025-08-10 01:39:36,824 - INFO - 处理 E01002718 - Islington
2025-08-10 01:39:41,722 - INFO -   找到 80 张图片
2025-08-10 01:39:54,072 - INFO -   ✅ GVI = 6.08%
2025-08-10 01:39:54,079 - INFO - 
[110/400] E01002719
2025-08-10 01:39:54,080 - INFO - 处理 E01002719 - Islington
2025-08-10 01:40:08,748 - INFO -   找到 80 张图片
2025-08-10 01:40:23,175 - INFO -   ✅ GVI = 24.82%
2025-08-10 01:40:23,182 - INFO - 
--- 进度报告 ---
2025-08-10 01:40:23,182 - INFO - 已完成(GVI计算): 656
2025-08-10 01:40:23,182 - INFO - 数据不足(<30): 16
2025-08-10 01:40:23,182 - INFO - 无数据: 4
2025-08-10 01:40:23,182 - INFO - 总计: 676
2025-08-10 01:40:23,184 - INFO - 
[111/400] E01002720
2025-08-10 01:40:23,184 - INFO - 处理 E01002720 - Islington
2025-08-10 01:40:28,791 - INFO -   找到 80 张图片
2025-08-10 01:40:42,377 - INFO -   ✅ GVI = 23.52%
2025-08-10 01:40:42,383 - INFO - 
[112/400] E01002721
2025-08-10 01:40:42,383 - INFO - 处理 E01002721 - Islington
2025-08-10 01:40:45,544 - INFO -   找到 80 张图片
2025-08-10 01:40:55,764 - INFO -   ✅ GVI = 1.85%
2025-08-10 01:40:55,771 - INFO - 
[113/400] E01002722
2025-08-10 01:40:55,771 - INFO - 处理 E01002722 - Islington
2025-08-10 01:41:00,923 - INFO -   找到 80 张图片
2025-08-10 01:41:13,715 - INFO -   ✅ GVI = 34.63%
2025-08-10 01:41:13,722 - INFO - 
[114/400] E01002724
2025-08-10 01:41:13,722 - INFO - 处理 E01002724 - Islington
2025-08-10 01:41:24,577 - INFO -   找到 80 张图片
2025-08-10 01:41:37,748 - INFO -   ✅ GVI = 7.60%
2025-08-10 01:41:37,755 - INFO - 
[115/400] E01002726
2025-08-10 01:41:37,755 - INFO - 处理 E01002726 - Islington
2025-08-10 01:41:42,883 - INFO -   找到 80 张图片
2025-08-10 01:41:54,785 - INFO -   ✅ GVI = 4.85%
2025-08-10 01:41:54,791 - INFO - 
[116/400] E01002729
2025-08-10 01:41:54,792 - INFO - 处理 E01002729 - Islington
2025-08-10 01:42:01,924 - INFO -   找到 80 张图片
2025-08-10 01:42:13,497 - INFO -   ✅ GVI = 12.49%
2025-08-10 01:42:13,503 - INFO - 
[117/400] E01002731
2025-08-10 01:42:13,503 - INFO - 处理 E01002731 - Islington
2025-08-10 01:42:23,190 - INFO -   找到 80 张图片
2025-08-10 01:42:35,800 - INFO -   ✅ GVI = 7.52%
2025-08-10 01:42:35,808 - INFO - 
[118/400] E01002732
2025-08-10 01:42:35,808 - INFO - 处理 E01002732 - Islington
2025-08-10 01:42:43,493 - INFO -   找到 80 张图片
2025-08-10 01:42:57,079 - INFO -   ✅ GVI = 14.93%
2025-08-10 01:42:57,085 - INFO - 
[119/400] E01002733
2025-08-10 01:42:57,085 - INFO - 处理 E01002733 - Islington
2025-08-10 01:43:11,462 - INFO -   找到 80 张图片
2025-08-10 01:43:27,179 - INFO -   ✅ GVI = 10.57%
2025-08-10 01:43:27,186 - INFO - 
[120/400] E01002734
2025-08-10 01:43:27,186 - INFO - 处理 E01002734 - Islington
2025-08-10 01:43:34,516 - INFO -   找到 80 张图片
2025-08-10 01:43:47,322 - INFO -   ✅ GVI = 6.15%
2025-08-10 01:43:47,330 - INFO - 
--- 进度报告 ---
2025-08-10 01:43:47,330 - INFO - 已完成(GVI计算): 666
2025-08-10 01:43:47,330 - INFO - 数据不足(<30): 16
2025-08-10 01:43:47,330 - INFO - 无数据: 4
2025-08-10 01:43:47,330 - INFO - 总计: 686
2025-08-10 01:43:47,330 - INFO - 
[121/400] E01002736
2025-08-10 01:43:47,330 - INFO - 处理 E01002736 - Islington
2025-08-10 01:43:51,430 - INFO -   找到 80 张图片
2025-08-10 01:44:05,294 - INFO -   ✅ GVI = 7.64%
2025-08-10 01:44:05,301 - INFO - 
[122/400] E01002737
2025-08-10 01:44:05,301 - INFO - 处理 E01002737 - Islington
2025-08-10 01:44:07,881 - INFO -   找到 80 张图片
2025-08-10 01:44:19,838 - INFO -   ✅ GVI = 17.18%
2025-08-10 01:44:19,845 - INFO - 
[123/400] E01002739
2025-08-10 01:44:19,845 - INFO - 处理 E01002739 - Islington
2025-08-10 01:44:28,158 - INFO -   找到 80 张图片
2025-08-10 01:44:42,420 - INFO -   ✅ GVI = 11.31%
2025-08-10 01:44:42,428 - INFO - 
[124/400] E01002740
2025-08-10 01:44:42,429 - INFO - 处理 E01002740 - Islington
2025-08-10 01:44:52,458 - INFO -   找到 80 张图片
2025-08-10 01:45:05,825 - INFO -   ✅ GVI = 15.17%
2025-08-10 01:45:05,832 - INFO - 
[125/400] E01002741
2025-08-10 01:45:05,832 - INFO - 处理 E01002741 - Islington
2025-08-10 01:45:07,223 - INFO -   找到 80 张图片
2025-08-10 01:45:18,229 - INFO -   ✅ GVI = 44.80%
2025-08-10 01:45:18,238 - INFO - 
[126/400] E01002743
2025-08-10 01:45:18,238 - INFO - 处理 E01002743 - Islington
2025-08-10 01:45:19,855 - INFO -   找到 80 张图片
2025-08-10 01:45:27,339 - INFO -   ✅ GVI = 25.71%
2025-08-10 01:45:27,345 - INFO - 
[127/400] E01002744
2025-08-10 01:45:27,345 - INFO - 处理 E01002744 - Islington
2025-08-10 01:45:28,791 - INFO -   找到 80 张图片
2025-08-10 01:45:36,260 - INFO -   ✅ GVI = 17.55%
2025-08-10 01:45:36,266 - INFO - 
[128/400] E01002745
2025-08-10 01:45:36,267 - INFO - 处理 E01002745 - Islington
2025-08-10 01:45:45,200 - INFO -   找到 80 张图片
2025-08-10 01:45:58,199 - INFO -   ✅ GVI = 12.95%
2025-08-10 01:45:58,205 - INFO - 
[129/400] E01002748
2025-08-10 01:45:58,205 - INFO - 处理 E01002748 - Islington
2025-08-10 01:46:02,567 - INFO -   找到 80 张图片
2025-08-10 01:46:15,759 - INFO -   ✅ GVI = 11.29%
2025-08-10 01:46:15,765 - INFO - 
[130/400] E01002751
2025-08-10 01:46:15,765 - INFO - 处理 E01002751 - Islington
2025-08-10 01:46:20,634 - INFO -   找到 80 张图片
2025-08-10 01:46:32,874 - INFO -   ✅ GVI = 22.92%
2025-08-10 01:46:32,882 - INFO - 
--- 进度报告 ---
2025-08-10 01:46:32,882 - INFO - 已完成(GVI计算): 676
2025-08-10 01:46:32,882 - INFO - 数据不足(<30): 16
2025-08-10 01:46:32,882 - INFO - 无数据: 4
2025-08-10 01:46:32,882 - INFO - 总计: 696
2025-08-10 01:46:32,882 - INFO - 
[131/400] E01002753
2025-08-10 01:46:32,882 - INFO - 处理 E01002753 - Islington
2025-08-10 01:46:40,393 - INFO -   找到 80 张图片
2025-08-10 01:46:54,118 - INFO -   ✅ GVI = 11.46%
2025-08-10 01:46:54,125 - INFO - 
[132/400] E01002754
2025-08-10 01:46:54,125 - INFO - 处理 E01002754 - Islington
2025-08-10 01:47:03,054 - INFO -   找到 80 张图片
2025-08-10 01:47:17,111 - INFO -   ✅ GVI = 20.42%
2025-08-10 01:47:17,118 - INFO - 
[133/400] E01002755
2025-08-10 01:47:17,118 - INFO - 处理 E01002755 - Islington
2025-08-10 01:47:27,315 - INFO -   找到 80 张图片
2025-08-10 01:47:38,529 - INFO -   ✅ GVI = 37.30%
2025-08-10 01:47:38,536 - INFO - 
[134/400] E01002757
2025-08-10 01:47:38,537 - INFO - 处理 E01002757 - Islington
2025-08-10 01:47:44,506 - INFO -   找到 80 张图片
2025-08-10 01:47:56,297 - INFO -   ✅ GVI = 31.15%
2025-08-10 01:47:56,304 - INFO - 
[135/400] E01002758
2025-08-10 01:47:56,304 - INFO - 处理 E01002758 - Islington
2025-08-10 01:48:01,967 - INFO -   找到 80 张图片
2025-08-10 01:48:12,440 - INFO -   ✅ GVI = 22.26%
2025-08-10 01:48:12,447 - INFO - 
[136/400] E01002759
2025-08-10 01:48:12,447 - INFO - 处理 E01002759 - Islington
2025-08-10 01:48:13,612 - INFO -   找到 80 张图片
2025-08-10 01:48:26,165 - INFO -   ✅ GVI = 12.15%
2025-08-10 01:48:26,172 - INFO - 
[137/400] E01002760
2025-08-10 01:48:26,172 - INFO - 处理 E01002760 - Islington
2025-08-10 01:48:27,419 - INFO -   找到 80 张图片
2025-08-10 01:48:36,953 - INFO -   ✅ GVI = 19.36%
2025-08-10 01:48:36,959 - INFO - 
[138/400] E01002764
2025-08-10 01:48:36,960 - INFO - 处理 E01002764 - Islington
2025-08-10 01:48:46,417 - INFO -   找到 80 张图片
2025-08-10 01:49:00,680 - INFO -   ✅ GVI = 23.03%
2025-08-10 01:49:00,686 - INFO - 
[139/400] E01002765
2025-08-10 01:49:00,687 - INFO - 处理 E01002765 - Islington
2025-08-10 01:49:05,860 - INFO -   找到 80 张图片
2025-08-10 01:49:17,323 - INFO -   ✅ GVI = 12.11%
2025-08-10 01:49:17,329 - INFO - 
[140/400] E01002766
2025-08-10 01:49:17,329 - INFO - 处理 E01002766 - Islington
2025-08-10 01:49:24,289 - INFO -   找到 80 张图片
2025-08-10 01:49:38,397 - INFO -   ✅ GVI = 12.03%
2025-08-10 01:49:38,407 - INFO - 
--- 进度报告 ---
2025-08-10 01:49:38,408 - INFO - 已完成(GVI计算): 686
2025-08-10 01:49:38,408 - INFO - 数据不足(<30): 16
2025-08-10 01:49:38,408 - INFO - 无数据: 4
2025-08-10 01:49:38,408 - INFO - 总计: 706
2025-08-10 01:49:38,408 - INFO - 
[141/400] E01002767
2025-08-10 01:49:38,408 - INFO - 处理 E01002767 - Islington
2025-08-10 01:49:47,629 - INFO -   找到 80 张图片
2025-08-10 01:49:59,827 - INFO -   ✅ GVI = 17.93%
2025-08-10 01:49:59,834 - INFO - 
[142/400] E01002768
2025-08-10 01:49:59,835 - INFO - 处理 E01002768 - Islington
2025-08-10 01:50:09,666 - INFO -   找到 80 张图片
2025-08-10 01:50:22,667 - INFO -   ✅ GVI = 16.01%
2025-08-10 01:50:22,675 - INFO - 
[143/400] E01002770
2025-08-10 01:50:22,675 - INFO - 处理 E01002770 - Islington
2025-08-10 01:50:30,717 - INFO -   找到 80 张图片
2025-08-10 01:50:42,780 - INFO -   ✅ GVI = 15.56%
2025-08-10 01:50:42,788 - INFO - 
[144/400] E01002771
2025-08-10 01:50:42,788 - INFO - 处理 E01002771 - Islington
2025-08-10 01:50:51,476 - INFO -   找到 80 张图片
2025-08-10 01:51:04,227 - INFO -   ✅ GVI = 13.27%
2025-08-10 01:51:04,233 - INFO - 
[145/400] E01002772
2025-08-10 01:51:04,233 - INFO - 处理 E01002772 - Islington
2025-08-10 01:51:11,098 - INFO -   找到 80 张图片
2025-08-10 01:51:23,946 - INFO -   ✅ GVI = 11.30%
2025-08-10 01:51:23,953 - INFO - 
[146/400] E01002773
2025-08-10 01:51:23,953 - INFO - 处理 E01002773 - Islington
2025-08-10 01:51:30,890 - INFO -   找到 80 张图片
2025-08-10 01:51:43,541 - INFO -   ✅ GVI = 17.82%
2025-08-10 01:51:43,552 - INFO - 
[147/400] E01002774
2025-08-10 01:51:43,552 - INFO - 处理 E01002774 - Islington
2025-08-10 01:51:56,484 - INFO -   找到 80 张图片
2025-08-10 01:52:08,554 - INFO -   ✅ GVI = 11.67%
2025-08-10 01:52:08,563 - INFO - 
[148/400] E01002775
2025-08-10 01:52:08,563 - INFO - 处理 E01002775 - Islington
2025-08-10 01:52:21,530 - INFO -   找到 80 张图片
2025-08-10 01:52:34,116 - INFO -   ✅ GVI = 21.27%
2025-08-10 01:52:34,121 - INFO - 
[149/400] E01002776
2025-08-10 01:52:34,121 - INFO - 处理 E01002776 - Islington
2025-08-10 01:52:39,646 - INFO -   找到 80 张图片
2025-08-10 01:52:51,917 - INFO -   ✅ GVI = 11.57%
2025-08-10 01:52:51,924 - INFO - 
[150/400] E01002777
2025-08-10 01:52:51,924 - INFO - 处理 E01002777 - Islington
2025-08-10 01:52:54,424 - INFO -   找到 80 张图片
2025-08-10 01:53:07,575 - INFO -   ✅ GVI = 4.38%
2025-08-10 01:53:07,586 - INFO - 
--- 进度报告 ---
2025-08-10 01:53:07,586 - INFO - 已完成(GVI计算): 696
2025-08-10 01:53:07,586 - INFO - 数据不足(<30): 16
2025-08-10 01:53:07,586 - INFO - 无数据: 4
2025-08-10 01:53:07,586 - INFO - 总计: 716
2025-08-10 01:53:07,587 - INFO - 
批次 4：处理 151-200/400
2025-08-10 01:53:07,587 - INFO - 
[151/400] E01002778
2025-08-10 01:53:07,587 - INFO - 处理 E01002778 - Islington
2025-08-10 01:53:11,438 - INFO -   找到 80 张图片
2025-08-10 01:53:22,536 - INFO -   ✅ GVI = 5.90%
2025-08-10 01:53:22,546 - INFO - 
[152/400] E01002780
2025-08-10 01:53:22,546 - INFO - 处理 E01002780 - Islington
2025-08-10 01:53:24,772 - INFO -   找到 80 张图片
2025-08-10 01:53:34,312 - INFO -   ✅ GVI = 6.67%
2025-08-10 01:53:34,320 - INFO - 
[153/400] E01002781
2025-08-10 01:53:34,320 - INFO - 处理 E01002781 - Islington
2025-08-10 01:53:35,528 - INFO -   找到 80 张图片
2025-08-10 01:53:47,697 - INFO -   ✅ GVI = 12.89%
2025-08-10 01:53:47,704 - INFO - 
[154/400] E01002782
2025-08-10 01:53:47,704 - INFO - 处理 E01002782 - Islington
2025-08-10 01:53:48,946 - INFO -   找到 80 张图片
2025-08-10 01:53:58,206 - INFO -   ✅ GVI = 17.86%
2025-08-10 01:53:58,214 - INFO - 
[155/400] E01002783
2025-08-10 01:53:58,214 - INFO - 处理 E01002783 - Islington
2025-08-10 01:54:03,763 - INFO -   找到 80 张图片
2025-08-10 01:54:18,298 - INFO -   ✅ GVI = 17.25%
2025-08-10 01:54:18,305 - INFO - 
[156/400] E01002784
2025-08-10 01:54:18,306 - INFO - 处理 E01002784 - Islington
2025-08-10 01:54:23,329 - INFO -   找到 80 张图片
2025-08-10 01:54:36,874 - INFO -   ✅ GVI = 22.04%
2025-08-10 01:54:36,881 - INFO - 
[157/400] E01002785
2025-08-10 01:54:36,882 - INFO - 处理 E01002785 - Islington
2025-08-10 01:55:07,014 - ERROR - Mapillary API错误：HTTPSConnectionPool(host='graph.mapillary.com', port=443): Read timed out. (read timeout=30)
2025-08-10 01:55:10,972 - INFO -   找到 80 张图片
2025-08-10 01:55:24,319 - INFO -   ✅ GVI = 12.57%
2025-08-10 01:55:24,328 - INFO - 
[158/400] E01002786
2025-08-10 01:55:24,328 - INFO - 处理 E01002786 - Islington
2025-08-10 01:55:31,117 - INFO -   找到 80 张图片
2025-08-10 01:55:44,434 - INFO -   ✅ GVI = 11.29%
2025-08-10 01:55:44,442 - INFO - 
[159/400] E01002787
2025-08-10 01:55:44,442 - INFO - 处理 E01002787 - Islington
2025-08-10 01:55:51,736 - INFO -   找到 80 张图片
2025-08-10 01:56:04,744 - INFO -   ✅ GVI = 26.33%
2025-08-10 01:56:04,751 - INFO - 
[160/400] E01002788
2025-08-10 01:56:04,751 - INFO - 处理 E01002788 - Islington
2025-08-10 01:56:12,671 - INFO -   找到 80 张图片
2025-08-10 01:56:27,387 - INFO -   ✅ GVI = 15.28%
2025-08-10 01:56:27,396 - INFO - 
--- 进度报告 ---
2025-08-10 01:56:27,396 - INFO - 已完成(GVI计算): 706
2025-08-10 01:56:27,396 - INFO - 数据不足(<30): 16
2025-08-10 01:56:27,396 - INFO - 无数据: 4
2025-08-10 01:56:27,396 - INFO - 总计: 726
2025-08-10 01:56:27,396 - INFO - 
[161/400] E01002790
2025-08-10 01:56:27,397 - INFO - 处理 E01002790 - Islington
2025-08-10 01:56:31,245 - INFO -   找到 80 张图片
2025-08-10 01:56:44,752 - INFO -   ✅ GVI = 18.49%
2025-08-10 01:56:44,761 - INFO - 
[162/400] E01002791
2025-08-10 01:56:44,762 - INFO - 处理 E01002791 - Islington
2025-08-10 01:56:50,353 - INFO -   找到 80 张图片
2025-08-10 01:57:02,701 - INFO -   ✅ GVI = 19.40%
2025-08-10 01:57:02,709 - INFO - 
[163/400] E01002792
2025-08-10 01:57:02,709 - INFO - 处理 E01002792 - Islington
2025-08-10 01:57:04,622 - INFO -   找到 80 张图片
2025-08-10 01:57:15,992 - INFO -   ✅ GVI = 9.53%
2025-08-10 01:57:16,001 - INFO - 
[164/400] E01002793
2025-08-10 01:57:16,001 - INFO - 处理 E01002793 - Islington
2025-08-10 01:57:23,475 - INFO -   找到 80 张图片
2025-08-10 01:57:37,334 - INFO -   ✅ GVI = 8.83%
2025-08-10 01:57:37,343 - INFO - 
[165/400] E01002794
2025-08-10 01:57:37,343 - INFO - 处理 E01002794 - Islington
2025-08-10 01:57:44,632 - INFO -   找到 80 张图片
2025-08-10 01:57:58,361 - INFO -   ✅ GVI = 11.19%
2025-08-10 01:57:58,367 - INFO - 
[166/400] E01002795
2025-08-10 01:57:58,367 - INFO - 处理 E01002795 - Islington
2025-08-10 01:58:03,096 - INFO -   找到 80 张图片
2025-08-10 01:58:17,507 - INFO -   ✅ GVI = 14.46%
2025-08-10 01:58:17,513 - INFO - 
[167/400] E01002796
2025-08-10 01:58:17,514 - INFO - 处理 E01002796 - Islington
2025-08-10 01:58:22,985 - INFO -   找到 80 张图片
2025-08-10 01:58:37,528 - INFO -   ✅ GVI = 16.60%
2025-08-10 01:58:37,536 - INFO - 
[168/400] E01002797
2025-08-10 01:58:37,536 - INFO - 处理 E01002797 - Islington
2025-08-10 01:58:40,851 - INFO -   找到 80 张图片
2025-08-10 01:58:52,799 - INFO -   ✅ GVI = 14.85%
2025-08-10 01:58:52,805 - INFO - 
[169/400] E01002798
2025-08-10 01:58:52,805 - INFO - 处理 E01002798 - Islington
2025-08-10 01:58:57,333 - INFO -   找到 80 张图片
2025-08-10 01:59:08,109 - INFO -   ✅ GVI = 7.88%
2025-08-10 01:59:08,116 - INFO - 
[170/400] E01002799
2025-08-10 01:59:08,117 - INFO - 处理 E01002799 - Islington
2025-08-10 01:59:11,992 - INFO -   找到 80 张图片
2025-08-10 01:59:24,142 - INFO -   ✅ GVI = 6.00%
2025-08-10 01:59:24,153 - INFO - 
--- 进度报告 ---
2025-08-10 01:59:24,154 - INFO - 已完成(GVI计算): 716
2025-08-10 01:59:24,154 - INFO - 数据不足(<30): 16
2025-08-10 01:59:24,154 - INFO - 无数据: 4
2025-08-10 01:59:24,154 - INFO - 总计: 736
2025-08-10 01:59:24,154 - INFO - 
[171/400] E01002800
2025-08-10 01:59:24,154 - INFO - 处理 E01002800 - Islington
2025-08-10 01:59:30,263 - INFO -   找到 80 张图片
2025-08-10 01:59:42,927 - INFO -   ✅ GVI = 4.43%
2025-08-10 01:59:42,935 - INFO - 
[172/400] E01002801
2025-08-10 01:59:42,935 - INFO - 处理 E01002801 - Islington
2025-08-10 01:59:48,574 - INFO -   找到 80 张图片
2025-08-10 02:00:01,098 - INFO -   ✅ GVI = 9.91%
2025-08-10 02:00:01,106 - INFO - 
[173/400] E01002802
2025-08-10 02:00:01,106 - INFO - 处理 E01002802 - Islington
2025-08-10 02:00:11,369 - INFO -   找到 80 张图片
2025-08-10 02:00:24,523 - INFO -   ✅ GVI = 11.40%
2025-08-10 02:00:24,530 - INFO - 
[174/400] E01002803
2025-08-10 02:00:24,530 - INFO - 处理 E01002803 - Islington
2025-08-10 02:00:28,160 - INFO -   找到 80 张图片
2025-08-10 02:00:40,159 - INFO -   ✅ GVI = 10.18%
2025-08-10 02:00:40,166 - INFO - 
[175/400] E01002804
2025-08-10 02:00:40,166 - INFO - 处理 E01002804 - Islington
2025-08-10 02:00:42,766 - INFO -   找到 80 张图片
2025-08-10 02:00:56,080 - INFO -   ✅ GVI = 11.40%
2025-08-10 02:00:56,087 - INFO - 
[176/400] E01002805
2025-08-10 02:00:56,087 - INFO - 处理 E01002805 - Islington
2025-08-10 02:01:04,753 - INFO -   找到 80 张图片
2025-08-10 02:01:16,341 - INFO -   ✅ GVI = 11.43%
2025-08-10 02:01:16,349 - INFO - 
[177/400] E01002806
2025-08-10 02:01:16,349 - INFO - 处理 E01002806 - Islington
2025-08-10 02:01:17,011 - INFO -   找到 80 张图片
2025-08-10 02:01:28,603 - INFO -   ✅ GVI = 17.04%
2025-08-10 02:01:28,610 - INFO - 
[178/400] E01002807
2025-08-10 02:01:28,610 - INFO - 处理 E01002807 - Islington
2025-08-10 02:01:35,398 - INFO -   找到 80 张图片
2025-08-10 02:01:50,729 - INFO -   ✅ GVI = 28.92%
2025-08-10 02:01:50,738 - INFO - 
[179/400] E01002808
2025-08-10 02:01:50,738 - INFO - 处理 E01002808 - Islington
2025-08-10 02:01:53,331 - INFO -   找到 80 张图片
2025-08-10 02:02:04,729 - INFO -   ✅ GVI = 12.21%
2025-08-10 02:02:04,738 - INFO - 
[180/400] E01002809
2025-08-10 02:02:04,738 - INFO - 处理 E01002809 - Islington
2025-08-10 02:02:07,492 - INFO -   找到 80 张图片
2025-08-10 02:02:20,900 - INFO -   ✅ GVI = 25.02%
2025-08-10 02:02:20,911 - INFO - 
--- 进度报告 ---
2025-08-10 02:02:20,911 - INFO - 已完成(GVI计算): 726
2025-08-10 02:02:20,911 - INFO - 数据不足(<30): 16
2025-08-10 02:02:20,911 - INFO - 无数据: 4
2025-08-10 02:02:20,911 - INFO - 总计: 746
2025-08-10 02:02:20,911 - INFO - 
[181/400] E01002810
2025-08-10 02:02:20,912 - INFO - 处理 E01002810 - Islington
2025-08-10 02:02:24,332 - INFO -   找到 80 张图片
2025-08-10 02:02:36,075 - INFO -   ✅ GVI = 13.43%
2025-08-10 02:02:36,086 - INFO - 
[182/400] E01002811
2025-08-10 02:02:36,086 - INFO - 处理 E01002811 - Islington
2025-08-10 02:02:38,922 - INFO -   找到 80 张图片
2025-08-10 02:02:49,431 - INFO -   ✅ GVI = 44.06%
2025-08-10 02:02:49,439 - INFO - 
[183/400] E01033486
2025-08-10 02:02:49,439 - INFO - 处理 E01033486 - Islington
2025-08-10 02:02:54,368 - INFO -   找到 80 张图片
2025-08-10 02:03:07,980 - INFO -   ✅ GVI = 7.90%
2025-08-10 02:03:07,987 - INFO - 
[184/400] E01033487
2025-08-10 02:03:07,987 - INFO - 处理 E01033487 - Islington
2025-08-10 02:03:16,074 - INFO -   找到 12 张图片
2025-08-10 02:03:16,083 - INFO - 
[185/400] E01033488
2025-08-10 02:03:16,083 - INFO - 处理 E01033488 - Islington
2025-08-10 02:03:22,842 - INFO -   找到 80 张图片
2025-08-10 02:03:35,546 - INFO -   ✅ GVI = 7.97%
2025-08-10 02:03:35,555 - INFO - 
[186/400] E01033489
2025-08-10 02:03:35,555 - INFO - 处理 E01033489 - Islington
2025-08-10 02:03:44,147 - INFO -   找到 80 张图片
2025-08-10 02:03:57,472 - INFO -   ✅ GVI = 17.04%
2025-08-10 02:03:57,479 - INFO - 
[187/400] E01033490
2025-08-10 02:03:57,479 - INFO - 处理 E01033490 - Islington
2025-08-10 02:04:04,184 - INFO -   找到 80 张图片
2025-08-10 02:04:17,920 - INFO -   ✅ GVI = 11.27%
2025-08-10 02:04:17,929 - INFO - 
[188/400] E01033491
2025-08-10 02:04:17,929 - INFO - 处理 E01033491 - Islington
2025-08-10 02:04:20,438 - INFO -   找到 80 张图片
2025-08-10 02:04:32,783 - INFO -   ✅ GVI = 8.47%
2025-08-10 02:04:32,791 - INFO - 
[189/400] E01033492
2025-08-10 02:04:32,791 - INFO - 处理 E01033492 - Islington
2025-08-10 02:04:37,855 - INFO -   找到 80 张图片
2025-08-10 02:04:50,822 - INFO -   ✅ GVI = 14.36%
2025-08-10 02:04:50,831 - INFO - 
[190/400] E01033493
2025-08-10 02:04:50,831 - INFO - 处理 E01033493 - Islington
2025-08-10 02:04:55,819 - INFO -   找到 80 张图片
2025-08-10 02:05:10,004 - INFO -   ✅ GVI = 8.89%
2025-08-10 02:05:10,016 - INFO - 
--- 进度报告 ---
2025-08-10 02:05:10,016 - INFO - 已完成(GVI计算): 735
2025-08-10 02:05:10,016 - INFO - 数据不足(<30): 17
2025-08-10 02:05:10,016 - INFO - 无数据: 4
2025-08-10 02:05:10,016 - INFO - 总计: 756
2025-08-10 02:05:10,016 - INFO - 
[191/400] E01033494
2025-08-10 02:05:10,017 - INFO - 处理 E01033494 - Islington
2025-08-10 02:05:12,819 - INFO -   找到 80 张图片
2025-08-10 02:05:24,389 - INFO -   ✅ GVI = 16.05%
2025-08-10 02:05:24,396 - INFO - 
[192/400] E01002812
2025-08-10 02:05:24,396 - INFO - 处理 E01002812 - Kensington and Chelsea
2025-08-10 02:05:33,968 - INFO -   找到 80 张图片
2025-08-10 02:05:49,018 - INFO -   ✅ GVI = 20.67%
2025-08-10 02:05:49,026 - INFO - 
[193/400] E01002813
2025-08-10 02:05:49,026 - INFO - 处理 E01002813 - Kensington and Chelsea
2025-08-10 02:05:50,632 - INFO -   找到 80 张图片
2025-08-10 02:06:03,321 - INFO -   ✅ GVI = 9.96%
2025-08-10 02:06:03,329 - INFO - 
[194/400] E01002814
2025-08-10 02:06:03,329 - INFO - 处理 E01002814 - Kensington and Chelsea
2025-08-10 02:06:07,431 - INFO -   找到 80 张图片
2025-08-10 02:06:20,034 - INFO -   ✅ GVI = 15.36%
2025-08-10 02:06:20,041 - INFO - 
[195/400] E01002815
2025-08-10 02:06:20,041 - INFO - 处理 E01002815 - Kensington and Chelsea
2025-08-10 02:06:30,138 - INFO -   找到 80 张图片
2025-08-10 02:06:44,706 - INFO -   ✅ GVI = 13.20%
2025-08-10 02:06:44,715 - INFO - 
[196/400] E01002816
2025-08-10 02:06:44,716 - INFO - 处理 E01002816 - Kensington and Chelsea
2025-08-10 02:06:54,812 - INFO -   找到 80 张图片
2025-08-10 02:07:08,038 - INFO -   ✅ GVI = 6.41%
2025-08-10 02:07:08,045 - INFO - 
[197/400] E01002817
2025-08-10 02:07:08,045 - INFO - 处理 E01002817 - Kensington and Chelsea
2025-08-10 02:07:18,706 - INFO -   找到 80 张图片
2025-08-10 02:07:33,761 - INFO -   ✅ GVI = 15.27%
2025-08-10 02:07:33,769 - INFO - 
[198/400] E01002819
2025-08-10 02:07:33,769 - INFO - 处理 E01002819 - Kensington and Chelsea
2025-08-10 02:07:46,801 - INFO -   找到 80 张图片
2025-08-10 02:08:01,547 - INFO -   ✅ GVI = 6.83%
2025-08-10 02:08:01,554 - INFO - 
[199/400] E01002820
2025-08-10 02:08:01,554 - INFO - 处理 E01002820 - Kensington and Chelsea
2025-08-10 02:08:13,582 - INFO -   找到 80 张图片
2025-08-10 02:08:28,441 - INFO -   ✅ GVI = 16.03%
2025-08-10 02:08:28,451 - INFO - 
[200/400] E01002821
2025-08-10 02:08:28,451 - INFO - 处理 E01002821 - Kensington and Chelsea
2025-08-10 02:08:37,216 - INFO -   找到 80 张图片
2025-08-10 02:08:51,326 - INFO -   ✅ GVI = 12.87%
2025-08-10 02:08:51,335 - INFO - 
--- 进度报告 ---
2025-08-10 02:08:51,335 - INFO - 已完成(GVI计算): 745
2025-08-10 02:08:51,336 - INFO - 数据不足(<30): 17
2025-08-10 02:08:51,336 - INFO - 无数据: 4
2025-08-10 02:08:51,336 - INFO - 总计: 766
2025-08-10 02:08:51,336 - INFO - 
批次 5：处理 201-250/400
2025-08-10 02:08:51,336 - INFO - 
[201/400] E01002822
2025-08-10 02:08:51,337 - INFO - 处理 E01002822 - Kensington and Chelsea
2025-08-10 02:08:57,136 - INFO -   找到 80 张图片
2025-08-10 02:09:10,499 - INFO -   ✅ GVI = 2.43%
2025-08-10 02:09:10,506 - INFO - 
[202/400] E01002823
2025-08-10 02:09:10,506 - INFO - 处理 E01002823 - Kensington and Chelsea
2025-08-10 02:09:13,520 - INFO -   找到 80 张图片
2025-08-10 02:09:23,081 - INFO -   ✅ GVI = 9.89%
2025-08-10 02:09:23,093 - INFO - 
[203/400] E01002828
2025-08-10 02:09:23,093 - INFO - 处理 E01002828 - Kensington and Chelsea
2025-08-10 02:09:33,771 - INFO -   找到 80 张图片
2025-08-10 02:09:48,902 - INFO -   ✅ GVI = 25.49%
2025-08-10 02:09:48,914 - INFO - 
[204/400] E01002829
2025-08-10 02:09:48,915 - INFO - 处理 E01002829 - Kensington and Chelsea
2025-08-10 02:09:53,108 - INFO -   找到 80 张图片
2025-08-10 02:10:06,713 - INFO -   ✅ GVI = 4.34%
2025-08-10 02:10:06,720 - INFO - 
[205/400] E01002830
2025-08-10 02:10:06,720 - INFO - 处理 E01002830 - Kensington and Chelsea
2025-08-10 02:10:16,203 - INFO -   找到 80 张图片
2025-08-10 02:10:29,058 - INFO -   ✅ GVI = 6.66%
2025-08-10 02:10:29,068 - INFO - 
[206/400] E01002831
2025-08-10 02:10:29,068 - INFO - 处理 E01002831 - Kensington and Chelsea
2025-08-10 02:10:37,885 - INFO -   找到 80 张图片
2025-08-10 02:10:50,100 - INFO -   ✅ GVI = 8.89%
2025-08-10 02:10:50,109 - INFO - 
[207/400] E01002832
2025-08-10 02:10:50,110 - INFO - 处理 E01002832 - Kensington and Chelsea
2025-08-10 02:10:54,882 - INFO -   找到 80 张图片
2025-08-10 02:11:08,015 - INFO -   ✅ GVI = 9.87%
2025-08-10 02:11:08,023 - INFO - 
[208/400] E01002833
2025-08-10 02:11:08,024 - INFO - 处理 E01002833 - Kensington and Chelsea
2025-08-10 02:11:14,565 - INFO -   找到 80 张图片
2025-08-10 02:11:26,065 - INFO -   ✅ GVI = 11.80%
2025-08-10 02:11:26,073 - INFO - 
[209/400] E01002834
2025-08-10 02:11:26,073 - INFO - 处理 E01002834 - Kensington and Chelsea
2025-08-10 02:11:35,836 - INFO -   找到 80 张图片
2025-08-10 02:11:51,241 - INFO -   ✅ GVI = 18.03%
2025-08-10 02:11:51,248 - INFO - 
[210/400] E01002838
2025-08-10 02:11:51,249 - INFO - 处理 E01002838 - Kensington and Chelsea
2025-08-10 02:11:54,044 - INFO -   找到 80 张图片
2025-08-10 02:12:08,486 - INFO -   ✅ GVI = 3.70%
2025-08-10 02:12:08,497 - INFO - 
--- 进度报告 ---
2025-08-10 02:12:08,497 - INFO - 已完成(GVI计算): 755
2025-08-10 02:12:08,497 - INFO - 数据不足(<30): 17
2025-08-10 02:12:08,497 - INFO - 无数据: 4
2025-08-10 02:12:08,497 - INFO - 总计: 776
2025-08-10 02:12:08,498 - INFO - 
[211/400] E01002839
2025-08-10 02:12:08,498 - INFO - 处理 E01002839 - Kensington and Chelsea
2025-08-10 02:12:18,088 - INFO -   找到 80 张图片
2025-08-10 02:12:33,315 - INFO -   ✅ GVI = 15.86%
2025-08-10 02:12:33,323 - INFO - 
[212/400] E01002840
2025-08-10 02:12:33,324 - INFO - 处理 E01002840 - Kensington and Chelsea
2025-08-10 02:12:45,027 - INFO -   找到 80 张图片
2025-08-10 02:12:58,104 - INFO -   ✅ GVI = 13.06%
2025-08-10 02:12:58,112 - INFO - 
[213/400] E01002841
2025-08-10 02:12:58,113 - INFO - 处理 E01002841 - Kensington and Chelsea
2025-08-10 02:13:00,737 - INFO -   找到 80 张图片
2025-08-10 02:13:12,890 - INFO -   ✅ GVI = 10.43%
2025-08-10 02:13:12,897 - INFO - 
[214/400] E01002842
2025-08-10 02:13:12,897 - INFO - 处理 E01002842 - Kensington and Chelsea
2025-08-10 02:13:13,615 - INFO -   找到 80 张图片
2025-08-10 02:13:22,993 - INFO -   ✅ GVI = 14.18%
2025-08-10 02:13:23,001 - INFO - 
[215/400] E01002843
2025-08-10 02:13:23,002 - INFO - 处理 E01002843 - Kensington and Chelsea
2025-08-10 02:13:25,072 - INFO -   找到 80 张图片
2025-08-10 02:13:34,429 - INFO -   ✅ GVI = 11.23%
2025-08-10 02:13:34,437 - INFO - 
[216/400] E01002844
2025-08-10 02:13:34,437 - INFO - 处理 E01002844 - Kensington and Chelsea
2025-08-10 02:13:40,715 - INFO -   找到 80 张图片
2025-08-10 02:13:53,017 - INFO -   ✅ GVI = 15.62%
2025-08-10 02:13:53,026 - INFO - 
[217/400] E01002845
2025-08-10 02:13:53,026 - INFO - 处理 E01002845 - Kensington and Chelsea
2025-08-10 02:13:54,211 - INFO -   找到 80 张图片
2025-08-10 02:14:07,138 - INFO -   ✅ GVI = 8.64%
2025-08-10 02:14:07,147 - INFO - 
[218/400] E01002846
2025-08-10 02:14:07,147 - INFO - 处理 E01002846 - Kensington and Chelsea
2025-08-10 02:14:10,229 - INFO -   找到 80 张图片
2025-08-10 02:14:24,626 - INFO -   ✅ GVI = 8.52%
2025-08-10 02:14:24,634 - INFO - 
[219/400] E01002847
2025-08-10 02:14:24,634 - INFO - 处理 E01002847 - Kensington and Chelsea
2025-08-10 02:14:32,166 - INFO -   找到 80 张图片
2025-08-10 02:14:47,221 - INFO -   ✅ GVI = 2.10%
2025-08-10 02:14:47,230 - INFO - 
[220/400] E01002849
2025-08-10 02:14:47,230 - INFO - 处理 E01002849 - Kensington and Chelsea
2025-08-10 02:14:52,228 - INFO -   找到 80 张图片
2025-08-10 02:15:04,683 - INFO -   ✅ GVI = 9.34%
2025-08-10 02:15:04,692 - INFO - 
--- 进度报告 ---
2025-08-10 02:15:04,692 - INFO - 已完成(GVI计算): 765
2025-08-10 02:15:04,692 - INFO - 数据不足(<30): 17
2025-08-10 02:15:04,693 - INFO - 无数据: 4
2025-08-10 02:15:04,693 - INFO - 总计: 786
2025-08-10 02:15:04,693 - INFO - 
[221/400] E01002850
2025-08-10 02:15:04,693 - INFO - 处理 E01002850 - Kensington and Chelsea
2025-08-10 02:15:07,922 - INFO -   找到 80 张图片
2025-08-10 02:15:21,071 - INFO -   ✅ GVI = 11.02%
2025-08-10 02:15:21,079 - INFO - 
[222/400] E01002851
2025-08-10 02:15:21,079 - INFO - 处理 E01002851 - Kensington and Chelsea
2025-08-10 02:15:23,424 - INFO -   找到 80 张图片
2025-08-10 02:15:35,590 - INFO -   ✅ GVI = 8.43%
2025-08-10 02:15:35,599 - INFO - 
[223/400] E01002852
2025-08-10 02:15:35,599 - INFO - 处理 E01002852 - Kensington and Chelsea
2025-08-10 02:15:46,564 - INFO -   找到 80 张图片
2025-08-10 02:16:00,892 - INFO -   ✅ GVI = 12.43%
2025-08-10 02:16:00,900 - INFO - 
[224/400] E01002853
2025-08-10 02:16:00,900 - INFO - 处理 E01002853 - Kensington and Chelsea
2025-08-10 02:16:03,811 - INFO -   找到 80 张图片
2025-08-10 02:16:16,946 - INFO -   ✅ GVI = 22.20%
2025-08-10 02:16:16,954 - INFO - 
[225/400] E01002854
2025-08-10 02:16:16,954 - INFO - 处理 E01002854 - Kensington and Chelsea
2025-08-10 02:16:27,291 - INFO -   找到 80 张图片
2025-08-10 02:16:40,729 - INFO -   ✅ GVI = 7.75%
2025-08-10 02:16:40,737 - INFO - 
[226/400] E01002855
2025-08-10 02:16:40,737 - INFO - 处理 E01002855 - Kensington and Chelsea
2025-08-10 02:16:44,550 - INFO -   找到 80 张图片
2025-08-10 02:16:54,997 - INFO -   ✅ GVI = 8.55%
2025-08-10 02:16:55,005 - INFO - 
[227/400] E01002856
2025-08-10 02:16:55,005 - INFO - 处理 E01002856 - Kensington and Chelsea
2025-08-10 02:16:59,416 - INFO -   找到 80 张图片
2025-08-10 02:17:11,161 - INFO -   ✅ GVI = 11.68%
2025-08-10 02:17:11,168 - INFO - 
[228/400] E01002857
2025-08-10 02:17:11,168 - INFO - 处理 E01002857 - Kensington and Chelsea
2025-08-10 02:17:14,179 - INFO -   找到 80 张图片
2025-08-10 02:17:26,382 - INFO -   ✅ GVI = 12.20%
2025-08-10 02:17:26,390 - INFO - 
[229/400] E01002858
2025-08-10 02:17:26,390 - INFO - 处理 E01002858 - Kensington and Chelsea
2025-08-10 02:17:28,520 - INFO -   找到 80 张图片
2025-08-10 02:17:38,342 - INFO -   ✅ GVI = 16.83%
2025-08-10 02:17:38,350 - INFO - 
[230/400] E01002859
2025-08-10 02:17:38,350 - INFO - 处理 E01002859 - Kensington and Chelsea
2025-08-10 02:17:48,273 - INFO -   找到 80 张图片
2025-08-10 02:18:00,353 - INFO -   ✅ GVI = 9.42%
2025-08-10 02:18:00,361 - INFO - 
--- 进度报告 ---
2025-08-10 02:18:00,362 - INFO - 已完成(GVI计算): 775
2025-08-10 02:18:00,362 - INFO - 数据不足(<30): 17
2025-08-10 02:18:00,362 - INFO - 无数据: 4
2025-08-10 02:18:00,362 - INFO - 总计: 796
2025-08-10 02:18:00,362 - INFO - 
[231/400] E01002860
2025-08-10 02:18:00,363 - INFO - 处理 E01002860 - Kensington and Chelsea
2025-08-10 02:18:02,841 - INFO -   找到 80 张图片
2025-08-10 02:18:14,649 - INFO -   ✅ GVI = 7.27%
2025-08-10 02:18:14,656 - INFO - 
[232/400] E01002861
2025-08-10 02:18:14,656 - INFO - 处理 E01002861 - Kensington and Chelsea
2025-08-10 02:18:17,125 - INFO -   找到 80 张图片
2025-08-10 02:18:26,118 - INFO -   ✅ GVI = 13.61%
2025-08-10 02:18:26,126 - INFO - 
[233/400] E01002862
2025-08-10 02:18:26,126 - INFO - 处理 E01002862 - Kensington and Chelsea
2025-08-10 02:18:27,844 - INFO -   找到 80 张图片
2025-08-10 02:18:35,109 - INFO -   ✅ GVI = 12.77%
2025-08-10 02:18:35,116 - INFO - 
[234/400] E01002863
2025-08-10 02:18:35,116 - INFO - 处理 E01002863 - Kensington and Chelsea
2025-08-10 02:18:43,252 - INFO -   找到 80 张图片
2025-08-10 02:18:56,563 - INFO -   ✅ GVI = 11.18%
2025-08-10 02:18:56,571 - INFO - 
[235/400] E01002864
2025-08-10 02:18:56,571 - INFO - 处理 E01002864 - Kensington and Chelsea
2025-08-10 02:19:04,327 - INFO -   找到 80 张图片
2025-08-10 02:19:18,904 - INFO -   ✅ GVI = 24.23%
2025-08-10 02:19:18,912 - INFO - 
[236/400] E01002865
2025-08-10 02:19:18,912 - INFO - 处理 E01002865 - Kensington and Chelsea
2025-08-10 02:19:21,186 - INFO -   找到 80 张图片
2025-08-10 02:19:32,244 - INFO -   ✅ GVI = 8.91%
2025-08-10 02:19:32,251 - INFO - 
[237/400] E01002866
2025-08-10 02:19:32,251 - INFO - 处理 E01002866 - Kensington and Chelsea
2025-08-10 02:19:37,665 - INFO -   找到 80 张图片
2025-08-10 02:19:49,903 - INFO -   ✅ GVI = 13.79%
2025-08-10 02:19:49,910 - INFO - 
[238/400] E01002867
2025-08-10 02:19:49,911 - INFO - 处理 E01002867 - Kensington and Chelsea
2025-08-10 02:19:55,083 - INFO -   找到 80 张图片
2025-08-10 02:20:06,796 - INFO -   ✅ GVI = 10.75%
2025-08-10 02:20:06,803 - INFO - 
[239/400] E01002868
2025-08-10 02:20:06,803 - INFO - 处理 E01002868 - Kensington and Chelsea
2025-08-10 02:20:14,438 - INFO -   找到 80 张图片
2025-08-10 02:20:29,022 - INFO -   ✅ GVI = 29.84%
2025-08-10 02:20:29,030 - INFO - 
[240/400] E01002869
2025-08-10 02:20:29,030 - INFO - 处理 E01002869 - Kensington and Chelsea
2025-08-10 02:20:36,764 - INFO -   找到 80 张图片
2025-08-10 02:20:50,135 - INFO -   ✅ GVI = 18.03%
2025-08-10 02:20:50,143 - INFO - 
--- 进度报告 ---
2025-08-10 02:20:50,144 - INFO - 已完成(GVI计算): 785
2025-08-10 02:20:50,144 - INFO - 数据不足(<30): 17
2025-08-10 02:20:50,144 - INFO - 无数据: 4
2025-08-10 02:20:50,144 - INFO - 总计: 806
2025-08-10 02:20:50,144 - INFO - 
[241/400] E01002870
2025-08-10 02:20:50,144 - INFO - 处理 E01002870 - Kensington and Chelsea
2025-08-10 02:20:57,805 - INFO -   找到 80 张图片
2025-08-10 02:21:10,100 - INFO -   ✅ GVI = 6.15%
2025-08-10 02:21:10,107 - INFO - 
[242/400] E01002871
2025-08-10 02:21:10,107 - INFO - 处理 E01002871 - Kensington and Chelsea
2025-08-10 02:21:14,825 - INFO -   找到 80 张图片
2025-08-10 02:21:29,246 - INFO -   ✅ GVI = 34.47%
2025-08-10 02:21:29,253 - INFO - 
[243/400] E01002872
2025-08-10 02:21:29,253 - INFO - 处理 E01002872 - Kensington and Chelsea
2025-08-10 02:21:36,497 - INFO -   找到 80 张图片
2025-08-10 02:21:49,081 - INFO -   ✅ GVI = 31.41%
2025-08-10 02:21:49,088 - INFO - 
[244/400] E01002873
2025-08-10 02:21:49,088 - INFO - 处理 E01002873 - Kensington and Chelsea
2025-08-10 02:21:54,645 - INFO -   找到 80 张图片
2025-08-10 02:22:07,548 - INFO -   ✅ GVI = 15.56%
2025-08-10 02:22:07,556 - INFO - 
[245/400] E01002874
2025-08-10 02:22:07,556 - INFO - 处理 E01002874 - Kensington and Chelsea
2025-08-10 02:22:09,552 - INFO -   找到 80 张图片
2025-08-10 02:22:19,648 - INFO -   ✅ GVI = 12.15%
2025-08-10 02:22:19,657 - INFO - 
[246/400] E01002875
2025-08-10 02:22:19,657 - INFO - 处理 E01002875 - Kensington and Chelsea
2025-08-10 02:22:25,851 - INFO -   找到 80 张图片
2025-08-10 02:22:38,762 - INFO -   ✅ GVI = 25.37%
2025-08-10 02:22:38,771 - INFO - 
[247/400] E01002876
2025-08-10 02:22:38,772 - INFO - 处理 E01002876 - Kensington and Chelsea
2025-08-10 02:22:47,483 - INFO -   找到 80 张图片
2025-08-10 02:23:00,781 - INFO -   ✅ GVI = 13.03%
2025-08-10 02:23:00,790 - INFO - 
[248/400] E01002877
2025-08-10 02:23:00,790 - INFO - 处理 E01002877 - Kensington and Chelsea
2025-08-10 02:23:08,837 - INFO -   找到 80 张图片
2025-08-10 02:23:21,208 - INFO -   ✅ GVI = 6.66%
2025-08-10 02:23:21,219 - INFO - 
[249/400] E01002878
2025-08-10 02:23:21,220 - INFO - 处理 E01002878 - Kensington and Chelsea
2025-08-10 02:23:25,740 - INFO -   找到 80 张图片
2025-08-10 02:23:36,064 - INFO -   ✅ GVI = 9.57%
2025-08-10 02:23:36,072 - INFO - 
[250/400] E01002879
2025-08-10 02:23:36,072 - INFO - 处理 E01002879 - Kensington and Chelsea
2025-08-10 02:23:39,015 - INFO -   找到 80 张图片
2025-08-10 02:23:49,322 - INFO -   ✅ GVI = 10.36%
2025-08-10 02:23:49,331 - INFO - 
--- 进度报告 ---
2025-08-10 02:23:49,331 - INFO - 已完成(GVI计算): 795
2025-08-10 02:23:49,332 - INFO - 数据不足(<30): 17
2025-08-10 02:23:49,332 - INFO - 无数据: 4
2025-08-10 02:23:49,332 - INFO - 总计: 816
2025-08-10 02:23:49,332 - INFO - 
批次 6：处理 251-300/400
2025-08-10 02:23:49,333 - INFO - 
[251/400] E01002881
2025-08-10 02:23:49,333 - INFO - 处理 E01002881 - Kensington and Chelsea
2025-08-10 02:23:54,825 - INFO -   找到 8 张图片
2025-08-10 02:23:54,833 - INFO - 
[252/400] E01002882
2025-08-10 02:23:54,833 - INFO - 处理 E01002882 - Kensington and Chelsea
2025-08-10 02:23:56,858 - INFO -   找到 80 张图片
2025-08-10 02:24:07,966 - INFO -   ✅ GVI = 21.95%
2025-08-10 02:24:07,974 - INFO - 
[253/400] E01002883
2025-08-10 02:24:07,975 - INFO - 处理 E01002883 - Kensington and Chelsea
2025-08-10 02:24:12,246 - INFO -   找到 80 张图片
2025-08-10 02:24:26,784 - INFO -   ✅ GVI = 24.26%
2025-08-10 02:24:26,791 - INFO - 
[254/400] E01002884
2025-08-10 02:24:26,791 - INFO - 处理 E01002884 - Kensington and Chelsea
2025-08-10 02:24:35,930 - INFO -   找到 80 张图片
2025-08-10 02:24:49,339 - INFO -   ✅ GVI = 6.11%
2025-08-10 02:24:49,349 - INFO - 
[255/400] E01002885
2025-08-10 02:24:49,349 - INFO - 处理 E01002885 - Kensington and Chelsea
2025-08-10 02:24:58,471 - INFO -   找到 80 张图片
2025-08-10 02:25:12,708 - INFO -   ✅ GVI = 12.58%
2025-08-10 02:25:12,716 - INFO - 
[256/400] E01002886
2025-08-10 02:25:12,716 - INFO - 处理 E01002886 - Kensington and Chelsea
2025-08-10 02:25:15,267 - INFO -   找到 80 张图片
2025-08-10 02:25:25,366 - INFO -   ✅ GVI = 15.18%
2025-08-10 02:25:25,375 - INFO - 
[257/400] E01002887
2025-08-10 02:25:25,375 - INFO - 处理 E01002887 - Kensington and Chelsea
2025-08-10 02:25:38,035 - INFO -   找到 80 张图片
2025-08-10 02:25:52,476 - INFO -   ✅ GVI = 5.33%
2025-08-10 02:25:52,484 - INFO - 
[258/400] E01002888
2025-08-10 02:25:52,484 - INFO - 处理 E01002888 - Kensington and Chelsea
2025-08-10 02:26:01,040 - INFO -   找到 80 张图片
2025-08-10 02:26:14,318 - INFO -   ✅ GVI = 11.12%
2025-08-10 02:26:14,328 - INFO - 
[259/400] E01002889
2025-08-10 02:26:14,328 - INFO - 处理 E01002889 - Kensington and Chelsea
2025-08-10 02:26:25,292 - INFO -   找到 80 张图片
2025-08-10 02:26:39,797 - INFO -   ✅ GVI = 7.09%
2025-08-10 02:26:39,805 - INFO - 
[260/400] E01002890
2025-08-10 02:26:39,805 - INFO - 处理 E01002890 - Kensington and Chelsea
2025-08-10 02:26:42,646 - INFO -   找到 80 张图片
2025-08-10 02:26:55,781 - INFO -   ✅ GVI = 6.37%
2025-08-10 02:26:55,790 - INFO - 
--- 进度报告 ---
2025-08-10 02:26:55,790 - INFO - 已完成(GVI计算): 804
2025-08-10 02:26:55,791 - INFO - 数据不足(<30): 18
2025-08-10 02:26:55,791 - INFO - 无数据: 4
2025-08-10 02:26:55,791 - INFO - 总计: 826
2025-08-10 02:26:55,791 - INFO - 
[261/400] E01002891
2025-08-10 02:26:55,791 - INFO - 处理 E01002891 - Kensington and Chelsea
2025-08-10 02:27:05,906 - INFO -   找到 80 张图片
2025-08-10 02:27:21,120 - INFO -   ✅ GVI = 23.75%
2025-08-10 02:27:21,130 - INFO - 
[262/400] E01002892
2025-08-10 02:27:21,131 - INFO - 处理 E01002892 - Kensington and Chelsea
2025-08-10 02:27:27,130 - INFO -   找到 80 张图片
2025-08-10 02:27:41,060 - INFO -   ✅ GVI = 15.85%
2025-08-10 02:27:41,068 - INFO - 
[263/400] E01002894
2025-08-10 02:27:41,068 - INFO - 处理 E01002894 - Kensington and Chelsea
2025-08-10 02:27:44,168 - INFO -   找到 80 张图片
2025-08-10 02:27:53,450 - INFO -   ✅ GVI = 8.56%
2025-08-10 02:27:53,457 - INFO - 
[264/400] E01002895
2025-08-10 02:27:53,458 - INFO - 处理 E01002895 - Kensington and Chelsea
2025-08-10 02:27:58,298 - INFO -   找到 80 张图片
2025-08-10 02:28:08,161 - INFO -   ✅ GVI = 3.90%
2025-08-10 02:28:08,170 - INFO - 
[265/400] E01002896
2025-08-10 02:28:08,170 - INFO - 处理 E01002896 - Kensington and Chelsea
2025-08-10 02:28:11,651 - INFO -   找到 80 张图片
2025-08-10 02:28:20,130 - INFO -   ✅ GVI = 7.34%
2025-08-10 02:28:20,136 - INFO - 
[266/400] E01002897
2025-08-10 02:28:20,137 - INFO - 处理 E01002897 - Kensington and Chelsea
2025-08-10 02:28:23,444 - INFO -   找到 80 张图片
2025-08-10 02:28:31,966 - INFO -   ✅ GVI = 7.48%
2025-08-10 02:28:31,974 - INFO - 
[267/400] E01002898
2025-08-10 02:28:31,974 - INFO - 处理 E01002898 - Kensington and Chelsea
2025-08-10 02:28:34,294 - INFO -   找到 80 张图片
2025-08-10 02:28:44,080 - INFO -   ✅ GVI = 8.75%
2025-08-10 02:28:44,087 - INFO - 
[268/400] E01002900
2025-08-10 02:28:44,088 - INFO - 处理 E01002900 - Kensington and Chelsea
2025-08-10 02:28:55,494 - INFO -   找到 80 张图片
2025-08-10 02:29:06,647 - INFO -   ✅ GVI = 17.00%
2025-08-10 02:29:06,654 - INFO - 
[269/400] E01002901
2025-08-10 02:29:06,654 - INFO - 处理 E01002901 - Kensington and Chelsea
2025-08-10 02:29:17,408 - INFO -   找到 80 张图片
2025-08-10 02:29:29,251 - INFO -   ✅ GVI = 17.64%
2025-08-10 02:29:29,260 - INFO - 
[270/400] E01002902
2025-08-10 02:29:29,261 - INFO - 处理 E01002902 - Kensington and Chelsea
2025-08-10 02:29:33,143 - INFO -   找到 80 张图片
2025-08-10 02:29:43,509 - INFO -   ✅ GVI = 9.68%
2025-08-10 02:29:43,520 - INFO - 
--- 进度报告 ---
2025-08-10 02:29:43,520 - INFO - 已完成(GVI计算): 814
2025-08-10 02:29:43,520 - INFO - 数据不足(<30): 18
2025-08-10 02:29:43,520 - INFO - 无数据: 4
2025-08-10 02:29:43,521 - INFO - 总计: 836
2025-08-10 02:29:43,521 - INFO - 
[271/400] E01002903
2025-08-10 02:29:43,521 - INFO - 处理 E01002903 - Kensington and Chelsea
2025-08-10 02:29:46,941 - INFO -   找到 80 张图片
2025-08-10 02:29:56,218 - INFO -   ✅ GVI = 7.81%
2025-08-10 02:29:56,225 - INFO - 
[272/400] E01002904
2025-08-10 02:29:56,225 - INFO - 处理 E01002904 - Kensington and Chelsea
2025-08-10 02:30:00,507 - INFO -   找到 80 张图片
2025-08-10 02:30:13,527 - INFO -   ✅ GVI = 8.79%
2025-08-10 02:30:13,535 - INFO - 
[273/400] E01002905
2025-08-10 02:30:13,535 - INFO - 处理 E01002905 - Kensington and Chelsea
2025-08-10 02:30:24,247 - INFO -   找到 80 张图片
2025-08-10 02:30:37,173 - INFO -   ✅ GVI = 22.80%
2025-08-10 02:30:37,180 - INFO - 
[274/400] E01002906
2025-08-10 02:30:37,181 - INFO - 处理 E01002906 - Kensington and Chelsea
2025-08-10 02:30:39,771 - INFO -   找到 80 张图片
2025-08-10 02:30:51,681 - INFO -   ✅ GVI = 24.72%
2025-08-10 02:30:51,692 - INFO - 
[275/400] E01002907
2025-08-10 02:30:51,692 - INFO - 处理 E01002907 - Kensington and Chelsea
2025-08-10 02:30:57,695 - INFO -   找到 80 张图片
2025-08-10 02:31:08,936 - INFO -   ✅ GVI = 14.53%
2025-08-10 02:31:08,943 - INFO - 
[276/400] E01002908
2025-08-10 02:31:08,943 - INFO - 处理 E01002908 - Kensington and Chelsea
2025-08-10 02:31:13,263 - INFO -   找到 80 张图片
2025-08-10 02:31:23,237 - INFO -   ✅ GVI = 19.60%
2025-08-10 02:31:23,245 - INFO - 
[277/400] E01002909
2025-08-10 02:31:23,245 - INFO - 处理 E01002909 - Kensington and Chelsea
2025-08-10 02:31:27,175 - INFO -   找到 80 张图片
2025-08-10 02:31:38,609 - INFO -   ✅ GVI = 23.22%
2025-08-10 02:31:38,617 - INFO - 
[278/400] E01002910
2025-08-10 02:31:38,617 - INFO - 处理 E01002910 - Kensington and Chelsea
2025-08-10 02:31:40,637 - INFO -   找到 80 张图片
2025-08-10 02:31:50,979 - INFO -   ✅ GVI = 15.96%
2025-08-10 02:31:50,986 - INFO - 
[279/400] E01002911
2025-08-10 02:31:50,987 - INFO - 处理 E01002911 - Kensington and Chelsea
2025-08-10 02:31:52,709 - INFO -   找到 80 张图片
2025-08-10 02:32:02,263 - INFO -   ✅ GVI = 5.54%
2025-08-10 02:32:02,272 - INFO - 
[280/400] E01002913
2025-08-10 02:32:02,272 - INFO - 处理 E01002913 - Kensington and Chelsea
2025-08-10 02:32:05,423 - INFO -   找到 80 张图片
2025-08-10 02:32:13,792 - INFO -   ✅ GVI = 11.90%
2025-08-10 02:32:13,801 - INFO - 
--- 进度报告 ---
2025-08-10 02:32:13,801 - INFO - 已完成(GVI计算): 824
2025-08-10 02:32:13,801 - INFO - 数据不足(<30): 18
2025-08-10 02:32:13,801 - INFO - 无数据: 4
2025-08-10 02:32:13,801 - INFO - 总计: 846
2025-08-10 02:32:13,801 - INFO - 
[281/400] E01003013
2025-08-10 02:32:13,802 - INFO - 处理 E01003013 - Lambeth
2025-08-10 02:32:18,912 - INFO -   找到 80 张图片
2025-08-10 02:32:32,181 - INFO -   ✅ GVI = 8.09%
2025-08-10 02:32:32,188 - INFO - 
[282/400] E01003014
2025-08-10 02:32:32,189 - INFO - 处理 E01003014 - Lambeth
2025-08-10 02:32:36,776 - INFO -   找到 80 张图片
2025-08-10 02:32:50,587 - INFO -   ✅ GVI = 18.96%
2025-08-10 02:32:50,594 - INFO - 
[283/400] E01003015
2025-08-10 02:32:50,594 - INFO - 处理 E01003015 - Lambeth
2025-08-10 02:32:53,949 - INFO -   找到 80 张图片
2025-08-10 02:33:07,653 - INFO -   ✅ GVI = 20.57%
2025-08-10 02:33:07,659 - INFO - 
[284/400] E01003016
2025-08-10 02:33:07,659 - INFO - 处理 E01003016 - Lambeth
2025-08-10 02:33:17,485 - INFO -   找到 80 张图片
2025-08-10 02:33:30,873 - INFO -   ✅ GVI = 6.60%
2025-08-10 02:33:30,881 - INFO - 
[285/400] E01003017
2025-08-10 02:33:30,881 - INFO - 处理 E01003017 - Lambeth
2025-08-10 02:33:34,414 - INFO -   找到 80 张图片
2025-08-10 02:33:48,555 - INFO -   ✅ GVI = 5.07%
2025-08-10 02:33:48,562 - INFO - 
[286/400] E01003018
2025-08-10 02:33:48,562 - INFO - 处理 E01003018 - Lambeth
2025-08-10 02:33:51,172 - INFO -   找到 80 张图片
2025-08-10 02:34:04,364 - INFO -   ✅ GVI = 11.59%
2025-08-10 02:34:04,373 - INFO - 
[287/400] E01003019
2025-08-10 02:34:04,373 - INFO - 处理 E01003019 - Lambeth
2025-08-10 02:34:07,047 - INFO -   找到 80 张图片
2025-08-10 02:34:19,340 - INFO -   ✅ GVI = 11.71%
2025-08-10 02:34:19,349 - INFO - 
[288/400] E01003020
2025-08-10 02:34:19,349 - INFO - 处理 E01003020 - Lambeth
2025-08-10 02:34:22,230 - INFO -   找到 80 张图片
2025-08-10 02:34:33,892 - INFO -   ✅ GVI = 10.13%
2025-08-10 02:34:33,900 - INFO - 
[289/400] E01003021
2025-08-10 02:34:33,900 - INFO - 处理 E01003021 - Lambeth
2025-08-10 02:34:58,667 - INFO -   找到 76 张图片
2025-08-10 02:35:09,194 - INFO -   ✅ GVI = 29.97%
2025-08-10 02:35:09,201 - INFO - 
[290/400] E01003022
2025-08-10 02:35:09,202 - INFO - 处理 E01003022 - Lambeth
2025-08-10 02:35:10,968 - INFO -   找到 80 张图片
2025-08-10 02:35:21,421 - INFO -   ✅ GVI = 42.01%
2025-08-10 02:35:21,432 - INFO - 
--- 进度报告 ---
2025-08-10 02:35:21,432 - INFO - 已完成(GVI计算): 834
2025-08-10 02:35:21,432 - INFO - 数据不足(<30): 18
2025-08-10 02:35:21,432 - INFO - 无数据: 4
2025-08-10 02:35:21,432 - INFO - 总计: 856
2025-08-10 02:35:21,432 - INFO - 
[291/400] E01003023
2025-08-10 02:35:21,433 - INFO - 处理 E01003023 - Lambeth
2025-08-10 02:35:24,502 - INFO -   找到 80 张图片
2025-08-10 02:35:33,459 - INFO -   ✅ GVI = 31.15%
2025-08-10 02:35:33,466 - INFO - 
[292/400] E01003024
2025-08-10 02:35:33,467 - INFO - 处理 E01003024 - Lambeth
2025-08-10 02:35:35,892 - INFO -   找到 80 张图片
2025-08-10 02:35:45,365 - INFO -   ✅ GVI = 31.54%
2025-08-10 02:35:45,373 - INFO - 
[293/400] E01003025
2025-08-10 02:35:45,374 - INFO - 处理 E01003025 - Lambeth
2025-08-10 02:35:47,405 - INFO -   找到 80 张图片
2025-08-10 02:35:56,073 - INFO -   ✅ GVI = 32.33%
2025-08-10 02:35:56,081 - INFO - 
[294/400] E01003026
2025-08-10 02:35:56,082 - INFO - 处理 E01003026 - Lambeth
2025-08-10 02:36:03,316 - INFO -   找到 80 张图片
2025-08-10 02:36:14,504 - INFO -   ✅ GVI = 43.52%
2025-08-10 02:36:14,512 - INFO - 
[295/400] E01003027
2025-08-10 02:36:14,512 - INFO - 处理 E01003027 - Lambeth
2025-08-10 02:36:17,561 - INFO -   找到 80 张图片
2025-08-10 02:36:30,546 - INFO -   ✅ GVI = 19.70%
2025-08-10 02:36:30,553 - INFO - 
[296/400] E01003028
2025-08-10 02:36:30,553 - INFO - 处理 E01003028 - Lambeth
2025-08-10 02:36:32,400 - INFO -   找到 80 张图片
2025-08-10 02:36:44,709 - INFO -   ✅ GVI = 37.71%
2025-08-10 02:36:44,722 - INFO - 
[297/400] E01003029
2025-08-10 02:36:44,722 - INFO - 处理 E01003029 - Lambeth
2025-08-10 02:36:45,797 - INFO -   找到 80 张图片
2025-08-10 02:36:53,643 - INFO -   ✅ GVI = 21.80%
2025-08-10 02:36:53,650 - INFO - 
[298/400] E01003030
2025-08-10 02:36:53,650 - INFO - 处理 E01003030 - Lambeth
2025-08-10 02:36:55,895 - INFO -   找到 80 张图片
2025-08-10 02:37:07,528 - INFO -   ✅ GVI = 33.97%
2025-08-10 02:37:07,538 - INFO - 
[299/400] E01003031
2025-08-10 02:37:07,538 - INFO - 处理 E01003031 - Lambeth
2025-08-10 02:37:09,401 - INFO -   找到 80 张图片
2025-08-10 02:37:19,032 - INFO -   ✅ GVI = 31.08%
2025-08-10 02:37:19,040 - INFO - 
[300/400] E01003033
2025-08-10 02:37:19,040 - INFO - 处理 E01003033 - Lambeth
2025-08-10 02:37:20,764 - INFO -   找到 80 张图片
2025-08-10 02:37:32,933 - INFO -   ✅ GVI = 43.23%
2025-08-10 02:37:32,944 - INFO - 
--- 进度报告 ---
2025-08-10 02:37:32,944 - INFO - 已完成(GVI计算): 844
2025-08-10 02:37:32,944 - INFO - 数据不足(<30): 18
2025-08-10 02:37:32,944 - INFO - 无数据: 4
2025-08-10 02:37:32,944 - INFO - 总计: 866
2025-08-10 02:37:32,945 - INFO - 
批次 7：处理 301-350/400
2025-08-10 02:37:32,945 - INFO - 
[301/400] E01003034
2025-08-10 02:37:32,945 - INFO - 处理 E01003034 - Lambeth
2025-08-10 02:37:34,461 - INFO -   找到 80 张图片
2025-08-10 02:37:47,994 - INFO -   ✅ GVI = 12.44%
2025-08-10 02:37:48,001 - INFO - 
[302/400] E01003035
2025-08-10 02:37:48,001 - INFO - 处理 E01003035 - Lambeth
2025-08-10 02:37:51,225 - INFO -   找到 80 张图片
2025-08-10 02:38:05,155 - INFO -   ✅ GVI = 3.79%
2025-08-10 02:38:05,163 - INFO - 
[303/400] E01003036
2025-08-10 02:38:05,163 - INFO - 处理 E01003036 - Lambeth
2025-08-10 02:38:06,636 - INFO -   找到 80 张图片
2025-08-10 02:38:17,348 - INFO -   ✅ GVI = 15.89%
2025-08-10 02:38:17,356 - INFO - 
[304/400] E01003037
2025-08-10 02:38:17,357 - INFO - 处理 E01003037 - Lambeth
2025-08-10 02:38:19,583 - INFO -   找到 80 张图片
2025-08-10 02:38:32,516 - INFO -   ✅ GVI = 11.09%
2025-08-10 02:38:32,529 - INFO - 
[305/400] E01003038
2025-08-10 02:38:32,530 - INFO - 处理 E01003038 - Lambeth
2025-08-10 02:38:33,837 - INFO -   找到 80 张图片
2025-08-10 02:38:44,916 - INFO -   ✅ GVI = 25.03%
2025-08-10 02:38:44,924 - INFO - 
[306/400] E01003040
2025-08-10 02:38:44,924 - INFO - 处理 E01003040 - Lambeth
2025-08-10 02:38:48,275 - INFO -   找到 80 张图片
2025-08-10 02:38:59,939 - INFO -   ✅ GVI = 35.37%
2025-08-10 02:38:59,947 - INFO - 
[307/400] E01003041
2025-08-10 02:38:59,947 - INFO - 处理 E01003041 - Lambeth
2025-08-10 02:39:02,372 - INFO -   找到 80 张图片
2025-08-10 02:39:11,754 - INFO -   ✅ GVI = 4.34%
2025-08-10 02:39:11,764 - INFO - 
[308/400] E01003042
2025-08-10 02:39:11,764 - INFO - 处理 E01003042 - Lambeth
2025-08-10 02:39:13,101 - INFO -   找到 80 张图片
2025-08-10 02:39:22,892 - INFO -   ✅ GVI = 28.31%
2025-08-10 02:39:22,899 - INFO - 
[309/400] E01003043
2025-08-10 02:39:22,900 - INFO - 处理 E01003043 - Lambeth
2025-08-10 02:39:26,362 - INFO -   找到 80 张图片
2025-08-10 02:39:40,470 - INFO -   ✅ GVI = 20.65%
2025-08-10 02:39:40,478 - INFO - 
[310/400] E01003044
2025-08-10 02:39:40,478 - INFO - 处理 E01003044 - Lambeth
2025-08-10 02:39:43,687 - INFO -   找到 80 张图片
2025-08-10 02:39:56,695 - INFO -   ✅ GVI = 15.84%
2025-08-10 02:39:56,707 - INFO - 
--- 进度报告 ---
2025-08-10 02:39:56,707 - INFO - 已完成(GVI计算): 854
2025-08-10 02:39:56,708 - INFO - 数据不足(<30): 18
2025-08-10 02:39:56,708 - INFO - 无数据: 4
2025-08-10 02:39:56,708 - INFO - 总计: 876
2025-08-10 02:39:56,708 - INFO - 
[311/400] E01003045
2025-08-10 02:39:56,708 - INFO - 处理 E01003045 - Lambeth
2025-08-10 02:39:58,684 - INFO -   找到 80 张图片
2025-08-10 02:40:12,058 - INFO -   ✅ GVI = 22.74%
2025-08-10 02:40:12,065 - INFO - 
[312/400] E01003046
2025-08-10 02:40:12,065 - INFO - 处理 E01003046 - Lambeth
2025-08-10 02:40:13,474 - INFO -   找到 80 张图片
2025-08-10 02:40:26,149 - INFO -   ✅ GVI = 32.43%
2025-08-10 02:40:26,157 - INFO - 
[313/400] E01003047
2025-08-10 02:40:26,157 - INFO - 处理 E01003047 - Lambeth
2025-08-10 02:40:30,099 - INFO -   找到 80 张图片
2025-08-10 02:40:43,266 - INFO -   ✅ GVI = 9.21%
2025-08-10 02:40:43,273 - INFO - 
[314/400] E01003048
2025-08-10 02:40:43,274 - INFO - 处理 E01003048 - Lambeth
2025-08-10 02:40:47,084 - INFO -   找到 80 张图片
2025-08-10 02:40:59,462 - INFO -   ✅ GVI = 9.91%
2025-08-10 02:40:59,469 - INFO - 
[315/400] E01003049
2025-08-10 02:40:59,470 - INFO - 处理 E01003049 - Lambeth
2025-08-10 02:41:01,511 - INFO -   找到 80 张图片
2025-08-10 02:41:11,166 - INFO -   ✅ GVI = 15.45%
2025-08-10 02:41:11,174 - INFO - 
[316/400] E01003050
2025-08-10 02:41:11,174 - INFO - 处理 E01003050 - Lambeth
2025-08-10 02:41:14,207 - INFO -   找到 80 张图片
2025-08-10 02:41:25,638 - INFO -   ✅ GVI = 23.95%
2025-08-10 02:41:25,646 - INFO - 
[317/400] E01003051
2025-08-10 02:41:25,646 - INFO - 处理 E01003051 - Lambeth
2025-08-10 02:41:27,481 - INFO -   找到 80 张图片
2025-08-10 02:41:37,669 - INFO -   ✅ GVI = 10.88%
2025-08-10 02:41:37,676 - INFO - 
[318/400] E01003052
2025-08-10 02:41:37,676 - INFO - 处理 E01003052 - Lambeth
2025-08-10 02:41:39,071 - INFO -   找到 80 张图片
2025-08-10 02:41:49,734 - INFO -   ✅ GVI = 5.68%
2025-08-10 02:41:49,743 - INFO - 
[319/400] E01003053
2025-08-10 02:41:49,743 - INFO - 处理 E01003053 - Lambeth
2025-08-10 02:41:53,802 - INFO -   找到 80 张图片
2025-08-10 02:42:07,186 - INFO -   ✅ GVI = 4.36%
2025-08-10 02:42:07,194 - INFO - 
[320/400] E01003054
2025-08-10 02:42:07,194 - INFO - 处理 E01003054 - Lambeth
2025-08-10 02:42:11,318 - INFO -   找到 80 张图片
2025-08-10 02:42:23,226 - INFO -   ✅ GVI = 5.55%
2025-08-10 02:42:23,236 - INFO - 
--- 进度报告 ---
2025-08-10 02:42:23,236 - INFO - 已完成(GVI计算): 864
2025-08-10 02:42:23,236 - INFO - 数据不足(<30): 18
2025-08-10 02:42:23,236 - INFO - 无数据: 4
2025-08-10 02:42:23,237 - INFO - 总计: 886
2025-08-10 02:42:23,237 - INFO - 
[321/400] E01003055
2025-08-10 02:42:23,237 - INFO - 处理 E01003055 - Lambeth
2025-08-10 02:42:25,561 - INFO -   找到 80 张图片
2025-08-10 02:42:36,891 - INFO -   ✅ GVI = 8.27%
2025-08-10 02:42:36,901 - INFO - 
[322/400] E01003056
2025-08-10 02:42:36,901 - INFO - 处理 E01003056 - Lambeth
2025-08-10 02:42:40,621 - INFO -   找到 80 张图片
2025-08-10 02:42:52,470 - INFO -   ✅ GVI = 6.90%
2025-08-10 02:42:52,478 - INFO - 
[323/400] E01003057
2025-08-10 02:42:52,478 - INFO - 处理 E01003057 - Lambeth
2025-08-10 02:42:55,599 - INFO -   找到 80 张图片
2025-08-10 02:43:06,453 - INFO -   ✅ GVI = 7.08%
2025-08-10 02:43:06,461 - INFO - 
[324/400] E01003058
2025-08-10 02:43:06,462 - INFO - 处理 E01003058 - Lambeth
2025-08-10 02:43:09,708 - INFO -   找到 80 张图片
2025-08-10 02:43:20,301 - INFO -   ✅ GVI = 6.61%
2025-08-10 02:43:20,314 - INFO - 
[325/400] E01003059
2025-08-10 02:43:20,314 - INFO - 处理 E01003059 - Lambeth
2025-08-10 02:43:21,825 - INFO -   找到 80 张图片
2025-08-10 02:43:32,112 - INFO -   ✅ GVI = 8.16%
2025-08-10 02:43:32,120 - INFO - 
[326/400] E01003060
2025-08-10 02:43:32,120 - INFO - 处理 E01003060 - Lambeth
2025-08-10 02:43:36,091 - INFO -   找到 80 张图片
2025-08-10 02:43:46,746 - INFO -   ✅ GVI = 14.13%
2025-08-10 02:43:46,754 - INFO - 
[327/400] E01003061
2025-08-10 02:43:46,754 - INFO - 处理 E01003061 - Lambeth
2025-08-10 02:43:48,884 - INFO -   找到 80 张图片
2025-08-10 02:43:59,857 - INFO -   ✅ GVI = 4.10%
2025-08-10 02:43:59,865 - INFO - 
[328/400] E01003062
2025-08-10 02:43:59,865 - INFO - 处理 E01003062 - Lambeth
2025-08-10 02:44:01,308 - INFO -   找到 80 张图片
2025-08-10 02:44:16,127 - INFO -   ✅ GVI = 34.38%
2025-08-10 02:44:16,139 - INFO - 
[329/400] E01003063
2025-08-10 02:44:16,139 - INFO - 处理 E01003063 - Lambeth
2025-08-10 02:44:26,207 - INFO -   找到 19 张图片
2025-08-10 02:44:26,216 - INFO - 
[330/400] E01003064
2025-08-10 02:44:26,216 - INFO - 处理 E01003064 - Lambeth
2025-08-10 02:44:27,647 - INFO -   找到 80 张图片
2025-08-10 02:44:41,496 - INFO -   ✅ GVI = 12.38%
2025-08-10 02:44:41,506 - INFO - 
--- 进度报告 ---
2025-08-10 02:44:41,506 - INFO - 已完成(GVI计算): 873
2025-08-10 02:44:41,507 - INFO - 数据不足(<30): 19
2025-08-10 02:44:41,507 - INFO - 无数据: 4
2025-08-10 02:44:41,507 - INFO - 总计: 896
2025-08-10 02:44:41,507 - INFO - 
[331/400] E01003065
2025-08-10 02:44:41,507 - INFO - 处理 E01003065 - Lambeth
2025-08-10 02:44:45,221 - INFO -   找到 80 张图片
2025-08-10 02:44:58,368 - INFO -   ✅ GVI = 21.06%
2025-08-10 02:44:58,375 - INFO - 
[332/400] E01003066
2025-08-10 02:44:58,375 - INFO - 处理 E01003066 - Lambeth
2025-08-10 02:45:00,323 - INFO -   找到 80 张图片
2025-08-10 02:45:13,237 - INFO -   ✅ GVI = 22.01%
2025-08-10 02:45:13,245 - INFO - 
[333/400] E01003067
2025-08-10 02:45:13,245 - INFO - 处理 E01003067 - Lambeth
2025-08-10 02:45:15,040 - INFO -   找到 80 张图片
2025-08-10 02:45:25,548 - INFO -   ✅ GVI = 21.26%
2025-08-10 02:45:25,560 - INFO - 
[334/400] E01003068
2025-08-10 02:45:25,560 - INFO - 处理 E01003068 - Lambeth
2025-08-10 02:45:26,614 - INFO -   找到 80 张图片
2025-08-10 02:45:37,345 - INFO -   ✅ GVI = 33.76%
2025-08-10 02:45:37,353 - INFO - 
[335/400] E01003069
2025-08-10 02:45:37,353 - INFO - 处理 E01003069 - Lambeth
2025-08-10 02:45:39,006 - INFO -   找到 80 张图片
2025-08-10 02:45:50,257 - INFO -   ✅ GVI = 35.18%
2025-08-10 02:45:50,269 - INFO - 
[336/400] E01003070
2025-08-10 02:45:50,269 - INFO - 处理 E01003070 - Lambeth
2025-08-10 02:45:53,694 - INFO -   找到 80 张图片
2025-08-10 02:46:06,598 - INFO -   ✅ GVI = 45.74%
2025-08-10 02:46:06,605 - INFO - 
[337/400] E01003071
2025-08-10 02:46:06,605 - INFO - 处理 E01003071 - Lambeth
2025-08-10 02:46:09,500 - INFO -   找到 80 张图片
2025-08-10 02:46:22,533 - INFO -   ✅ GVI = 21.24%
2025-08-10 02:46:22,541 - INFO - 
[338/400] E01003072
2025-08-10 02:46:22,541 - INFO - 处理 E01003072 - Lambeth
2025-08-10 02:46:24,155 - INFO -   找到 80 张图片
2025-08-10 02:46:36,669 - INFO -   ✅ GVI = 22.86%
2025-08-10 02:46:36,678 - INFO - 
[339/400] E01003073
2025-08-10 02:46:36,678 - INFO - 处理 E01003073 - Lambeth
2025-08-10 02:46:39,676 - INFO -   找到 80 张图片
2025-08-10 02:46:50,124 - INFO -   ✅ GVI = 6.04%
2025-08-10 02:46:50,135 - INFO - 
[340/400] E01003074
2025-08-10 02:46:50,135 - INFO - 处理 E01003074 - Lambeth
2025-08-10 02:46:52,557 - INFO -   找到 80 张图片
2025-08-10 02:47:03,241 - INFO -   ✅ GVI = 24.23%
2025-08-10 02:47:03,250 - INFO - 
--- 进度报告 ---
2025-08-10 02:47:03,250 - INFO - 已完成(GVI计算): 883
2025-08-10 02:47:03,250 - INFO - 数据不足(<30): 19
2025-08-10 02:47:03,250 - INFO - 无数据: 4
2025-08-10 02:47:03,251 - INFO - 总计: 906
2025-08-10 02:47:03,251 - INFO - 
[341/400] E01003075
2025-08-10 02:47:03,251 - INFO - 处理 E01003075 - Lambeth
2025-08-10 02:47:06,423 - INFO -   找到 80 张图片
2025-08-10 02:47:20,042 - INFO -   ✅ GVI = 12.49%
2025-08-10 02:47:20,050 - INFO - 
[342/400] E01003076
2025-08-10 02:47:20,050 - INFO - 处理 E01003076 - Lambeth
2025-08-10 02:47:23,041 - INFO -   找到 80 张图片
2025-08-10 02:47:33,931 - INFO -   ✅ GVI = 14.47%
2025-08-10 02:47:33,939 - INFO - 
[343/400] E01003077
2025-08-10 02:47:33,939 - INFO - 处理 E01003077 - Lambeth
2025-08-10 02:47:37,306 - INFO -   找到 80 张图片
2025-08-10 02:47:46,706 - INFO -   ✅ GVI = 6.14%
2025-08-10 02:47:46,714 - INFO - 
[344/400] E01003078
2025-08-10 02:47:46,714 - INFO - 处理 E01003078 - Lambeth
2025-08-10 02:47:47,706 - INFO -   找到 80 张图片
2025-08-10 02:47:58,877 - INFO -   ✅ GVI = 23.55%
2025-08-10 02:47:58,885 - INFO - 
[345/400] E01003079
2025-08-10 02:47:58,885 - INFO - 处理 E01003079 - Lambeth
2025-08-10 02:48:01,594 - INFO -   找到 80 张图片
2025-08-10 02:48:15,021 - INFO -   ✅ GVI = 13.78%
2025-08-10 02:48:15,029 - INFO - 
[346/400] E01003080
2025-08-10 02:48:15,029 - INFO - 处理 E01003080 - Lambeth
2025-08-10 02:48:15,778 - INFO -   找到 80 张图片
2025-08-10 02:48:27,370 - INFO -   ✅ GVI = 20.21%
2025-08-10 02:48:27,378 - INFO - 
[347/400] E01003081
2025-08-10 02:48:27,378 - INFO - 处理 E01003081 - Lambeth
2025-08-10 02:48:28,998 - INFO -   找到 80 张图片
2025-08-10 02:48:37,764 - INFO -   ✅ GVI = 11.36%
2025-08-10 02:48:37,773 - INFO - 
[348/400] E01003082
2025-08-10 02:48:37,773 - INFO - 处理 E01003082 - Lambeth
2025-08-10 02:48:41,090 - INFO -   找到 80 张图片
2025-08-10 02:48:51,180 - INFO -   ✅ GVI = 24.69%
2025-08-10 02:48:51,189 - INFO - 
[349/400] E01003083
2025-08-10 02:48:51,189 - INFO - 处理 E01003083 - Lambeth
2025-08-10 02:48:54,442 - INFO -   找到 80 张图片
2025-08-10 02:49:06,530 - INFO -   ✅ GVI = 31.23%
2025-08-10 02:49:06,538 - INFO - 
[350/400] E01003084
2025-08-10 02:49:06,538 - INFO - 处理 E01003084 - Lambeth
2025-08-10 02:49:07,765 - INFO -   找到 80 张图片
2025-08-10 02:49:17,789 - INFO -   ✅ GVI = 12.01%
2025-08-10 02:49:17,802 - INFO - 
--- 进度报告 ---
2025-08-10 02:49:17,802 - INFO - 已完成(GVI计算): 893
2025-08-10 02:49:17,802 - INFO - 数据不足(<30): 19
2025-08-10 02:49:17,802 - INFO - 无数据: 4
2025-08-10 02:49:17,802 - INFO - 总计: 916
2025-08-10 02:49:17,802 - INFO - 
批次 8：处理 351-400/400
2025-08-10 02:49:17,803 - INFO - 
[351/400] E01003085
2025-08-10 02:49:17,803 - INFO - 处理 E01003085 - Lambeth
2025-08-10 02:49:20,014 - INFO -   找到 80 张图片
2025-08-10 02:49:29,821 - INFO -   ✅ GVI = 26.08%
2025-08-10 02:49:29,830 - INFO - 
[352/400] E01003086
2025-08-10 02:49:29,830 - INFO - 处理 E01003086 - Lambeth
2025-08-10 02:49:32,717 - INFO -   找到 80 张图片
2025-08-10 02:49:41,046 - INFO -   ✅ GVI = 30.41%
2025-08-10 02:49:41,054 - INFO - 
[353/400] E01003087
2025-08-10 02:49:41,054 - INFO - 处理 E01003087 - Lambeth
2025-08-10 02:49:42,460 - INFO -   找到 80 张图片
2025-08-10 02:49:53,221 - INFO -   ✅ GVI = 21.87%
2025-08-10 02:49:53,233 - INFO - 
[354/400] E01003088
2025-08-10 02:49:53,233 - INFO - 处理 E01003088 - Lambeth
2025-08-10 02:49:55,993 - INFO -   找到 80 张图片
2025-08-10 02:50:08,824 - INFO -   ✅ GVI = 6.03%
2025-08-10 02:50:08,835 - INFO - 
[355/400] E01003089
2025-08-10 02:50:08,835 - INFO - 处理 E01003089 - Lambeth
2025-08-10 02:50:11,270 - INFO -   找到 80 张图片
2025-08-10 02:50:22,983 - INFO -   ✅ GVI = 12.97%
2025-08-10 02:50:22,991 - INFO - 
[356/400] E01003090
2025-08-10 02:50:22,991 - INFO - 处理 E01003090 - Lambeth
2025-08-10 02:50:30,207 - INFO -   找到 80 张图片
2025-08-10 02:50:41,274 - INFO -   ✅ GVI = 11.46%
2025-08-10 02:50:41,283 - INFO - 
[357/400] E01003091
2025-08-10 02:50:41,283 - INFO - 处理 E01003091 - Lambeth
2025-08-10 02:50:42,441 - INFO -   找到 80 张图片
2025-08-10 02:50:52,527 - INFO -   ✅ GVI = 10.82%
2025-08-10 02:50:52,536 - INFO - 
[358/400] E01003092
2025-08-10 02:50:52,536 - INFO - 处理 E01003092 - Lambeth
2025-08-10 02:50:54,543 - INFO -   找到 80 张图片
2025-08-10 02:51:04,996 - INFO -   ✅ GVI = 16.58%
2025-08-10 02:51:05,004 - INFO - 
[359/400] E01003093
2025-08-10 02:51:05,004 - INFO - 处理 E01003093 - Lambeth
2025-08-10 02:51:07,474 - INFO -   找到 80 张图片
2025-08-10 02:51:20,120 - INFO -   ✅ GVI = 13.75%
2025-08-10 02:51:20,129 - INFO - 
[360/400] E01003094
2025-08-10 02:51:20,130 - INFO - 处理 E01003094 - Lambeth
2025-08-10 02:51:22,859 - INFO -   找到 80 张图片
2025-08-10 02:51:34,742 - INFO -   ✅ GVI = 10.40%
2025-08-10 02:51:34,751 - INFO - 
--- 进度报告 ---
2025-08-10 02:51:34,751 - INFO - 已完成(GVI计算): 903
2025-08-10 02:51:34,751 - INFO - 数据不足(<30): 19
2025-08-10 02:51:34,751 - INFO - 无数据: 4
2025-08-10 02:51:34,751 - INFO - 总计: 926
2025-08-10 02:51:34,752 - INFO - 
[361/400] E01003095
2025-08-10 02:51:34,752 - INFO - 处理 E01003095 - Lambeth
2025-08-10 02:51:35,791 - INFO -   找到 80 张图片
2025-08-10 02:51:45,189 - INFO -   ✅ GVI = 8.81%
2025-08-10 02:51:45,198 - INFO - 
[362/400] E01003096
2025-08-10 02:51:45,198 - INFO - 处理 E01003096 - Lambeth
2025-08-10 02:51:46,902 - INFO -   找到 80 张图片
2025-08-10 02:51:55,499 - INFO -   ✅ GVI = 8.01%
2025-08-10 02:51:55,507 - INFO - 
[363/400] E01003097
2025-08-10 02:51:55,508 - INFO - 处理 E01003097 - Lambeth
2025-08-10 02:51:57,876 - INFO -   找到 80 张图片
2025-08-10 02:52:10,991 - INFO -   ✅ GVI = 11.26%
2025-08-10 02:52:10,999 - INFO - 
[364/400] E01003098
2025-08-10 02:52:10,999 - INFO - 处理 E01003098 - Lambeth
2025-08-10 02:52:16,677 - INFO -   找到 80 张图片
2025-08-10 02:52:30,183 - INFO -   ✅ GVI = 13.51%
2025-08-10 02:52:30,191 - INFO - 
[365/400] E01003099
2025-08-10 02:52:30,191 - INFO - 处理 E01003099 - Lambeth
2025-08-10 02:52:36,338 - INFO -   找到 80 张图片
2025-08-10 02:52:49,310 - INFO -   ✅ GVI = 14.83%
2025-08-10 02:52:49,319 - INFO - 
[366/400] E01003101
2025-08-10 02:52:49,319 - INFO - 处理 E01003101 - Lambeth
2025-08-10 02:52:52,953 - INFO -   找到 80 张图片
2025-08-10 02:53:05,475 - INFO -   ✅ GVI = 12.50%
2025-08-10 02:53:05,485 - INFO - 
[367/400] E01003102
2025-08-10 02:53:05,485 - INFO - 处理 E01003102 - Lambeth
2025-08-10 02:53:11,143 - INFO -   找到 80 张图片
2025-08-10 02:53:24,061 - INFO -   ✅ GVI = 12.05%
2025-08-10 02:53:24,068 - INFO - 
[368/400] E01003104
2025-08-10 02:53:24,068 - INFO - 处理 E01003104 - Lambeth
2025-08-10 02:53:28,165 - INFO -   找到 80 张图片
2025-08-10 02:53:39,050 - INFO -   ✅ GVI = 11.86%
2025-08-10 02:53:39,059 - INFO - 
[369/400] E01003105
2025-08-10 02:53:39,059 - INFO - 处理 E01003105 - Lambeth
2025-08-10 02:53:40,655 - INFO -   找到 80 张图片
2025-08-10 02:53:54,620 - INFO -   ✅ GVI = 9.81%
2025-08-10 02:53:54,628 - INFO - 
[370/400] E01003106
2025-08-10 02:53:54,628 - INFO - 处理 E01003106 - Lambeth
2025-08-10 02:53:59,576 - INFO -   找到 80 张图片
2025-08-10 02:54:12,067 - INFO -   ✅ GVI = 12.87%
2025-08-10 02:54:12,075 - INFO - 
--- 进度报告 ---
2025-08-10 02:54:12,076 - INFO - 已完成(GVI计算): 913
2025-08-10 02:54:12,076 - INFO - 数据不足(<30): 19
2025-08-10 02:54:12,076 - INFO - 无数据: 4
2025-08-10 02:54:12,076 - INFO - 总计: 936
2025-08-10 02:54:12,076 - INFO - 
[371/400] E01003107
2025-08-10 02:54:12,076 - INFO - 处理 E01003107 - Lambeth
2025-08-10 02:54:14,659 - INFO -   找到 80 张图片
2025-08-10 02:54:27,701 - INFO -   ✅ GVI = 12.32%
2025-08-10 02:54:27,711 - INFO - 
[372/400] E01003108
2025-08-10 02:54:27,711 - INFO - 处理 E01003108 - Lambeth
2025-08-10 02:54:30,744 - INFO -   找到 80 张图片
2025-08-10 02:54:41,255 - INFO -   ✅ GVI = 16.41%
2025-08-10 02:54:41,263 - INFO - 
[373/400] E01003110
2025-08-10 02:54:41,263 - INFO - 处理 E01003110 - Lambeth
2025-08-10 02:54:44,846 - INFO -   找到 80 张图片
2025-08-10 02:54:57,623 - INFO -   ✅ GVI = 17.19%
2025-08-10 02:54:57,631 - INFO - 
[374/400] E01003111
2025-08-10 02:54:57,631 - INFO - 处理 E01003111 - Lambeth
2025-08-10 02:55:00,192 - INFO -   找到 80 张图片
2025-08-10 02:55:12,341 - INFO -   ✅ GVI = 26.86%
2025-08-10 02:55:12,352 - INFO - 
[375/400] E01003112
2025-08-10 02:55:12,352 - INFO - 处理 E01003112 - Lambeth
2025-08-10 02:55:15,774 - INFO -   找到 80 张图片
2025-08-10 02:55:27,467 - INFO -   ✅ GVI = 14.55%
2025-08-10 02:55:27,475 - INFO - 
[376/400] E01003114
2025-08-10 02:55:27,475 - INFO - 处理 E01003114 - Lambeth
2025-08-10 02:55:30,936 - INFO -   找到 80 张图片
2025-08-10 02:55:40,288 - INFO -   ✅ GVI = 13.05%
2025-08-10 02:55:40,298 - INFO - 
[377/400] E01003115
2025-08-10 02:55:40,298 - INFO - 处理 E01003115 - Lambeth
2025-08-10 02:55:44,236 - INFO -   找到 80 张图片
2025-08-10 02:55:54,870 - INFO -   ✅ GVI = 15.40%
2025-08-10 02:55:54,878 - INFO - 
[378/400] E01003116
2025-08-10 02:55:54,878 - INFO - 处理 E01003116 - Lambeth
2025-08-10 02:55:56,459 - INFO -   找到 80 张图片
2025-08-10 02:56:10,172 - INFO -   ✅ GVI = 43.96%
2025-08-10 02:56:10,182 - INFO - 
[379/400] E01003117
2025-08-10 02:56:10,182 - INFO - 处理 E01003117 - Lambeth
2025-08-10 02:56:13,904 - INFO -   找到 80 张图片
2025-08-10 02:56:26,115 - INFO -   ✅ GVI = 20.80%
2025-08-10 02:56:26,126 - INFO - 
[380/400] E01003118
2025-08-10 02:56:26,127 - INFO - 处理 E01003118 - Lambeth
2025-08-10 02:56:30,192 - INFO -   找到 80 张图片
2025-08-10 02:56:43,783 - INFO -   ✅ GVI = 53.07%
2025-08-10 02:56:43,794 - INFO - 
--- 进度报告 ---
2025-08-10 02:56:43,794 - INFO - 已完成(GVI计算): 923
2025-08-10 02:56:43,794 - INFO - 数据不足(<30): 19
2025-08-10 02:56:43,795 - INFO - 无数据: 4
2025-08-10 02:56:43,795 - INFO - 总计: 946
2025-08-10 02:56:43,795 - INFO - 
[381/400] E01003119
2025-08-10 02:56:43,795 - INFO - 处理 E01003119 - Lambeth
2025-08-10 02:56:48,571 - INFO -   找到 80 张图片
2025-08-10 02:56:58,620 - INFO -   ✅ GVI = 42.75%
2025-08-10 02:56:58,629 - INFO - 
[382/400] E01003120
2025-08-10 02:56:58,629 - INFO - 处理 E01003120 - Lambeth
2025-08-10 02:57:00,045 - INFO -   找到 80 张图片
2025-08-10 02:57:12,689 - INFO -   ✅ GVI = 11.97%
2025-08-10 02:57:12,702 - INFO - 
[383/400] E01003121
2025-08-10 02:57:12,702 - INFO - 处理 E01003121 - Lambeth
2025-08-10 02:57:13,852 - INFO -   找到 80 张图片
2025-08-10 02:57:23,887 - INFO -   ✅ GVI = 16.22%
2025-08-10 02:57:23,896 - INFO - 
[384/400] E01003123
2025-08-10 02:57:23,896 - INFO - 处理 E01003123 - Lambeth
2025-08-10 02:57:25,369 - INFO -   找到 80 张图片
2025-08-10 02:57:33,585 - INFO -   ✅ GVI = 12.15%
2025-08-10 02:57:33,595 - INFO - 
[385/400] E01003124
2025-08-10 02:57:33,595 - INFO - 处理 E01003124 - Lambeth
2025-08-10 02:57:35,455 - INFO -   找到 80 张图片
2025-08-10 02:57:48,801 - INFO -   ✅ GVI = 12.74%
2025-08-10 02:57:48,814 - INFO - 
[386/400] E01003125
2025-08-10 02:57:48,814 - INFO - 处理 E01003125 - Lambeth
2025-08-10 02:57:53,085 - INFO -   找到 80 张图片
2025-08-10 02:58:05,584 - INFO -   ✅ GVI = 17.88%
2025-08-10 02:58:05,593 - INFO - 
[387/400] E01003126
2025-08-10 02:58:05,593 - INFO - 处理 E01003126 - Lambeth
2025-08-10 02:58:07,252 - INFO -   找到 80 张图片
2025-08-10 02:58:17,830 - INFO -   ✅ GVI = 11.07%
2025-08-10 02:58:17,839 - INFO - 
[388/400] E01003128
2025-08-10 02:58:17,839 - INFO - 处理 E01003128 - Lambeth
2025-08-10 02:58:19,373 - INFO -   找到 80 张图片
2025-08-10 02:58:27,761 - INFO -   ✅ GVI = 14.62%
2025-08-10 02:58:27,773 - INFO - 
[389/400] E01003129
2025-08-10 02:58:27,773 - INFO - 处理 E01003129 - Lambeth
2025-08-10 02:58:31,292 - INFO -   找到 80 张图片
2025-08-10 02:58:40,050 - INFO -   ✅ GVI = 11.44%
2025-08-10 02:58:40,058 - INFO - 
[390/400] E01003130
2025-08-10 02:58:40,058 - INFO - 处理 E01003130 - Lambeth
2025-08-10 02:58:42,542 - INFO -   找到 80 张图片
2025-08-10 02:58:53,371 - INFO -   ✅ GVI = 25.48%
2025-08-10 02:58:53,381 - INFO - 
--- 进度报告 ---
2025-08-10 02:58:53,381 - INFO - 已完成(GVI计算): 933
2025-08-10 02:58:53,382 - INFO - 数据不足(<30): 19
2025-08-10 02:58:53,382 - INFO - 无数据: 4
2025-08-10 02:58:53,382 - INFO - 总计: 956
2025-08-10 02:58:53,382 - INFO - 
[391/400] E01003131
2025-08-10 02:58:53,382 - INFO - 处理 E01003131 - Lambeth
2025-08-10 02:58:56,559 - INFO -   找到 80 张图片
2025-08-10 02:59:03,928 - INFO -   ✅ GVI = 17.15%
2025-08-10 02:59:03,936 - INFO - 
[392/400] E01003132
2025-08-10 02:59:03,936 - INFO - 处理 E01003132 - Lambeth
2025-08-10 02:59:22,774 - INFO -   找到 80 张图片
2025-08-10 02:59:34,935 - INFO -   ✅ GVI = 55.33%
2025-08-10 02:59:34,944 - INFO - 
[393/400] E01003133
2025-08-10 02:59:34,944 - INFO - 处理 E01003133 - Lambeth
2025-08-10 02:59:39,629 - INFO -   找到 80 张图片
2025-08-10 02:59:51,846 - INFO -   ✅ GVI = 28.13%
2025-08-10 02:59:51,855 - INFO - 
[394/400] E01003134
2025-08-10 02:59:51,856 - INFO - 处理 E01003134 - Lambeth
2025-08-10 02:59:53,671 - INFO -   找到 80 张图片
2025-08-10 03:00:05,308 - INFO -   ✅ GVI = 50.33%
2025-08-10 03:00:05,317 - INFO - 
[395/400] E01003135
2025-08-10 03:00:05,317 - INFO - 处理 E01003135 - Lambeth
2025-08-10 03:00:13,905 - INFO -   找到 80 张图片
2025-08-10 03:00:22,220 - INFO -   ✅ GVI = 20.14%
2025-08-10 03:00:22,231 - INFO - 
[396/400] E01003136
2025-08-10 03:00:22,231 - INFO - 处理 E01003136 - Lambeth
2025-08-10 03:00:24,186 - INFO -   找到 80 张图片
2025-08-10 03:00:32,173 - INFO -   ✅ GVI = 38.02%
2025-08-10 03:00:32,182 - INFO - 
[397/400] E01003138
2025-08-10 03:00:32,182 - INFO - 处理 E01003138 - Lambeth
2025-08-10 03:00:35,673 - INFO -   找到 80 张图片
2025-08-10 03:00:43,807 - INFO -   ✅ GVI = 24.96%
2025-08-10 03:00:43,816 - INFO - 
[398/400] E01003139
2025-08-10 03:00:43,816 - INFO - 处理 E01003139 - Lambeth
2025-08-10 03:00:47,360 - INFO -   找到 80 张图片
2025-08-10 03:01:01,134 - INFO -   ✅ GVI = 61.49%
2025-08-10 03:01:01,144 - INFO - 
[399/400] E01003140
2025-08-10 03:01:01,145 - INFO - 处理 E01003140 - Lambeth
2025-08-10 03:01:16,732 - INFO -   找到 57 张图片
2025-08-10 03:01:24,507 - INFO -   ✅ GVI = 38.38%
2025-08-10 03:01:24,517 - INFO - 
[400/400] E01003141
2025-08-10 03:01:24,517 - INFO - 处理 E01003141 - Lambeth
2025-08-10 03:01:38,942 - INFO -   找到 52 张图片
2025-08-10 03:01:44,886 - INFO -   ✅ GVI = 38.04%
2025-08-10 03:01:44,897 - INFO - 
--- 进度报告 ---
2025-08-10 03:01:44,898 - INFO - 已完成(GVI计算): 943
2025-08-10 03:01:44,898 - INFO - 数据不足(<30): 19
2025-08-10 03:01:44,898 - INFO - 无数据: 4
2025-08-10 03:01:44,898 - INFO - 总计: 966
2025-08-10 03:01:44,898 - INFO - 
======================================================================
2025-08-10 03:01:44,898 - INFO - 处理完成！
2025-08-10 03:01:44,899 - INFO - 
最终统计：
2025-08-10 03:01:44,899 - INFO -   总LSOA数: 966
2025-08-10 03:01:44,899 - INFO -   已计算GVI: 943 (97.6%)
2025-08-10 03:01:44,899 - INFO -   数据不足: 19 (2.0%)
2025-08-10 03:01:44,899 - INFO -   无数据: 4 (0.4%)
2025-08-10 03:01:44,900 - INFO - 
平均GVI: 16.11%
2025-08-10 03:01:44,900 - INFO - 
输出文件：
2025-08-10 03:01:44,900 - INFO -   主数据文件: C:\Users\z1782\OneDrive - University College London\Attachments\004\methodology\Dissertation_v2\output\full_london_gvi\inner_london_all_lsoas_status.csv
2025-08-10 03:01:44,900 - INFO -   统计报告: C:\Users\z1782\OneDrive - University College London\Attachments\004\methodology\Dissertation_v2\output\full_london_gvi\final_report_20250810_0301.json
2025-08-10 03:01:44,902 - INFO - ======================================================================
