2025-08-09 23:40:49,821 - INFO - ======================================================================
2025-08-09 23:40:49,821 - INFO - Inner London LSOA 数据收集
2025-08-09 23:40:49,821 - INFO - ======================================================================
2025-08-09 23:40:49,824 - INFO - ✅ 加载已处理结果：266 个LSOA
2025-08-09 23:40:49,824 - INFO - 加载所有Inner London LSOAs...
2025-08-09 23:40:50,379 - INFO - 找到 1731 个Inner London LSOAs
2025-08-09 23:40:50,379 - INFO - 已处理：266，待处理：1465
2025-08-09 23:40:50,380 - INFO - 限制处理数量：300
2025-08-09 23:40:50,380 - INFO - 待处理：300 个LSOA
2025-08-09 23:40:50,380 - INFO - 批次大小：50
2025-08-09 23:40:50,381 - INFO - 
批次 1：处理 1-50/300
2025-08-09 23:40:50,381 - INFO - 
[1/300] E01000963
2025-08-09 23:40:50,381 - INFO - 处理 E01000963 - Camden
2025-08-09 23:40:57,437 - INFO -   找到 80 张图片
2025-08-09 23:41:09,303 - INFO -   ✅ GVI = 23.98%
2025-08-09 23:41:09,309 - INFO - 
[2/300] E01000964
2025-08-09 23:41:09,309 - INFO - 处理 E01000964 - Camden
2025-08-09 23:41:15,176 - INFO -   找到 80 张图片
2025-08-09 23:41:24,860 - INFO -   ✅ GVI = 6.23%
2025-08-09 23:41:24,864 - INFO - 
[3/300] E01000965
2025-08-09 23:41:24,864 - INFO - 处理 E01000965 - Camden
2025-08-09 23:41:28,244 - INFO -   找到 80 张图片
2025-08-09 23:41:37,083 - INFO -   ✅ GVI = 19.14%
2025-08-09 23:41:37,087 - INFO - 
[4/300] E01000966
2025-08-09 23:41:37,087 - INFO - 处理 E01000966 - Camden
2025-08-09 23:41:39,543 - INFO -   找到 80 张图片
2025-08-09 23:41:47,247 - INFO -   ✅ GVI = 25.07%
2025-08-09 23:41:47,250 - INFO - 
[5/300] E01000967
2025-08-09 23:41:47,250 - INFO - 处理 E01000967 - Camden
2025-08-09 23:41:51,939 - INFO -   找到 80 张图片
2025-08-09 23:42:05,204 - INFO -   ✅ GVI = 39.82%
2025-08-09 23:42:05,207 - INFO - 
[6/300] E01000968
2025-08-09 23:42:05,207 - INFO - 处理 E01000968 - Camden
2025-08-09 23:42:06,656 - INFO -   找到 80 张图片
2025-08-09 23:42:16,578 - INFO -   ✅ GVI = 12.78%
2025-08-09 23:42:16,582 - INFO - 
[7/300] E01000970
2025-08-09 23:42:16,583 - INFO - 处理 E01000970 - Camden
2025-08-09 23:42:19,008 - INFO -   找到 80 张图片
2025-08-09 23:42:29,856 - INFO -   ✅ GVI = 10.47%
2025-08-09 23:42:29,860 - INFO - 
[8/300] E01000971
2025-08-09 23:42:29,860 - INFO - 处理 E01000971 - Camden
2025-08-09 23:42:33,104 - INFO -   找到 80 张图片
2025-08-09 23:42:40,950 - INFO -   ✅ GVI = 16.84%
2025-08-09 23:42:40,954 - INFO - 
[9/300] E01000972
2025-08-09 23:42:40,954 - INFO - 处理 E01000972 - Camden
2025-08-09 23:42:46,587 - INFO -   找到 80 张图片
2025-08-09 23:42:57,197 - INFO -   ✅ GVI = 6.47%
2025-08-09 23:42:57,201 - INFO - 
[10/300] E01000973
2025-08-09 23:42:57,201 - INFO - 处理 E01000973 - Camden
2025-08-09 23:42:58,544 - INFO -   找到 80 张图片
2025-08-09 23:43:08,183 - INFO -   ✅ GVI = 9.60%
2025-08-09 23:43:08,189 - INFO - 
--- 进度报告 ---
2025-08-09 23:43:08,189 - INFO - 已完成(GVI计算): 276
2025-08-09 23:43:08,189 - INFO - 数据不足(<30): 0
2025-08-09 23:43:08,189 - INFO - 无数据: 0
2025-08-09 23:43:08,189 - INFO - 总计: 276
2025-08-09 23:43:08,189 - INFO - 
[11/300] E01000974
2025-08-09 23:43:08,190 - INFO - 处理 E01000974 - Camden
2025-08-09 23:43:09,586 - INFO -   找到 80 张图片
2025-08-09 23:43:20,582 - INFO -   ✅ GVI = 20.02%
2025-08-09 23:43:20,586 - INFO - 
[12/300] E01001571
2025-08-09 23:43:20,586 - INFO - 处理 E01001571 - Greenwich
2025-08-09 23:43:31,035 - INFO -   找到 50 张图片
2025-08-09 23:43:40,086 - INFO -   ✅ GVI = 18.08%
2025-08-09 23:43:40,091 - INFO - 
[13/300] E01001572
2025-08-09 23:43:40,091 - INFO - 处理 E01001572 - Greenwich
2025-08-09 23:43:43,119 - INFO -   找到 80 张图片
2025-08-09 23:43:57,115 - INFO -   ✅ GVI = 12.38%
2025-08-09 23:43:57,119 - INFO - 
[14/300] E01001573
2025-08-09 23:43:57,119 - INFO - 处理 E01001573 - Greenwich
2025-08-09 23:44:08,659 - INFO -   找到 67 张图片
2025-08-09 23:44:16,316 - INFO -   ✅ GVI = 12.16%
2025-08-09 23:44:16,320 - INFO - 
[15/300] E01001574
2025-08-09 23:44:16,320 - INFO - 处理 E01001574 - Greenwich
2025-08-09 23:44:21,098 - INFO -   找到 80 张图片
2025-08-09 23:44:33,310 - INFO -   ✅ GVI = 22.46%
2025-08-09 23:44:33,314 - INFO - 
[16/300] E01001575
2025-08-09 23:44:33,314 - INFO - 处理 E01001575 - Greenwich
2025-08-09 23:44:36,445 - INFO -   找到 80 张图片
2025-08-09 23:44:50,370 - INFO -   ✅ GVI = 18.38%
2025-08-09 23:44:50,374 - INFO - 
[17/300] E01001576
2025-08-09 23:44:50,374 - INFO - 处理 E01001576 - Greenwich
2025-08-09 23:44:52,347 - INFO -   找到 80 张图片
2025-08-09 23:45:05,705 - INFO -   ✅ GVI = 18.80%
2025-08-09 23:45:05,709 - INFO - 
[18/300] E01001577
2025-08-09 23:45:05,709 - INFO - 处理 E01001577 - Greenwich
2025-08-09 23:45:08,226 - INFO -   找到 80 张图片
2025-08-09 23:45:19,246 - INFO -   ✅ GVI = 4.87%
2025-08-09 23:45:19,250 - INFO - 
[19/300] E01001578
2025-08-09 23:45:19,250 - INFO - 处理 E01001578 - Greenwich
2025-08-09 23:45:20,502 - INFO -   找到 80 张图片
2025-08-09 23:45:28,721 - INFO -   ✅ GVI = 4.00%
2025-08-09 23:45:28,725 - INFO - 
[20/300] E01001579
2025-08-09 23:45:28,725 - INFO - 处理 E01001579 - Greenwich
2025-08-09 23:45:37,039 - INFO -   找到 58 张图片
2025-08-09 23:45:46,844 - INFO -   ✅ GVI = 8.47%
2025-08-09 23:45:46,849 - INFO - 
--- 进度报告 ---
2025-08-09 23:45:46,849 - INFO - 已完成(GVI计算): 286
2025-08-09 23:45:46,849 - INFO - 数据不足(<30): 0
2025-08-09 23:45:46,849 - INFO - 无数据: 0
2025-08-09 23:45:46,850 - INFO - 总计: 286
2025-08-09 23:45:46,850 - INFO - 
[21/300] E01001580
2025-08-09 23:45:46,850 - INFO - 处理 E01001580 - Greenwich
2025-08-09 23:45:56,197 - INFO -   找到 80 张图片
2025-08-09 23:46:10,113 - INFO -   ✅ GVI = 18.99%
2025-08-09 23:46:10,117 - INFO - 
[22/300] E01001581
2025-08-09 23:46:10,117 - INFO - 处理 E01001581 - Greenwich
2025-08-09 23:46:18,361 - INFO -   找到 80 张图片
2025-08-09 23:46:31,911 - INFO -   ✅ GVI = 14.86%
2025-08-09 23:46:31,915 - INFO - 
[23/300] E01001582
2025-08-09 23:46:31,915 - INFO - 处理 E01001582 - Greenwich
2025-08-09 23:46:51,642 - INFO -   找到 80 张图片
2025-08-09 23:47:06,188 - INFO -   ✅ GVI = 29.66%
2025-08-09 23:47:06,193 - INFO - 
[24/300] E01001584
2025-08-09 23:47:06,193 - INFO - 处理 E01001584 - Greenwich
2025-08-09 23:47:10,031 - INFO -   找到 80 张图片
2025-08-09 23:47:22,246 - INFO -   ✅ GVI = 9.68%
2025-08-09 23:47:22,250 - INFO - 
[25/300] E01001587
2025-08-09 23:47:22,250 - INFO - 处理 E01001587 - Greenwich
2025-08-09 23:47:31,687 - INFO -   找到 80 张图片
2025-08-09 23:47:45,763 - INFO -   ✅ GVI = 32.03%
2025-08-09 23:47:45,767 - INFO - 
[26/300] E01001588
2025-08-09 23:47:45,767 - INFO - 处理 E01001588 - Greenwich
2025-08-09 23:47:55,345 - INFO -   找到 80 张图片
2025-08-09 23:48:08,209 - INFO -   ✅ GVI = 25.58%
2025-08-09 23:48:08,213 - INFO - 
[27/300] E01001589
2025-08-09 23:48:08,213 - INFO - 处理 E01001589 - Greenwich
2025-08-09 23:48:16,657 - INFO -   找到 80 张图片
2025-08-09 23:48:30,893 - INFO -   ✅ GVI = 14.81%
2025-08-09 23:48:30,897 - INFO - 
[28/300] E01001590
2025-08-09 23:48:30,897 - INFO - 处理 E01001590 - Greenwich
2025-08-09 23:48:38,638 - INFO -   找到 80 张图片
2025-08-09 23:48:50,795 - INFO -   ✅ GVI = 8.01%
2025-08-09 23:48:50,800 - INFO - 
[29/300] E01001591
2025-08-09 23:48:50,800 - INFO - 处理 E01001591 - Greenwich
2025-08-09 23:48:55,290 - INFO -   找到 80 张图片
2025-08-09 23:49:08,440 - INFO -   ✅ GVI = 13.47%
2025-08-09 23:49:08,444 - INFO - 
[30/300] E01001592
2025-08-09 23:49:08,444 - INFO - 处理 E01001592 - Greenwich
2025-08-09 23:49:14,029 - INFO -   找到 80 张图片
2025-08-09 23:49:27,044 - INFO -   ✅ GVI = 6.11%
2025-08-09 23:49:27,049 - INFO - 
--- 进度报告 ---
2025-08-09 23:49:27,050 - INFO - 已完成(GVI计算): 296
2025-08-09 23:49:27,050 - INFO - 数据不足(<30): 0
2025-08-09 23:49:27,050 - INFO - 无数据: 0
2025-08-09 23:49:27,050 - INFO - 总计: 296
2025-08-09 23:49:27,050 - INFO - 
[31/300] E01001593
2025-08-09 23:49:27,050 - INFO - 处理 E01001593 - Greenwich
2025-08-09 23:49:33,927 - INFO -   找到 80 张图片
2025-08-09 23:49:46,698 - INFO -   ✅ GVI = 6.88%
2025-08-09 23:49:46,702 - INFO - 
[32/300] E01001594
2025-08-09 23:49:46,702 - INFO - 处理 E01001594 - Greenwich
2025-08-09 23:49:52,870 - INFO -   找到 80 张图片
2025-08-09 23:50:03,513 - INFO -   ✅ GVI = 14.93%
2025-08-09 23:50:03,517 - INFO - 
[33/300] E01001597
2025-08-09 23:50:03,517 - INFO - 处理 E01001597 - Greenwich
2025-08-09 23:50:12,651 - INFO -   找到 80 张图片
2025-08-09 23:50:27,363 - INFO -   ✅ GVI = 18.14%
2025-08-09 23:50:27,367 - INFO - 
[34/300] E01001598
2025-08-09 23:50:27,367 - INFO - 处理 E01001598 - Greenwich
2025-08-09 23:50:39,847 - INFO -   找到 80 张图片
2025-08-09 23:50:53,620 - INFO -   ✅ GVI = 14.94%
2025-08-09 23:50:53,624 - INFO - 
[35/300] E01001599
2025-08-09 23:50:53,624 - INFO - 处理 E01001599 - Greenwich
2025-08-09 23:51:02,573 - INFO -   找到 80 张图片
2025-08-09 23:51:16,031 - INFO -   ✅ GVI = 14.99%
2025-08-09 23:51:16,035 - INFO - 
[36/300] E01001600
2025-08-09 23:51:16,035 - INFO - 处理 E01001600 - Greenwich
2025-08-09 23:51:23,123 - INFO -   找到 80 张图片
2025-08-09 23:51:36,290 - INFO -   ✅ GVI = 12.01%
2025-08-09 23:51:36,294 - INFO - 
[37/300] E01001601
2025-08-09 23:51:36,294 - INFO - 处理 E01001601 - Greenwich
2025-08-09 23:51:41,840 - INFO -   找到 80 张图片
2025-08-09 23:51:54,128 - INFO -   ✅ GVI = 13.97%
2025-08-09 23:51:54,132 - INFO - 
[38/300] E01001602
2025-08-09 23:51:54,132 - INFO - 处理 E01001602 - Greenwich
2025-08-09 23:52:04,263 - INFO -   找到 80 张图片
2025-08-09 23:52:17,290 - INFO -   ✅ GVI = 14.04%
2025-08-09 23:52:17,295 - INFO - 
[39/300] E01001603
2025-08-09 23:52:17,295 - INFO - 处理 E01001603 - Greenwich
2025-08-09 23:52:23,265 - INFO -   找到 80 张图片
2025-08-09 23:52:35,194 - INFO -   ✅ GVI = 15.51%
2025-08-09 23:52:35,198 - INFO - 
[40/300] E01001604
2025-08-09 23:52:35,198 - INFO - 处理 E01001604 - Greenwich
2025-08-09 23:52:45,251 - INFO -   找到 80 张图片
2025-08-09 23:52:58,788 - INFO -   ✅ GVI = 17.31%
2025-08-09 23:52:58,794 - INFO - 
--- 进度报告 ---
2025-08-09 23:52:58,794 - INFO - 已完成(GVI计算): 306
2025-08-09 23:52:58,794 - INFO - 数据不足(<30): 0
2025-08-09 23:52:58,794 - INFO - 无数据: 0
2025-08-09 23:52:58,794 - INFO - 总计: 306
2025-08-09 23:52:58,794 - INFO - 
[41/300] E01001605
2025-08-09 23:52:58,794 - INFO - 处理 E01001605 - Greenwich
2025-08-09 23:53:08,359 - INFO -   找到 80 张图片
2025-08-09 23:53:20,960 - INFO -   ✅ GVI = 13.91%
2025-08-09 23:53:20,964 - INFO - 
[42/300] E01001606
2025-08-09 23:53:20,964 - INFO - 处理 E01001606 - Greenwich
2025-08-09 23:53:23,514 - INFO -   找到 80 张图片
2025-08-09 23:53:37,104 - INFO -   ✅ GVI = 4.78%
2025-08-09 23:53:37,109 - INFO - 
[43/300] E01001607
2025-08-09 23:53:37,109 - INFO - 处理 E01001607 - Greenwich
2025-08-09 23:53:45,926 - INFO -   找到 80 张图片
2025-08-09 23:53:58,982 - INFO -   ✅ GVI = 12.75%
2025-08-09 23:53:58,986 - INFO - 
[44/300] E01001610
2025-08-09 23:53:58,987 - INFO - 处理 E01001610 - Greenwich
2025-08-09 23:54:02,607 - INFO -   找到 80 张图片
2025-08-09 23:54:16,093 - INFO -   ✅ GVI = 29.39%
2025-08-09 23:54:16,098 - INFO - 
[45/300] E01001611
2025-08-09 23:54:16,098 - INFO - 处理 E01001611 - Greenwich
2025-08-09 23:54:19,453 - INFO -   找到 80 张图片
2025-08-09 23:54:30,138 - INFO -   ✅ GVI = 14.21%
2025-08-09 23:54:30,142 - INFO - 
[46/300] E01001613
2025-08-09 23:54:30,142 - INFO - 处理 E01001613 - Greenwich
2025-08-09 23:54:39,762 - INFO -   找到 80 张图片
2025-08-09 23:54:52,267 - INFO -   ✅ GVI = 15.17%
2025-08-09 23:54:52,272 - INFO - 
[47/300] E01001614
2025-08-09 23:54:52,273 - INFO - 处理 E01001614 - Greenwich
2025-08-09 23:54:58,155 - INFO -   找到 80 张图片
2025-08-09 23:55:12,077 - INFO -   ✅ GVI = 19.38%
2025-08-09 23:55:12,081 - INFO - 
[48/300] E01001615
2025-08-09 23:55:12,081 - INFO - 处理 E01001615 - Greenwich
2025-08-09 23:55:19,275 - INFO -   找到 80 张图片
2025-08-09 23:55:34,107 - INFO -   ✅ GVI = 25.47%
2025-08-09 23:55:34,112 - INFO - 
[49/300] E01001617
2025-08-09 23:55:34,112 - INFO - 处理 E01001617 - Greenwich
2025-08-09 23:55:41,760 - INFO -   找到 80 张图片
2025-08-09 23:55:54,571 - INFO -   ✅ GVI = 22.43%
2025-08-09 23:55:54,575 - INFO - 
[50/300] E01001618
2025-08-09 23:55:54,575 - INFO - 处理 E01001618 - Greenwich
2025-08-09 23:56:04,142 - INFO -   找到 80 张图片
2025-08-09 23:56:18,905 - INFO -   ✅ GVI = 21.08%
2025-08-09 23:56:18,910 - INFO - 
--- 进度报告 ---
2025-08-09 23:56:18,910 - INFO - 已完成(GVI计算): 316
2025-08-09 23:56:18,910 - INFO - 数据不足(<30): 0
2025-08-09 23:56:18,910 - INFO - 无数据: 0
2025-08-09 23:56:18,910 - INFO - 总计: 316
2025-08-09 23:56:18,911 - INFO - 
批次 2：处理 51-100/300
2025-08-09 23:56:18,911 - INFO - 
[51/300] E01001619
2025-08-09 23:56:18,911 - INFO - 处理 E01001619 - Greenwich
2025-08-09 23:56:20,588 - INFO -   找到 80 张图片
2025-08-09 23:56:32,342 - INFO -   ✅ GVI = 15.18%
2025-08-09 23:56:32,346 - INFO - 
[52/300] E01001620
2025-08-09 23:56:32,346 - INFO - 处理 E01001620 - Greenwich
2025-08-09 23:56:42,965 - INFO -   找到 80 张图片
2025-08-09 23:56:56,419 - INFO -   ✅ GVI = 22.05%
2025-08-09 23:56:56,425 - INFO - 
[53/300] E01001621
2025-08-09 23:56:56,425 - INFO - 处理 E01001621 - Greenwich
2025-08-09 23:57:00,478 - INFO -   找到 80 张图片
2025-08-09 23:57:13,145 - INFO -   ✅ GVI = 22.35%
2025-08-09 23:57:13,149 - INFO - 
[54/300] E01001623
2025-08-09 23:57:13,149 - INFO - 处理 E01001623 - Greenwich
2025-08-09 23:57:23,258 - INFO -   找到 80 张图片
2025-08-09 23:57:37,328 - INFO -   ✅ GVI = 25.32%
2025-08-09 23:57:37,335 - INFO - 
[55/300] E01001624
2025-08-09 23:57:37,335 - INFO - 处理 E01001624 - Greenwich
2025-08-09 23:57:42,072 - INFO -   找到 80 张图片
2025-08-09 23:57:54,653 - INFO -   ✅ GVI = 20.50%
2025-08-09 23:57:54,657 - INFO - 
[56/300] E01001625
2025-08-09 23:57:54,657 - INFO - 处理 E01001625 - Greenwich
2025-08-09 23:57:57,866 - INFO -   找到 80 张图片
2025-08-09 23:58:10,125 - INFO -   ✅ GVI = 20.87%
2025-08-09 23:58:10,129 - INFO - 
[57/300] E01001629
2025-08-09 23:58:10,129 - INFO - 处理 E01001629 - Greenwich
2025-08-09 23:58:17,768 - INFO -   找到 80 张图片
2025-08-09 23:58:32,117 - INFO -   ✅ GVI = 12.87%
2025-08-09 23:58:32,124 - INFO - 
[58/300] E01001632
2025-08-09 23:58:32,124 - INFO - 处理 E01001632 - Greenwich
2025-08-09 23:58:34,107 - INFO -   找到 80 张图片
2025-08-09 23:58:49,127 - INFO -   ✅ GVI = 6.35%
2025-08-09 23:58:49,132 - INFO - 
[59/300] E01001633
2025-08-09 23:58:49,132 - INFO - 处理 E01001633 - Greenwich
2025-08-09 23:58:50,668 - INFO -   找到 80 张图片
2025-08-09 23:59:04,569 - INFO -   ✅ GVI = 5.35%
2025-08-09 23:59:04,573 - INFO - 
[60/300] E01001634
2025-08-09 23:59:04,573 - INFO - 处理 E01001634 - Greenwich
2025-08-09 23:59:05,437 - INFO -   找到 80 张图片
2025-08-09 23:59:15,612 - INFO -   ✅ GVI = 5.36%
2025-08-09 23:59:15,617 - INFO - 
--- 进度报告 ---
2025-08-09 23:59:15,617 - INFO - 已完成(GVI计算): 326
2025-08-09 23:59:15,617 - INFO - 数据不足(<30): 0
2025-08-09 23:59:15,617 - INFO - 无数据: 0
2025-08-09 23:59:15,618 - INFO - 总计: 326
2025-08-09 23:59:15,618 - INFO - 
[61/300] E01001635
2025-08-09 23:59:15,618 - INFO - 处理 E01001635 - Greenwich
2025-08-09 23:59:18,252 - INFO -   找到 80 张图片
2025-08-09 23:59:30,060 - INFO -   ✅ GVI = 13.40%
2025-08-09 23:59:30,064 - INFO - 
[62/300] E01001636
2025-08-09 23:59:30,065 - INFO - 处理 E01001636 - Greenwich
2025-08-09 23:59:31,536 - INFO -   找到 80 张图片
2025-08-09 23:59:39,545 - INFO -   ✅ GVI = 8.75%
2025-08-09 23:59:39,549 - INFO - 
[63/300] E01001637
2025-08-09 23:59:39,550 - INFO - 处理 E01001637 - Greenwich
2025-08-09 23:59:42,060 - INFO -   找到 80 张图片
2025-08-09 23:59:54,345 - INFO -   ✅ GVI = 12.25%
2025-08-09 23:59:54,349 - INFO - 
[64/300] E01001638
2025-08-09 23:59:54,349 - INFO - 处理 E01001638 - Greenwich
2025-08-09 23:59:59,723 - INFO -   找到 80 张图片
2025-08-10 00:00:12,531 - INFO -   ✅ GVI = 9.66%
2025-08-10 00:00:12,536 - INFO - 
[65/300] E01001641
2025-08-10 00:00:12,536 - INFO - 处理 E01001641 - Greenwich
2025-08-10 00:00:27,358 - INFO -   找到 80 张图片
2025-08-10 00:00:42,143 - INFO -   ✅ GVI = 24.18%
2025-08-10 00:00:42,147 - INFO - 
[66/300] E01001642
2025-08-10 00:00:42,147 - INFO - 处理 E01001642 - Greenwich
2025-08-10 00:00:48,092 - INFO -   找到 80 张图片
2025-08-10 00:00:59,853 - INFO -   ✅ GVI = 36.25%
2025-08-10 00:00:59,859 - INFO - 
[67/300] E01001644
2025-08-10 00:00:59,860 - INFO - 处理 E01001644 - Greenwich
2025-08-10 00:01:05,863 - INFO -   找到 80 张图片
2025-08-10 00:01:18,153 - INFO -   ✅ GVI = 5.35%
2025-08-10 00:01:18,159 - INFO - 
[68/300] E01001646
2025-08-10 00:01:18,159 - INFO - 处理 E01001646 - Greenwich
2025-08-10 00:01:25,369 - INFO -   找到 80 张图片
2025-08-10 00:01:40,425 - INFO -   ✅ GVI = 29.64%
2025-08-10 00:01:40,432 - INFO - 
[69/300] E01001647
2025-08-10 00:01:40,432 - INFO - 处理 E01001647 - Greenwich
2025-08-10 00:01:43,977 - INFO -   找到 80 张图片
2025-08-10 00:01:57,916 - INFO -   ✅ GVI = 32.52%
2025-08-10 00:01:57,921 - INFO - 
[70/300] E01001649
2025-08-10 00:01:57,921 - INFO - 处理 E01001649 - Greenwich
2025-08-10 00:01:59,361 - INFO -   找到 80 张图片
2025-08-10 00:02:12,716 - INFO -   ✅ GVI = 35.42%
2025-08-10 00:02:12,724 - INFO - 
--- 进度报告 ---
2025-08-10 00:02:12,724 - INFO - 已完成(GVI计算): 336
2025-08-10 00:02:12,724 - INFO - 数据不足(<30): 0
2025-08-10 00:02:12,724 - INFO - 无数据: 0
2025-08-10 00:02:12,724 - INFO - 总计: 336
2025-08-10 00:02:12,725 - INFO - 
[71/300] E01001651
2025-08-10 00:02:12,725 - INFO - 处理 E01001651 - Greenwich
2025-08-10 00:02:19,664 - INFO -   找到 80 张图片
2025-08-10 00:02:31,242 - INFO -   ✅ GVI = 16.80%
2025-08-10 00:02:31,247 - INFO - 
[72/300] E01001652
2025-08-10 00:02:31,248 - INFO - 处理 E01001652 - Greenwich
2025-08-10 00:02:38,019 - INFO -   找到 80 张图片
2025-08-10 00:02:49,609 - INFO -   ✅ GVI = 7.87%
2025-08-10 00:02:49,614 - INFO - 
[73/300] E01001653
2025-08-10 00:02:49,614 - INFO - 处理 E01001653 - Greenwich
2025-08-10 00:02:57,916 - INFO -   找到 80 张图片
2025-08-10 00:03:12,292 - INFO -   ✅ GVI = 14.94%
2025-08-10 00:03:12,299 - INFO - 
[74/300] E01001654
2025-08-10 00:03:12,299 - INFO - 处理 E01001654 - Greenwich
2025-08-10 00:03:14,567 - INFO -   找到 80 张图片
2025-08-10 00:03:29,157 - INFO -   ✅ GVI = 28.79%
2025-08-10 00:03:29,163 - INFO - 
[75/300] E01001655
2025-08-10 00:03:29,163 - INFO - 处理 E01001655 - Greenwich
2025-08-10 00:03:35,180 - INFO -   找到 80 张图片
2025-08-10 00:03:46,523 - INFO -   ✅ GVI = 15.83%
2025-08-10 00:03:46,528 - INFO - 
[76/300] E01001656
2025-08-10 00:03:46,528 - INFO - 处理 E01001656 - Greenwich
2025-08-10 00:03:48,821 - INFO -   找到 80 张图片
2025-08-10 00:03:57,738 - INFO -   ✅ GVI = 15.41%
2025-08-10 00:03:57,743 - INFO - 
[77/300] E01001657
2025-08-10 00:03:57,743 - INFO - 处理 E01001657 - Greenwich
2025-08-10 00:03:59,713 - INFO -   找到 80 张图片
2025-08-10 00:04:10,023 - INFO -   ✅ GVI = 13.76%
2025-08-10 00:04:10,027 - INFO - 
[78/300] E01001658
2025-08-10 00:04:10,027 - INFO - 处理 E01001658 - Greenwich
2025-08-10 00:04:19,042 - INFO -   找到 80 张图片
2025-08-10 00:04:33,342 - INFO -   ✅ GVI = 25.61%
2025-08-10 00:04:33,346 - INFO - 
[79/300] E01001659
2025-08-10 00:04:33,346 - INFO - 处理 E01001659 - Greenwich
2025-08-10 00:04:40,457 - INFO -   找到 80 张图片
2025-08-10 00:04:52,414 - INFO -   ✅ GVI = 26.42%
2025-08-10 00:04:52,418 - INFO - 
[80/300] E01001661
2025-08-10 00:04:52,418 - INFO - 处理 E01001661 - Greenwich
2025-08-10 00:04:54,909 - INFO -   找到 80 张图片
2025-08-10 00:05:06,039 - INFO -   ✅ GVI = 26.82%
2025-08-10 00:05:06,044 - INFO - 
--- 进度报告 ---
2025-08-10 00:05:06,044 - INFO - 已完成(GVI计算): 346
2025-08-10 00:05:06,044 - INFO - 数据不足(<30): 0
2025-08-10 00:05:06,044 - INFO - 无数据: 0
2025-08-10 00:05:06,044 - INFO - 总计: 346
2025-08-10 00:05:06,045 - INFO - 
[81/300] E01001662
2025-08-10 00:05:06,045 - INFO - 处理 E01001662 - Greenwich
2025-08-10 00:05:17,826 - INFO -   找到 80 张图片
2025-08-10 00:05:31,906 - INFO -   ✅ GVI = 9.35%
2025-08-10 00:05:31,910 - INFO - 
[82/300] E01001664
2025-08-10 00:05:31,910 - INFO - 处理 E01001664 - Greenwich
2025-08-10 00:05:41,212 - INFO -   找到 80 张图片
2025-08-10 00:05:54,905 - INFO -   ✅ GVI = 9.64%
2025-08-10 00:05:54,910 - INFO - 
[83/300] E01001665
2025-08-10 00:05:54,910 - INFO - 处理 E01001665 - Greenwich
2025-08-10 00:06:02,939 - INFO -   找到 80 张图片
2025-08-10 00:06:16,373 - INFO -   ✅ GVI = 7.57%
2025-08-10 00:06:16,377 - INFO - 
[84/300] E01001667
2025-08-10 00:06:16,377 - INFO - 处理 E01001667 - Greenwich
2025-08-10 00:06:36,773 - INFO -   找到 80 张图片
2025-08-10 00:06:51,394 - INFO -   ✅ GVI = 10.71%
2025-08-10 00:06:51,398 - INFO - 
[85/300] E01001668
2025-08-10 00:06:51,398 - INFO - 处理 E01001668 - Greenwich
2025-08-10 00:06:57,212 - INFO -   找到 80 张图片
2025-08-10 00:07:10,133 - INFO -   ✅ GVI = 5.97%
2025-08-10 00:07:10,138 - INFO - 
[86/300] E01001669
2025-08-10 00:07:10,138 - INFO - 处理 E01001669 - Greenwich
2025-08-10 00:07:13,519 - INFO -   找到 80 张图片
2025-08-10 00:07:26,949 - INFO -   ✅ GVI = 9.55%
2025-08-10 00:07:26,954 - INFO - 
[87/300] E01001671
2025-08-10 00:07:26,954 - INFO - 处理 E01001671 - Greenwich
2025-08-10 00:07:28,619 - INFO -   找到 80 张图片
2025-08-10 00:07:39,429 - INFO -   ✅ GVI = 21.80%
2025-08-10 00:07:39,433 - INFO - 
[88/300] E01001672
2025-08-10 00:07:39,433 - INFO - 处理 E01001672 - Greenwich
2025-08-10 00:07:41,912 - INFO -   找到 80 张图片
2025-08-10 00:07:53,885 - INFO -   ✅ GVI = 0.60%
2025-08-10 00:07:53,889 - INFO - 
[89/300] E01001673
2025-08-10 00:07:53,889 - INFO - 处理 E01001673 - Greenwich
2025-08-10 00:08:01,240 - INFO -   找到 80 张图片
2025-08-10 00:08:12,491 - INFO -   ✅ GVI = 2.39%
2025-08-10 00:08:12,495 - INFO - 
[90/300] E01001674
2025-08-10 00:08:12,495 - INFO - 处理 E01001674 - Greenwich
2025-08-10 00:08:15,752 - INFO -   找到 80 张图片
2025-08-10 00:08:27,315 - INFO -   ✅ GVI = 5.10%
2025-08-10 00:08:27,320 - INFO - 
--- 进度报告 ---
2025-08-10 00:08:27,321 - INFO - 已完成(GVI计算): 356
2025-08-10 00:08:27,321 - INFO - 数据不足(<30): 0
2025-08-10 00:08:27,321 - INFO - 无数据: 0
2025-08-10 00:08:27,321 - INFO - 总计: 356
2025-08-10 00:08:27,321 - INFO - 
[91/300] E01001675
2025-08-10 00:08:27,321 - INFO - 处理 E01001675 - Greenwich
2025-08-10 00:08:27,781 - INFO -   找到 80 张图片
2025-08-10 00:08:37,085 - INFO -   ✅ GVI = 1.41%
2025-08-10 00:08:37,089 - INFO - 
[92/300] E01001676
2025-08-10 00:08:37,089 - INFO - 处理 E01001676 - Greenwich
2025-08-10 00:08:38,228 - INFO -   找到 80 张图片
2025-08-10 00:08:46,247 - INFO -   ✅ GVI = 7.38%
2025-08-10 00:08:46,251 - INFO - 
[93/300] E01001677
2025-08-10 00:08:46,251 - INFO - 处理 E01001677 - Greenwich
2025-08-10 00:08:47,096 - INFO -   找到 80 张图片
2025-08-10 00:08:56,507 - INFO -   ✅ GVI = 2.24%
2025-08-10 00:08:56,512 - INFO - 
[94/300] E01001678
2025-08-10 00:08:56,512 - INFO - 处理 E01001678 - Greenwich
2025-08-10 00:09:01,020 - INFO -   找到 0 张图片
2025-08-10 00:09:01,031 - INFO - 
[95/300] E01001679
2025-08-10 00:09:01,032 - INFO - 处理 E01001679 - Greenwich
2025-08-10 00:09:02,993 - INFO -   找到 80 张图片
2025-08-10 00:09:18,576 - INFO -   ✅ GVI = 19.58%
2025-08-10 00:09:18,580 - INFO - 
[96/300] E01001680
2025-08-10 00:09:18,580 - INFO - 处理 E01001680 - Greenwich
2025-08-10 00:09:23,962 - INFO -   找到 80 张图片
2025-08-10 00:09:39,373 - INFO -   ✅ GVI = 36.99%
2025-08-10 00:09:39,379 - INFO - 
[97/300] E01001681
2025-08-10 00:09:39,380 - INFO - 处理 E01001681 - Greenwich
2025-08-10 00:09:40,864 - INFO -   找到 80 张图片
2025-08-10 00:09:51,522 - INFO -   ✅ GVI = 10.42%
2025-08-10 00:09:51,528 - INFO - 
[98/300] E01001682
2025-08-10 00:09:51,528 - INFO - 处理 E01001682 - Greenwich
2025-08-10 00:09:58,349 - INFO -   找到 80 张图片
2025-08-10 00:10:11,332 - INFO -   ✅ GVI = 27.88%
2025-08-10 00:10:11,337 - INFO - 
[99/300] E01001683
2025-08-10 00:10:11,337 - INFO - 处理 E01001683 - Greenwich
2025-08-10 00:10:12,176 - INFO -   找到 80 张图片
2025-08-10 00:10:20,331 - INFO -   ✅ GVI = 12.46%
2025-08-10 00:10:20,337 - INFO - 
[100/300] E01001684
2025-08-10 00:10:20,337 - INFO - 处理 E01001684 - Greenwich
2025-08-10 00:10:26,789 - INFO -   找到 80 张图片
2025-08-10 00:10:40,109 - INFO -   ✅ GVI = 27.99%
2025-08-10 00:10:40,118 - INFO - 
--- 进度报告 ---
2025-08-10 00:10:40,118 - INFO - 已完成(GVI计算): 365
2025-08-10 00:10:40,118 - INFO - 数据不足(<30): 0
2025-08-10 00:10:40,118 - INFO - 无数据: 1
2025-08-10 00:10:40,118 - INFO - 总计: 366
2025-08-10 00:10:40,118 - INFO - 
批次 3：处理 101-150/300
2025-08-10 00:10:40,119 - INFO - 
[101/300] E01001685
2025-08-10 00:10:40,119 - INFO - 处理 E01001685 - Greenwich
2025-08-10 00:10:42,165 - INFO -   找到 80 张图片
2025-08-10 00:10:49,978 - INFO -   ✅ GVI = 20.11%
2025-08-10 00:10:49,985 - INFO - 
[102/300] E01001686
2025-08-10 00:10:49,985 - INFO - 处理 E01001686 - Greenwich
2025-08-10 00:10:54,739 - INFO -   找到 80 张图片
2025-08-10 00:11:08,196 - INFO -   ✅ GVI = 13.18%
2025-08-10 00:11:08,202 - INFO - 
[103/300] E01001687
2025-08-10 00:11:08,203 - INFO - 处理 E01001687 - Greenwich
2025-08-10 00:11:14,707 - INFO -   找到 80 张图片
2025-08-10 00:11:26,594 - INFO -   ✅ GVI = 19.01%
2025-08-10 00:11:26,600 - INFO - 
[104/300] E01001688
2025-08-10 00:11:26,600 - INFO - 处理 E01001688 - Greenwich
2025-08-10 00:11:36,720 - INFO -   找到 80 张图片
2025-08-10 00:11:48,947 - INFO -   ✅ GVI = 18.26%
2025-08-10 00:11:48,954 - INFO - 
[105/300] E01001690
2025-08-10 00:11:48,954 - INFO - 处理 E01001690 - Greenwich
2025-08-10 00:11:50,739 - INFO -   找到 80 张图片
2025-08-10 00:12:04,682 - INFO -   ✅ GVI = 22.15%
2025-08-10 00:12:04,686 - INFO - 
[106/300] E01001692
2025-08-10 00:12:04,687 - INFO - 处理 E01001692 - Greenwich
2025-08-10 00:12:05,673 - INFO -   找到 80 张图片
2025-08-10 00:12:17,506 - INFO -   ✅ GVI = 26.00%
2025-08-10 00:12:17,512 - INFO - 
[107/300] E01001693
2025-08-10 00:12:17,512 - INFO - 处理 E01001693 - Greenwich
2025-08-10 00:12:18,646 - INFO -   找到 80 张图片
2025-08-10 00:12:27,149 - INFO -   ✅ GVI = 19.85%
2025-08-10 00:12:27,155 - INFO - 
[108/300] E01001694
2025-08-10 00:12:27,155 - INFO - 处理 E01001694 - Greenwich
2025-08-10 00:12:31,870 - INFO -   找到 80 张图片
2025-08-10 00:12:41,370 - INFO -   ✅ GVI = 32.05%
2025-08-10 00:12:41,376 - INFO - 
[109/300] E01001695
2025-08-10 00:12:41,376 - INFO - 处理 E01001695 - Greenwich
2025-08-10 00:12:42,574 - INFO -   找到 80 张图片
2025-08-10 00:12:53,818 - INFO -   ✅ GVI = 3.74%
2025-08-10 00:12:53,823 - INFO - 
[110/300] E01001696
2025-08-10 00:12:53,824 - INFO - 处理 E01001696 - Greenwich
2025-08-10 00:12:59,051 - INFO -   找到 80 张图片
2025-08-10 00:13:14,222 - INFO -   ✅ GVI = 13.26%
2025-08-10 00:13:14,228 - INFO - 
--- 进度报告 ---
2025-08-10 00:13:14,228 - INFO - 已完成(GVI计算): 375
2025-08-10 00:13:14,228 - INFO - 数据不足(<30): 0
2025-08-10 00:13:14,228 - INFO - 无数据: 1
2025-08-10 00:13:14,228 - INFO - 总计: 376
2025-08-10 00:13:14,229 - INFO - 
[111/300] E01001697
2025-08-10 00:13:14,229 - INFO - 处理 E01001697 - Greenwich
2025-08-10 00:13:17,849 - INFO -   找到 80 张图片
2025-08-10 00:13:30,736 - INFO -   ✅ GVI = 7.58%
2025-08-10 00:13:30,744 - INFO - 
[112/300] E01001698
2025-08-10 00:13:30,744 - INFO - 处理 E01001698 - Greenwich
2025-08-10 00:13:31,541 - INFO -   找到 80 张图片
2025-08-10 00:13:42,730 - INFO -   ✅ GVI = 6.69%
2025-08-10 00:13:42,735 - INFO - 
[113/300] E01001699
2025-08-10 00:13:42,735 - INFO - 处理 E01001699 - Greenwich
2025-08-10 00:13:48,900 - INFO -   找到 80 张图片
2025-08-10 00:14:00,200 - INFO -   ✅ GVI = 14.96%
2025-08-10 00:14:00,206 - INFO - 
[114/300] E01001700
2025-08-10 00:14:00,206 - INFO - 处理 E01001700 - Greenwich
2025-08-10 00:14:01,214 - INFO -   找到 80 张图片
2025-08-10 00:14:09,893 - INFO -   ✅ GVI = 4.65%
2025-08-10 00:14:09,898 - INFO - 
[115/300] E01001701
2025-08-10 00:14:09,899 - INFO - 处理 E01001701 - Greenwich
2025-08-10 00:14:13,657 - INFO -   找到 80 张图片
2025-08-10 00:14:25,856 - INFO -   ✅ GVI = 23.35%
2025-08-10 00:14:25,860 - INFO - 
[116/300] E01001702
2025-08-10 00:14:25,861 - INFO - 处理 E01001702 - Greenwich
2025-08-10 00:14:26,616 - INFO -   找到 80 张图片
2025-08-10 00:14:37,066 - INFO -   ✅ GVI = 9.13%
2025-08-10 00:14:37,070 - INFO - 
[117/300] E01001703
2025-08-10 00:14:37,071 - INFO - 处理 E01001703 - Greenwich
2025-08-10 00:14:38,058 - INFO -   找到 80 张图片
2025-08-10 00:14:46,398 - INFO -   ✅ GVI = 4.12%
2025-08-10 00:14:46,403 - INFO - 
[118/300] E01001704
2025-08-10 00:14:46,403 - INFO - 处理 E01001704 - Greenwich
2025-08-10 00:14:47,014 - INFO -   找到 80 张图片
2025-08-10 00:14:55,229 - INFO -   ✅ GVI = 10.34%
2025-08-10 00:14:55,235 - INFO - 
[119/300] E01001706
2025-08-10 00:14:55,235 - INFO - 处理 E01001706 - Greenwich
2025-08-10 00:14:57,345 - INFO -   找到 80 张图片
2025-08-10 00:15:09,473 - INFO -   ✅ GVI = 12.07%
2025-08-10 00:15:09,477 - INFO - 
[120/300] E01001708
2025-08-10 00:15:09,478 - INFO - 处理 E01001708 - Greenwich
2025-08-10 00:15:10,548 - INFO -   找到 80 张图片
2025-08-10 00:15:20,456 - INFO -   ✅ GVI = 16.78%
2025-08-10 00:15:20,462 - INFO - 
--- 进度报告 ---
2025-08-10 00:15:20,463 - INFO - 已完成(GVI计算): 385
2025-08-10 00:15:20,463 - INFO - 数据不足(<30): 0
2025-08-10 00:15:20,463 - INFO - 无数据: 1
2025-08-10 00:15:20,463 - INFO - 总计: 386
2025-08-10 00:15:20,463 - INFO - 
[121/300] E01001709
2025-08-10 00:15:20,464 - INFO - 处理 E01001709 - Greenwich
2025-08-10 00:15:29,957 - INFO -   找到 80 张图片
2025-08-10 00:15:44,124 - INFO -   ✅ GVI = 10.82%
2025-08-10 00:15:44,129 - INFO - 
[122/300] E01001711
2025-08-10 00:15:44,129 - INFO - 处理 E01001711 - Greenwich
2025-08-10 00:15:53,070 - INFO -   找到 80 张图片
2025-08-10 00:16:07,310 - INFO -   ✅ GVI = 5.33%
2025-08-10 00:16:07,316 - INFO - 
[123/300] E01001712
2025-08-10 00:16:07,316 - INFO - 处理 E01001712 - Greenwich
2025-08-10 00:16:14,751 - INFO -   找到 80 张图片
2025-08-10 00:16:28,313 - INFO -   ✅ GVI = 7.13%
2025-08-10 00:16:28,318 - INFO - 
[124/300] E01001713
2025-08-10 00:16:28,318 - INFO - 处理 E01001713 - Greenwich
2025-08-10 00:16:36,103 - INFO -   找到 80 张图片
2025-08-10 00:16:49,417 - INFO -   ✅ GVI = 5.35%
2025-08-10 00:16:49,422 - INFO - 
[125/300] E01032567
2025-08-10 00:16:49,422 - INFO - 处理 E01032567 - Greenwich
2025-08-10 00:16:51,000 - INFO -   找到 80 张图片
2025-08-10 00:17:00,479 - INFO -   ✅ GVI = 9.60%
2025-08-10 00:17:00,486 - INFO - 
[126/300] E01033726
2025-08-10 00:17:00,486 - INFO - 处理 E01033726 - Greenwich
2025-08-10 00:17:04,959 - INFO -   找到 80 张图片
2025-08-10 00:17:17,816 - INFO -   ✅ GVI = 20.70%
2025-08-10 00:17:17,822 - INFO - 
[127/300] E01033727
2025-08-10 00:17:17,822 - INFO - 处理 E01033727 - Greenwich
2025-08-10 00:17:27,847 - INFO -   找到 80 张图片
2025-08-10 00:17:41,094 - INFO -   ✅ GVI = 12.06%
2025-08-10 00:17:41,100 - INFO - 
[128/300] E01033728
2025-08-10 00:17:41,100 - INFO - 处理 E01033728 - Greenwich
2025-08-10 00:17:45,535 - INFO -   找到 80 张图片
2025-08-10 00:17:55,896 - INFO -   ✅ GVI = 13.98%
2025-08-10 00:17:55,902 - INFO - 
[129/300] E01033729
2025-08-10 00:17:55,902 - INFO - 处理 E01033729 - Greenwich
2025-08-10 00:18:02,228 - INFO -   找到 80 张图片
2025-08-10 00:18:15,931 - INFO -   ✅ GVI = 31.40%
2025-08-10 00:18:15,936 - INFO - 
[130/300] E01033730
2025-08-10 00:18:15,937 - INFO - 处理 E01033730 - Greenwich
2025-08-10 00:18:23,666 - INFO -   找到 80 张图片
2025-08-10 00:18:36,153 - INFO -   ✅ GVI = 3.18%
2025-08-10 00:18:36,159 - INFO - 
--- 进度报告 ---
2025-08-10 00:18:36,159 - INFO - 已完成(GVI计算): 395
2025-08-10 00:18:36,161 - INFO - 数据不足(<30): 0
2025-08-10 00:18:36,161 - INFO - 无数据: 1
2025-08-10 00:18:36,161 - INFO - 总计: 396
2025-08-10 00:18:36,161 - INFO - 
[131/300] E01033731
2025-08-10 00:18:36,161 - INFO - 处理 E01033731 - Greenwich
2025-08-10 00:18:45,370 - INFO -   找到 80 张图片
2025-08-10 00:18:59,759 - INFO -   ✅ GVI = 12.60%
2025-08-10 00:18:59,765 - INFO - 
[132/300] E01033732
2025-08-10 00:18:59,765 - INFO - 处理 E01033732 - Greenwich
2025-08-10 00:19:10,619 - INFO -   找到 80 张图片
2025-08-10 00:19:25,528 - INFO -   ✅ GVI = 19.59%
2025-08-10 00:19:25,534 - INFO - 
[133/300] E01033733
2025-08-10 00:19:25,534 - INFO - 处理 E01033733 - Greenwich
2025-08-10 00:19:32,223 - INFO -   找到 80 张图片
2025-08-10 00:19:46,854 - INFO -   ✅ GVI = 18.77%
2025-08-10 00:19:46,859 - INFO - 
[134/300] E01033734
2025-08-10 00:19:46,860 - INFO - 处理 E01033734 - Greenwich
2025-08-10 00:19:55,512 - INFO -   找到 80 张图片
2025-08-10 00:20:09,435 - INFO -   ✅ GVI = 22.19%
2025-08-10 00:20:09,439 - INFO - 
[135/300] E01033735
2025-08-10 00:20:09,440 - INFO - 处理 E01033735 - Greenwich
2025-08-10 00:20:15,858 - INFO -   找到 80 张图片
2025-08-10 00:20:28,544 - INFO -   ✅ GVI = 8.35%
2025-08-10 00:20:28,548 - INFO - 
[136/300] E01033736
2025-08-10 00:20:28,548 - INFO - 处理 E01033736 - Greenwich
2025-08-10 00:20:35,522 - INFO -   找到 80 张图片
2025-08-10 00:20:49,050 - INFO -   ✅ GVI = 13.12%
2025-08-10 00:20:49,054 - INFO - 
[137/300] E01033737
2025-08-10 00:20:49,054 - INFO - 处理 E01033737 - Greenwich
2025-08-10 00:20:53,081 - INFO -   找到 80 张图片
2025-08-10 00:21:04,901 - INFO -   ✅ GVI = 5.48%
2025-08-10 00:21:04,906 - INFO - 
[138/300] E01033738
2025-08-10 00:21:04,906 - INFO - 处理 E01033738 - Greenwich
2025-08-10 00:21:12,563 - INFO -   找到 80 张图片
2025-08-10 00:21:25,752 - INFO -   ✅ GVI = 8.16%
2025-08-10 00:21:25,759 - INFO - 
[139/300] E01033739
2025-08-10 00:21:25,759 - INFO - 处理 E01033739 - Greenwich
2025-08-10 00:21:35,766 - INFO -   找到 80 张图片
2025-08-10 00:21:48,906 - INFO -   ✅ GVI = 31.72%
2025-08-10 00:21:48,911 - INFO - 
[140/300] E01033740
2025-08-10 00:21:48,911 - INFO - 处理 E01033740 - Greenwich
2025-08-10 00:21:52,422 - INFO -   找到 80 张图片
2025-08-10 00:22:03,271 - INFO -   ✅ GVI = 21.33%
2025-08-10 00:22:03,280 - INFO - 
--- 进度报告 ---
2025-08-10 00:22:03,280 - INFO - 已完成(GVI计算): 405
2025-08-10 00:22:03,281 - INFO - 数据不足(<30): 0
2025-08-10 00:22:03,281 - INFO - 无数据: 1
2025-08-10 00:22:03,281 - INFO - 总计: 406
2025-08-10 00:22:03,281 - INFO - 
[141/300] E01033741
2025-08-10 00:22:03,281 - INFO - 处理 E01033741 - Greenwich
2025-08-10 00:22:09,190 - INFO -   找到 80 张图片
2025-08-10 00:22:20,039 - INFO -   ✅ GVI = 23.25%
2025-08-10 00:22:20,046 - INFO - 
[142/300] E01033742
2025-08-10 00:22:20,046 - INFO - 处理 E01033742 - Greenwich
2025-08-10 00:22:24,436 - INFO -   找到 80 张图片
2025-08-10 00:22:36,292 - INFO -   ✅ GVI = 21.86%
2025-08-10 00:22:36,297 - INFO - 
[143/300] E01033744
2025-08-10 00:22:36,298 - INFO - 处理 E01033744 - Greenwich
2025-08-10 00:22:37,045 - INFO -   找到 80 张图片
2025-08-10 00:22:47,356 - INFO -   ✅ GVI = 21.13%
2025-08-10 00:22:47,362 - INFO - 
[144/300] E01033745
2025-08-10 00:22:47,362 - INFO - 处理 E01033745 - Greenwich
2025-08-10 00:22:54,205 - INFO -   找到 80 张图片
2025-08-10 00:23:04,977 - INFO -   ✅ GVI = 22.21%
2025-08-10 00:23:04,983 - INFO - 
[145/300] E01033746
2025-08-10 00:23:04,983 - INFO - 处理 E01033746 - Greenwich
2025-08-10 00:23:05,735 - INFO -   找到 80 张图片
2025-08-10 00:23:17,809 - INFO -   ✅ GVI = 4.91%
2025-08-10 00:23:17,813 - INFO - 
[146/300] E01001714
2025-08-10 00:23:17,814 - INFO - 处理 E01001714 - Hackney
2025-08-10 00:23:28,711 - INFO -   找到 80 张图片
2025-08-10 00:23:43,372 - INFO -   ✅ GVI = 14.41%
2025-08-10 00:23:43,376 - INFO - 
[147/300] E01001716
2025-08-10 00:23:43,377 - INFO - 处理 E01001716 - Hackney
2025-08-10 00:23:53,368 - INFO -   找到 80 张图片
2025-08-10 00:24:06,882 - INFO -   ✅ GVI = 12.74%
2025-08-10 00:24:06,887 - INFO - 
[148/300] E01001717
2025-08-10 00:24:06,888 - INFO - 处理 E01001717 - Hackney
2025-08-10 00:24:09,805 - INFO -   找到 80 张图片
2025-08-10 00:24:19,238 - INFO -   ✅ GVI = 15.96%
2025-08-10 00:24:19,243 - INFO - 
[149/300] E01001718
2025-08-10 00:24:19,244 - INFO - 处理 E01001718 - Hackney
2025-08-10 00:24:28,019 - INFO -   找到 80 张图片
2025-08-10 00:24:40,449 - INFO -   ✅ GVI = 8.58%
2025-08-10 00:24:40,454 - INFO - 
[150/300] E01001720
2025-08-10 00:24:40,454 - INFO - 处理 E01001720 - Hackney
2025-08-10 00:24:42,153 - INFO -   找到 80 张图片
2025-08-10 00:24:51,413 - INFO -   ✅ GVI = 4.93%
2025-08-10 00:24:51,422 - INFO - 
--- 进度报告 ---
2025-08-10 00:24:51,422 - INFO - 已完成(GVI计算): 415
2025-08-10 00:24:51,422 - INFO - 数据不足(<30): 0
2025-08-10 00:24:51,422 - INFO - 无数据: 1
2025-08-10 00:24:51,422 - INFO - 总计: 416
2025-08-10 00:24:51,422 - INFO - 
批次 4：处理 151-200/300
2025-08-10 00:24:51,423 - INFO - 
[151/300] E01001722
2025-08-10 00:24:51,423 - INFO - 处理 E01001722 - Hackney
2025-08-10 00:25:00,824 - INFO -   找到 36 张图片
2025-08-10 00:25:06,418 - INFO -   ✅ GVI = 13.66%
2025-08-10 00:25:06,424 - INFO - 
[152/300] E01001723
2025-08-10 00:25:06,424 - INFO - 处理 E01001723 - Hackney
2025-08-10 00:25:11,459 - INFO -   找到 0 张图片
2025-08-10 00:25:11,466 - INFO - 
[153/300] E01001724
2025-08-10 00:25:11,466 - INFO - 处理 E01001724 - Hackney
2025-08-10 00:25:15,259 - INFO -   找到 80 张图片
2025-08-10 00:25:29,529 - INFO -   ✅ GVI = 6.31%
2025-08-10 00:25:29,533 - INFO - 
[154/300] E01001725
2025-08-10 00:25:29,534 - INFO - 处理 E01001725 - Hackney
2025-08-10 00:25:33,071 - INFO -   找到 80 张图片
2025-08-10 00:25:46,561 - INFO -   ✅ GVI = 19.05%
2025-08-10 00:25:46,567 - INFO - 
[155/300] E01001726
2025-08-10 00:25:46,567 - INFO - 处理 E01001726 - Hackney
2025-08-10 00:25:47,149 - INFO -   找到 80 张图片
2025-08-10 00:25:57,262 - INFO -   ✅ GVI = 20.47%
2025-08-10 00:25:57,267 - INFO - 
[156/300] E01001727
2025-08-10 00:25:57,267 - INFO - 处理 E01001727 - Hackney
2025-08-10 00:26:06,377 - INFO -   找到 66 张图片
2025-08-10 00:26:15,509 - INFO -   ✅ GVI = 25.46%
2025-08-10 00:26:15,513 - INFO - 
[157/300] E01001728
2025-08-10 00:26:15,513 - INFO - 处理 E01001728 - Hackney
2025-08-10 00:26:24,609 - INFO -   找到 60 张图片
2025-08-10 00:26:30,354 - INFO -   ✅ GVI = 14.86%
2025-08-10 00:26:30,360 - INFO - 
[158/300] E01001729
2025-08-10 00:26:30,360 - INFO - 处理 E01001729 - Hackney
2025-08-10 00:26:38,911 - INFO -   找到 80 张图片
2025-08-10 00:26:52,020 - INFO -   ✅ GVI = 10.42%
2025-08-10 00:26:52,026 - INFO - 
[159/300] E01001730
2025-08-10 00:26:52,026 - INFO - 处理 E01001730 - Hackney
2025-08-10 00:26:55,563 - INFO -   找到 80 张图片
2025-08-10 00:27:05,610 - INFO -   ✅ GVI = 11.90%
2025-08-10 00:27:05,617 - INFO - 
[160/300] E01001731
2025-08-10 00:27:05,617 - INFO - 处理 E01001731 - Hackney
2025-08-10 00:27:08,782 - INFO -   找到 80 张图片
2025-08-10 00:27:21,558 - INFO -   ✅ GVI = 6.92%
2025-08-10 00:27:21,564 - INFO - 
--- 进度报告 ---
2025-08-10 00:27:21,564 - INFO - 已完成(GVI计算): 424
2025-08-10 00:27:21,565 - INFO - 数据不足(<30): 0
2025-08-10 00:27:21,565 - INFO - 无数据: 2
2025-08-10 00:27:21,565 - INFO - 总计: 426
2025-08-10 00:27:21,565 - INFO - 
[161/300] E01001732
2025-08-10 00:27:21,565 - INFO - 处理 E01001732 - Hackney
2025-08-10 00:27:31,435 - INFO -   找到 77 张图片
2025-08-10 00:27:42,153 - INFO -   ✅ GVI = 16.65%
2025-08-10 00:27:42,157 - INFO - 
[162/300] E01001733
2025-08-10 00:27:42,158 - INFO - 处理 E01001733 - Hackney
2025-08-10 00:27:44,347 - INFO -   找到 80 张图片
2025-08-10 00:27:55,245 - INFO -   ✅ GVI = 5.83%
2025-08-10 00:27:55,253 - INFO - 
[163/300] E01001734
2025-08-10 00:27:55,253 - INFO - 处理 E01001734 - Hackney
2025-08-10 00:28:05,051 - INFO -   找到 80 张图片
2025-08-10 00:28:18,445 - INFO -   ✅ GVI = 19.35%
2025-08-10 00:28:18,450 - INFO - 
[164/300] E01001735
2025-08-10 00:28:18,450 - INFO - 处理 E01001735 - Hackney
2025-08-10 00:28:21,561 - INFO -   找到 80 张图片
2025-08-10 00:28:32,583 - INFO -   ✅ GVI = 18.73%
2025-08-10 00:28:32,589 - INFO - 
[165/300] E01001736
2025-08-10 00:28:32,589 - INFO - 处理 E01001736 - Hackney
2025-08-10 00:28:35,063 - INFO -   找到 80 张图片
2025-08-10 00:28:45,075 - INFO -   ✅ GVI = 18.24%
2025-08-10 00:28:45,082 - INFO - 
[166/300] E01001737
2025-08-10 00:28:45,082 - INFO - 处理 E01001737 - Hackney
2025-08-10 00:28:48,592 - INFO -   找到 80 张图片
2025-08-10 00:29:00,691 - INFO -   ✅ GVI = 19.78%
2025-08-10 00:29:00,697 - INFO - 
[167/300] E01001738
2025-08-10 00:29:00,697 - INFO - 处理 E01001738 - Hackney
2025-08-10 00:29:02,105 - INFO -   找到 80 张图片
2025-08-10 00:29:11,973 - INFO -   ✅ GVI = 5.42%
2025-08-10 00:29:11,981 - INFO - 
[168/300] E01001739
2025-08-10 00:29:11,981 - INFO - 处理 E01001739 - Hackney
2025-08-10 00:29:13,997 - INFO -   找到 80 张图片
2025-08-10 00:29:22,673 - INFO -   ✅ GVI = 9.28%
2025-08-10 00:29:22,680 - INFO - 
[169/300] E01001740
2025-08-10 00:29:22,680 - INFO - 处理 E01001740 - Hackney
2025-08-10 00:29:24,737 - INFO -   找到 80 张图片
2025-08-10 00:29:32,921 - INFO -   ✅ GVI = 13.79%
2025-08-10 00:29:32,926 - INFO - 
[170/300] E01001741
2025-08-10 00:29:32,926 - INFO - 处理 E01001741 - Hackney
2025-08-10 00:29:35,880 - INFO -   找到 80 张图片
2025-08-10 00:29:45,484 - INFO -   ✅ GVI = 15.00%
2025-08-10 00:29:45,490 - INFO - 
--- 进度报告 ---
2025-08-10 00:29:45,491 - INFO - 已完成(GVI计算): 434
2025-08-10 00:29:45,491 - INFO - 数据不足(<30): 0
2025-08-10 00:29:45,491 - INFO - 无数据: 2
2025-08-10 00:29:45,491 - INFO - 总计: 436
2025-08-10 00:29:45,491 - INFO - 
[171/300] E01001742
2025-08-10 00:29:45,491 - INFO - 处理 E01001742 - Hackney
2025-08-10 00:29:47,920 - INFO -   找到 80 张图片
2025-08-10 00:29:56,267 - INFO -   ✅ GVI = 22.79%
2025-08-10 00:29:56,275 - INFO - 
[172/300] E01001744
2025-08-10 00:29:56,275 - INFO - 处理 E01001744 - Hackney
2025-08-10 00:30:05,156 - INFO -   找到 80 张图片
2025-08-10 00:30:18,901 - INFO -   ✅ GVI = 8.88%
2025-08-10 00:30:18,907 - INFO - 
[173/300] E01001745
2025-08-10 00:30:18,907 - INFO - 处理 E01001745 - Hackney
2025-08-10 00:30:23,488 - INFO -   找到 80 张图片
2025-08-10 00:30:34,661 - INFO -   ✅ GVI = 8.20%
2025-08-10 00:30:34,669 - INFO - 
[174/300] E01001746
2025-08-10 00:30:34,669 - INFO - 处理 E01001746 - Hackney
2025-08-10 00:30:41,007 - INFO -   找到 42 张图片
2025-08-10 00:30:46,308 - INFO -   ✅ GVI = 26.84%
2025-08-10 00:30:46,314 - INFO - 
[175/300] E01001747
2025-08-10 00:30:46,314 - INFO - 处理 E01001747 - Hackney
2025-08-10 00:30:54,287 - INFO -   找到 80 张图片
2025-08-10 00:31:06,651 - INFO -   ✅ GVI = 0.96%
2025-08-10 00:31:06,656 - INFO - 
[176/300] E01001748
2025-08-10 00:31:06,656 - INFO - 处理 E01001748 - Hackney
2025-08-10 00:31:11,464 - INFO -   找到 80 张图片
2025-08-10 00:31:22,707 - INFO -   ✅ GVI = 2.93%
2025-08-10 00:31:22,712 - INFO - 
[177/300] E01001749
2025-08-10 00:31:22,713 - INFO - 处理 E01001749 - Hackney
2025-08-10 00:31:26,388 - INFO -   找到 80 张图片
2025-08-10 00:31:38,994 - INFO -   ✅ GVI = 8.46%
2025-08-10 00:31:39,000 - INFO - 
[178/300] E01001750
2025-08-10 00:31:39,000 - INFO - 处理 E01001750 - Hackney
2025-08-10 00:31:51,335 - INFO -   找到 80 张图片
2025-08-10 00:32:05,458 - INFO -   ✅ GVI = 11.55%
2025-08-10 00:32:05,464 - INFO - 
[179/300] E01001751
2025-08-10 00:32:05,464 - INFO - 处理 E01001751 - Hackney
2025-08-10 00:32:10,243 - INFO -   找到 80 张图片
2025-08-10 00:32:22,938 - INFO -   ✅ GVI = 13.19%
2025-08-10 00:32:22,945 - INFO - 
[180/300] E01001752
2025-08-10 00:32:22,945 - INFO - 处理 E01001752 - Hackney
2025-08-10 00:32:32,460 - INFO -   找到 80 张图片
2025-08-10 00:32:47,743 - INFO -   ✅ GVI = 6.76%
2025-08-10 00:32:47,750 - INFO - 
--- 进度报告 ---
2025-08-10 00:32:47,750 - INFO - 已完成(GVI计算): 444
2025-08-10 00:32:47,750 - INFO - 数据不足(<30): 0
2025-08-10 00:32:47,750 - INFO - 无数据: 2
2025-08-10 00:32:47,750 - INFO - 总计: 446
2025-08-10 00:32:47,751 - INFO - 
[181/300] E01001753
2025-08-10 00:32:47,751 - INFO - 处理 E01001753 - Hackney
2025-08-10 00:32:50,258 - INFO -   找到 80 张图片
2025-08-10 00:33:04,425 - INFO -   ✅ GVI = 9.69%
2025-08-10 00:33:04,430 - INFO - 
[182/300] E01001754
2025-08-10 00:33:04,430 - INFO - 处理 E01001754 - Hackney
2025-08-10 00:33:08,452 - INFO -   找到 80 张图片
2025-08-10 00:33:21,113 - INFO -   ✅ GVI = 7.40%
2025-08-10 00:33:21,117 - INFO - 
[183/300] E01001755
2025-08-10 00:33:21,117 - INFO - 处理 E01001755 - Hackney
2025-08-10 00:33:25,497 - INFO -   找到 80 张图片
2025-08-10 00:33:38,597 - INFO -   ✅ GVI = 10.49%
2025-08-10 00:33:38,604 - INFO - 
[184/300] E01001756
2025-08-10 00:33:38,604 - INFO - 处理 E01001756 - Hackney
2025-08-10 00:33:48,548 - INFO -   找到 80 张图片
2025-08-10 00:34:01,442 - INFO -   ✅ GVI = 5.70%
2025-08-10 00:34:01,448 - INFO - 
[185/300] E01001757
2025-08-10 00:34:01,448 - INFO - 处理 E01001757 - Hackney
2025-08-10 00:34:03,075 - INFO -   找到 80 张图片
2025-08-10 00:34:13,825 - INFO -   ✅ GVI = 15.21%
2025-08-10 00:34:13,831 - INFO - 
[186/300] E01001758
2025-08-10 00:34:13,831 - INFO - 处理 E01001758 - Hackney
2025-08-10 00:34:23,439 - INFO -   找到 80 张图片
2025-08-10 00:34:36,935 - INFO -   ✅ GVI = 14.96%
2025-08-10 00:34:36,940 - INFO - 
[187/300] E01001759
2025-08-10 00:34:36,940 - INFO - 处理 E01001759 - Hackney
2025-08-10 00:34:38,275 - INFO -   找到 80 张图片
2025-08-10 00:34:50,440 - INFO -   ✅ GVI = 21.25%
2025-08-10 00:34:50,446 - INFO - 
[188/300] E01001760
2025-08-10 00:34:50,446 - INFO - 处理 E01001760 - Hackney
2025-08-10 00:34:53,021 - INFO -   找到 80 张图片
2025-08-10 00:35:05,069 - INFO -   ✅ GVI = 15.95%
2025-08-10 00:35:05,074 - INFO - 
[189/300] E01001761
2025-08-10 00:35:05,075 - INFO - 处理 E01001761 - Hackney
2025-08-10 00:35:10,905 - INFO -   找到 80 张图片
2025-08-10 00:35:21,648 - INFO -   ✅ GVI = 14.91%
2025-08-10 00:35:21,653 - INFO - 
[190/300] E01001762
2025-08-10 00:35:21,653 - INFO - 处理 E01001762 - Hackney
2025-08-10 00:35:24,767 - INFO -   找到 80 张图片
2025-08-10 00:35:37,674 - INFO -   ✅ GVI = 7.52%
2025-08-10 00:35:37,683 - INFO - 
--- 进度报告 ---
2025-08-10 00:35:37,683 - INFO - 已完成(GVI计算): 454
2025-08-10 00:35:37,683 - INFO - 数据不足(<30): 0
2025-08-10 00:35:37,683 - INFO - 无数据: 2
2025-08-10 00:35:37,683 - INFO - 总计: 456
2025-08-10 00:35:37,683 - INFO - 
[191/300] E01001763
2025-08-10 00:35:37,683 - INFO - 处理 E01001763 - Hackney
2025-08-10 00:35:38,687 - INFO -   找到 80 张图片
2025-08-10 00:35:51,301 - INFO -   ✅ GVI = 10.09%
2025-08-10 00:35:51,306 - INFO - 
[192/300] E01001764
2025-08-10 00:35:51,306 - INFO - 处理 E01001764 - Hackney
2025-08-10 00:35:58,091 - INFO -   找到 3 张图片
2025-08-10 00:35:58,097 - INFO - 
[193/300] E01001765
2025-08-10 00:35:58,097 - INFO - 处理 E01001765 - Hackney
2025-08-10 00:35:59,744 - INFO -   找到 80 张图片
2025-08-10 00:36:09,239 - INFO -   ✅ GVI = 26.95%
2025-08-10 00:36:09,246 - INFO - 
[194/300] E01001767
2025-08-10 00:36:09,247 - INFO - 处理 E01001767 - Hackney
2025-08-10 00:36:11,926 - INFO -   找到 80 张图片
2025-08-10 00:36:24,164 - INFO -   ✅ GVI = 13.58%
2025-08-10 00:36:24,170 - INFO - 
[195/300] E01001768
2025-08-10 00:36:24,170 - INFO - 处理 E01001768 - Hackney
2025-08-10 00:36:30,209 - INFO -   找到 26 张图片
2025-08-10 00:36:30,214 - INFO - 
[196/300] E01001769
2025-08-10 00:36:30,214 - INFO - 处理 E01001769 - Hackney
2025-08-10 00:36:35,715 - INFO -   找到 34 张图片
2025-08-10 00:36:40,973 - INFO -   ✅ GVI = 1.97%
2025-08-10 00:36:40,979 - INFO - 
[197/300] E01001770
2025-08-10 00:36:40,979 - INFO - 处理 E01001770 - Hackney
2025-08-10 00:37:02,479 - INFO -   找到 80 张图片
2025-08-10 00:37:14,183 - INFO -   ✅ GVI = 11.60%
2025-08-10 00:37:14,189 - INFO - 
[198/300] E01001772
2025-08-10 00:37:14,190 - INFO - 处理 E01001772 - Hackney
2025-08-10 00:37:18,651 - INFO -   找到 80 张图片
2025-08-10 00:37:33,463 - INFO -   ✅ GVI = 18.09%
2025-08-10 00:37:33,468 - INFO - 
[199/300] E01001773
2025-08-10 00:37:33,468 - INFO - 处理 E01001773 - Hackney
2025-08-10 00:37:40,075 - INFO -   找到 80 张图片
2025-08-10 00:37:52,486 - INFO -   ✅ GVI = 11.77%
2025-08-10 00:37:52,492 - INFO - 
[200/300] E01001774
2025-08-10 00:37:52,492 - INFO - 处理 E01001774 - Hackney
2025-08-10 00:38:04,658 - INFO -   找到 80 张图片
2025-08-10 00:38:17,707 - INFO -   ✅ GVI = 13.34%
2025-08-10 00:38:17,713 - INFO - 
--- 进度报告 ---
2025-08-10 00:38:17,713 - INFO - 已完成(GVI计算): 462
2025-08-10 00:38:17,713 - INFO - 数据不足(<30): 2
2025-08-10 00:38:17,713 - INFO - 无数据: 2
2025-08-10 00:38:17,713 - INFO - 总计: 466
2025-08-10 00:38:17,713 - INFO - 
批次 5：处理 201-250/300
2025-08-10 00:38:17,714 - INFO - 
[201/300] E01001775
2025-08-10 00:38:17,714 - INFO - 处理 E01001775 - Hackney
2025-08-10 00:38:23,249 - INFO -   找到 80 张图片
2025-08-10 00:38:37,758 - INFO -   ✅ GVI = 12.28%
2025-08-10 00:38:37,764 - INFO - 
[202/300] E01001776
2025-08-10 00:38:37,764 - INFO - 处理 E01001776 - Hackney
2025-08-10 00:38:38,260 - INFO -   找到 80 张图片
2025-08-10 00:38:49,030 - INFO -   ✅ GVI = 4.09%
2025-08-10 00:38:49,035 - INFO - 
[203/300] E01001777
2025-08-10 00:38:49,035 - INFO - 处理 E01001777 - Hackney
2025-08-10 00:38:57,329 - INFO -   找到 80 张图片
2025-08-10 00:39:11,073 - INFO -   ✅ GVI = 2.16%
2025-08-10 00:39:11,078 - INFO - 
[204/300] E01001779
2025-08-10 00:39:11,078 - INFO - 处理 E01001779 - Hackney
2025-08-10 00:39:15,572 - INFO -   找到 80 张图片
2025-08-10 00:39:30,524 - INFO -   ✅ GVI = 8.65%
2025-08-10 00:39:30,529 - INFO - 
[205/300] E01001780
2025-08-10 00:39:30,529 - INFO - 处理 E01001780 - Hackney
2025-08-10 00:39:42,859 - INFO -   找到 80 张图片
2025-08-10 00:39:55,857 - INFO -   ✅ GVI = 5.99%
2025-08-10 00:39:55,865 - INFO - 
[206/300] E01001781
2025-08-10 00:39:55,865 - INFO - 处理 E01001781 - Hackney
2025-08-10 00:40:00,859 - INFO -   找到 80 张图片
2025-08-10 00:40:13,451 - INFO -   ✅ GVI = 18.70%
2025-08-10 00:40:13,457 - INFO - 
[207/300] E01001782
2025-08-10 00:40:13,458 - INFO - 处理 E01001782 - Hackney
2025-08-10 00:40:22,762 - INFO -   找到 80 张图片
2025-08-10 00:40:36,420 - INFO -   ✅ GVI = 5.97%
2025-08-10 00:40:36,430 - INFO - 
[208/300] E01001783
2025-08-10 00:40:36,430 - INFO - 处理 E01001783 - Hackney
2025-08-10 00:40:37,220 - INFO -   找到 80 张图片
2025-08-10 00:40:49,040 - INFO -   ✅ GVI = 15.43%
2025-08-10 00:40:49,047 - INFO - 
[209/300] E01001784
2025-08-10 00:40:49,047 - INFO - 处理 E01001784 - Hackney
2025-08-10 00:40:51,448 - INFO -   找到 80 张图片
2025-08-10 00:41:04,033 - INFO -   ✅ GVI = 11.02%
2025-08-10 00:41:04,040 - INFO - 
[210/300] E01001785
2025-08-10 00:41:04,041 - INFO - 处理 E01001785 - Hackney
2025-08-10 00:41:14,080 - INFO -   找到 80 张图片
2025-08-10 00:41:27,385 - INFO -   ✅ GVI = 17.71%
2025-08-10 00:41:27,392 - INFO - 
--- 进度报告 ---
2025-08-10 00:41:27,392 - INFO - 已完成(GVI计算): 472
2025-08-10 00:41:27,392 - INFO - 数据不足(<30): 2
2025-08-10 00:41:27,392 - INFO - 无数据: 2
2025-08-10 00:41:27,392 - INFO - 总计: 476
2025-08-10 00:41:27,392 - INFO - 
[211/300] E01001786
2025-08-10 00:41:27,392 - INFO - 处理 E01001786 - Hackney
2025-08-10 00:41:38,997 - INFO -   找到 80 张图片
2025-08-10 00:41:52,096 - INFO -   ✅ GVI = 41.59%
2025-08-10 00:41:52,102 - INFO - 
[212/300] E01001787
2025-08-10 00:41:52,103 - INFO - 处理 E01001787 - Hackney
2025-08-10 00:41:56,093 - INFO -   找到 80 张图片
2025-08-10 00:42:07,348 - INFO -   ✅ GVI = 50.07%
2025-08-10 00:42:07,354 - INFO - 
[213/300] E01001788
2025-08-10 00:42:07,354 - INFO - 处理 E01001788 - Hackney
2025-08-10 00:42:10,119 - INFO -   找到 80 张图片
2025-08-10 00:42:26,385 - INFO -   ✅ GVI = 54.49%
2025-08-10 00:42:26,389 - INFO - 
[214/300] E01001789
2025-08-10 00:42:26,390 - INFO - 处理 E01001789 - Hackney
2025-08-10 00:42:33,896 - INFO -   找到 61 张图片
2025-08-10 00:42:40,725 - INFO -   ✅ GVI = 39.52%
2025-08-10 00:42:40,732 - INFO - 
[215/300] E01001790
2025-08-10 00:42:40,732 - INFO - 处理 E01001790 - Hackney
2025-08-10 00:42:44,000 - INFO -   找到 80 张图片
2025-08-10 00:42:56,011 - INFO -   ✅ GVI = 47.50%
2025-08-10 00:42:56,017 - INFO - 
[216/300] E01001791
2025-08-10 00:42:56,017 - INFO - 处理 E01001791 - Hackney
2025-08-10 00:43:02,421 - INFO -   找到 23 张图片
2025-08-10 00:43:02,427 - INFO - 
[217/300] E01001792
2025-08-10 00:43:02,427 - INFO - 处理 E01001792 - Hackney
2025-08-10 00:43:03,328 - INFO -   找到 80 张图片
2025-08-10 00:43:11,871 - INFO -   ✅ GVI = 15.21%
2025-08-10 00:43:11,877 - INFO - 
[218/300] E01001793
2025-08-10 00:43:11,877 - INFO - 处理 E01001793 - Hackney
2025-08-10 00:43:13,193 - INFO -   找到 80 张图片
2025-08-10 00:43:21,056 - INFO -   ✅ GVI = 37.22%
2025-08-10 00:43:21,061 - INFO - 
[219/300] E01001794
2025-08-10 00:43:21,061 - INFO - 处理 E01001794 - Hackney
2025-08-10 00:43:23,920 - INFO -   找到 80 张图片
2025-08-10 00:43:37,537 - INFO -   ✅ GVI = 17.79%
2025-08-10 00:43:37,544 - INFO - 
[220/300] E01001795
2025-08-10 00:43:37,544 - INFO - 处理 E01001795 - Hackney
2025-08-10 00:43:42,095 - INFO -   找到 80 张图片
2025-08-10 00:43:52,652 - INFO -   ✅ GVI = 12.70%
2025-08-10 00:43:52,659 - INFO - 
--- 进度报告 ---
2025-08-10 00:43:52,659 - INFO - 已完成(GVI计算): 481
2025-08-10 00:43:52,659 - INFO - 数据不足(<30): 3
2025-08-10 00:43:52,659 - INFO - 无数据: 2
2025-08-10 00:43:52,659 - INFO - 总计: 486
2025-08-10 00:43:52,659 - INFO - 
[221/300] E01001796
2025-08-10 00:43:52,659 - INFO - 处理 E01001796 - Hackney
2025-08-10 00:43:53,812 - INFO -   找到 80 张图片
2025-08-10 00:44:02,425 - INFO -   ✅ GVI = 15.96%
2025-08-10 00:44:02,432 - INFO - 
[222/300] E01001798
2025-08-10 00:44:02,432 - INFO - 处理 E01001798 - Hackney
2025-08-10 00:44:11,426 - INFO -   找到 76 张图片
2025-08-10 00:44:18,701 - INFO -   ✅ GVI = 12.28%
2025-08-10 00:44:18,706 - INFO - 
[223/300] E01001800
2025-08-10 00:44:18,706 - INFO - 处理 E01001800 - Hackney
2025-08-10 00:44:19,176 - INFO -   找到 80 张图片
2025-08-10 00:44:29,353 - INFO -   ✅ GVI = 5.46%
2025-08-10 00:44:29,360 - INFO - 
[224/300] E01001801
2025-08-10 00:44:29,360 - INFO - 处理 E01001801 - Hackney
2025-08-10 00:44:31,539 - INFO -   找到 80 张图片
2025-08-10 00:44:41,409 - INFO -   ✅ GVI = 10.84%
2025-08-10 00:44:41,414 - INFO - 
[225/300] E01001802
2025-08-10 00:44:41,414 - INFO - 处理 E01001802 - Hackney
2025-08-10 00:44:45,761 - INFO -   找到 80 张图片
2025-08-10 00:44:52,770 - INFO -   ✅ GVI = 10.34%
2025-08-10 00:44:52,775 - INFO - 
[226/300] E01001803
2025-08-10 00:44:52,775 - INFO - 处理 E01001803 - Hackney
2025-08-10 00:44:56,264 - INFO -   找到 80 张图片
2025-08-10 00:45:04,236 - INFO -   ✅ GVI = 24.50%
2025-08-10 00:45:04,241 - INFO - 
[227/300] E01001804
2025-08-10 00:45:04,241 - INFO - 处理 E01001804 - Hackney
2025-08-10 00:45:06,415 - INFO -   找到 80 张图片
2025-08-10 00:45:15,430 - INFO -   ✅ GVI = 19.70%
2025-08-10 00:45:15,435 - INFO - 
[228/300] E01001805
2025-08-10 00:45:15,435 - INFO - 处理 E01001805 - Hackney
2025-08-10 00:45:16,802 - INFO -   找到 80 张图片
2025-08-10 00:45:25,983 - INFO -   ✅ GVI = 3.92%
2025-08-10 00:45:25,988 - INFO - 
[229/300] E01001806
2025-08-10 00:45:25,988 - INFO - 处理 E01001806 - Hackney
2025-08-10 00:45:29,939 - INFO -   找到 80 张图片
2025-08-10 00:45:37,612 - INFO -   ✅ GVI = 24.77%
2025-08-10 00:45:37,617 - INFO - 
[230/300] E01001807
2025-08-10 00:45:37,618 - INFO - 处理 E01001807 - Hackney
2025-08-10 00:45:41,762 - INFO -   找到 80 张图片
2025-08-10 00:45:54,060 - INFO -   ✅ GVI = 23.13%
2025-08-10 00:45:54,066 - INFO - 
--- 进度报告 ---
2025-08-10 00:45:54,066 - INFO - 已完成(GVI计算): 491
2025-08-10 00:45:54,067 - INFO - 数据不足(<30): 3
2025-08-10 00:45:54,067 - INFO - 无数据: 2
2025-08-10 00:45:54,067 - INFO - 总计: 496
2025-08-10 00:45:54,067 - INFO - 
[231/300] E01001808
2025-08-10 00:45:54,067 - INFO - 处理 E01001808 - Hackney
2025-08-10 00:46:00,895 - INFO -   找到 80 张图片
2025-08-10 00:46:12,980 - INFO -   ✅ GVI = 18.64%
2025-08-10 00:46:12,986 - INFO - 
[232/300] E01001809
2025-08-10 00:46:12,986 - INFO - 处理 E01001809 - Hackney
2025-08-10 00:46:14,283 - INFO -   找到 80 张图片
2025-08-10 00:46:23,439 - INFO -   ✅ GVI = 32.00%
2025-08-10 00:46:23,444 - INFO - 
[233/300] E01001811
2025-08-10 00:46:23,445 - INFO - 处理 E01001811 - Hackney
2025-08-10 00:46:27,197 - INFO -   找到 80 张图片
2025-08-10 00:46:39,222 - INFO -   ✅ GVI = 16.12%
2025-08-10 00:46:39,227 - INFO - 
[234/300] E01001812
2025-08-10 00:46:39,227 - INFO - 处理 E01001812 - Hackney
2025-08-10 00:46:46,419 - INFO -   找到 80 张图片
2025-08-10 00:46:55,489 - INFO -   ✅ GVI = 19.92%
2025-08-10 00:46:55,494 - INFO - 
[235/300] E01001813
2025-08-10 00:46:55,495 - INFO - 处理 E01001813 - Hackney
2025-08-10 00:47:07,450 - INFO -   找到 80 张图片
2025-08-10 00:47:21,810 - INFO -   ✅ GVI = 25.31%
2025-08-10 00:47:21,814 - INFO - 
[236/300] E01001814
2025-08-10 00:47:21,814 - INFO - 处理 E01001814 - Hackney
2025-08-10 00:47:25,829 - INFO -   找到 80 张图片
2025-08-10 00:47:36,966 - INFO -   ✅ GVI = 8.60%
2025-08-10 00:47:36,971 - INFO - 
[237/300] E01001815
2025-08-10 00:47:36,971 - INFO - 处理 E01001815 - Hackney
2025-08-10 00:47:44,771 - INFO -   找到 80 张图片
2025-08-10 00:47:57,757 - INFO -   ✅ GVI = 30.25%
2025-08-10 00:47:57,762 - INFO - 
[238/300] E01001816
2025-08-10 00:47:57,763 - INFO - 处理 E01001816 - Hackney
2025-08-10 00:48:02,822 - INFO -   找到 80 张图片
2025-08-10 00:48:15,019 - INFO -   ✅ GVI = 48.76%
2025-08-10 00:48:15,025 - INFO - 
[239/300] E01001819
2025-08-10 00:48:15,026 - INFO - 处理 E01001819 - Hackney
2025-08-10 00:48:17,595 - INFO -   找到 80 张图片
2025-08-10 00:48:30,851 - INFO -   ✅ GVI = 17.19%
2025-08-10 00:48:30,861 - INFO - 
[240/300] E01001820
2025-08-10 00:48:30,861 - INFO - 处理 E01001820 - Hackney
2025-08-10 00:48:32,243 - INFO -   找到 80 张图片
2025-08-10 00:48:42,911 - INFO -   ✅ GVI = 14.09%
2025-08-10 00:48:42,917 - INFO - 
--- 进度报告 ---
2025-08-10 00:48:42,917 - INFO - 已完成(GVI计算): 501
2025-08-10 00:48:42,917 - INFO - 数据不足(<30): 3
2025-08-10 00:48:42,917 - INFO - 无数据: 2
2025-08-10 00:48:42,917 - INFO - 总计: 506
2025-08-10 00:48:42,917 - INFO - 
[241/300] E01001821
2025-08-10 00:48:42,917 - INFO - 处理 E01001821 - Hackney
2025-08-10 00:48:46,888 - INFO -   找到 80 张图片
2025-08-10 00:48:57,731 - INFO -   ✅ GVI = 10.55%
2025-08-10 00:48:57,736 - INFO - 
[242/300] E01001822
2025-08-10 00:48:57,736 - INFO - 处理 E01001822 - Hackney
2025-08-10 00:49:05,975 - INFO -   找到 47 张图片
2025-08-10 00:49:10,275 - INFO -   ✅ GVI = 14.33%
2025-08-10 00:49:10,281 - INFO - 
[243/300] E01001823
2025-08-10 00:49:10,281 - INFO - 处理 E01001823 - Hackney
2025-08-10 00:49:14,822 - INFO -   找到 80 张图片
2025-08-10 00:49:28,650 - INFO -   ✅ GVI = 13.87%
2025-08-10 00:49:28,655 - INFO - 
[244/300] E01001824
2025-08-10 00:49:28,655 - INFO - 处理 E01001824 - Hackney
2025-08-10 00:49:32,035 - INFO -   找到 80 张图片
2025-08-10 00:49:43,442 - INFO -   ✅ GVI = 12.06%
2025-08-10 00:49:43,447 - INFO - 
[245/300] E01001825
2025-08-10 00:49:43,447 - INFO - 处理 E01001825 - Hackney
2025-08-10 00:49:44,787 - INFO -   找到 80 张图片
2025-08-10 00:49:55,607 - INFO -   ✅ GVI = 13.26%
2025-08-10 00:49:55,612 - INFO - 
[246/300] E01001826
2025-08-10 00:49:55,613 - INFO - 处理 E01001826 - Hackney
2025-08-10 00:49:57,083 - INFO -   找到 80 张图片
2025-08-10 00:50:05,553 - INFO -   ✅ GVI = 19.29%
2025-08-10 00:50:05,558 - INFO - 
[247/300] E01001827
2025-08-10 00:50:05,558 - INFO - 处理 E01001827 - Hackney
2025-08-10 00:50:08,288 - INFO -   找到 80 张图片
2025-08-10 00:50:18,091 - INFO -   ✅ GVI = 4.07%
2025-08-10 00:50:18,097 - INFO - 
[248/300] E01001828
2025-08-10 00:50:18,097 - INFO - 处理 E01001828 - Hackney
2025-08-10 00:50:20,753 - INFO -   找到 80 张图片
2025-08-10 00:50:33,248 - INFO -   ✅ GVI = 4.74%
2025-08-10 00:50:33,253 - INFO - 
[249/300] E01001829
2025-08-10 00:50:33,254 - INFO - 处理 E01001829 - Hackney
2025-08-10 00:50:37,142 - INFO -   找到 80 张图片
2025-08-10 00:50:45,646 - INFO -   ✅ GVI = 6.27%
2025-08-10 00:50:45,652 - INFO - 
[250/300] E01001831
2025-08-10 00:50:45,652 - INFO - 处理 E01001831 - Hackney
2025-08-10 00:50:46,622 - INFO -   找到 80 张图片
2025-08-10 00:50:54,275 - INFO -   ✅ GVI = 1.66%
2025-08-10 00:50:54,281 - INFO - 
--- 进度报告 ---
2025-08-10 00:50:54,281 - INFO - 已完成(GVI计算): 511
2025-08-10 00:50:54,281 - INFO - 数据不足(<30): 3
2025-08-10 00:50:54,281 - INFO - 无数据: 2
2025-08-10 00:50:54,282 - INFO - 总计: 516
2025-08-10 00:50:54,282 - INFO - 
批次 6：处理 251-300/300
2025-08-10 00:50:54,282 - INFO - 
[251/300] E01001832
2025-08-10 00:50:54,282 - INFO - 处理 E01001832 - Hackney
2025-08-10 00:50:55,282 - INFO -   找到 80 张图片
2025-08-10 00:51:05,190 - INFO -   ✅ GVI = 4.32%
2025-08-10 00:51:05,202 - INFO - 
[252/300] E01001833
2025-08-10 00:51:05,202 - INFO - 处理 E01001833 - Hackney
2025-08-10 00:51:06,120 - INFO -   找到 80 张图片
2025-08-10 00:51:14,043 - INFO -   ✅ GVI = 9.93%
2025-08-10 00:51:14,049 - INFO - 
[253/300] E01001834
2025-08-10 00:51:14,049 - INFO - 处理 E01001834 - Hackney
2025-08-10 00:51:16,991 - INFO -   找到 80 张图片
2025-08-10 00:51:25,017 - INFO -   ✅ GVI = 9.88%
2025-08-10 00:51:25,022 - INFO - 
[254/300] E01001837
2025-08-10 00:51:25,022 - INFO - 处理 E01001837 - Hackney
2025-08-10 00:51:34,008 - INFO -   找到 80 张图片
2025-08-10 00:51:47,021 - INFO -   ✅ GVI = 21.82%
2025-08-10 00:51:47,026 - INFO - 
[255/300] E01001838
2025-08-10 00:51:47,026 - INFO - 处理 E01001838 - Hackney
2025-08-10 00:51:49,466 - INFO -   找到 80 张图片
2025-08-10 00:52:01,837 - INFO -   ✅ GVI = 21.25%
2025-08-10 00:52:01,842 - INFO - 
[256/300] E01001839
2025-08-10 00:52:01,842 - INFO - 处理 E01001839 - Hackney
2025-08-10 00:52:04,925 - INFO -   找到 80 张图片
2025-08-10 00:52:15,514 - INFO -   ✅ GVI = 14.09%
2025-08-10 00:52:15,520 - INFO - 
[257/300] E01001840
2025-08-10 00:52:15,520 - INFO - 处理 E01001840 - Hackney
2025-08-10 00:52:16,393 - INFO -   找到 80 张图片
2025-08-10 00:52:26,671 - INFO -   ✅ GVI = 8.82%
2025-08-10 00:52:26,676 - INFO - 
[258/300] E01001841
2025-08-10 00:52:26,676 - INFO - 处理 E01001841 - Hackney
2025-08-10 00:52:36,378 - INFO -   找到 80 张图片
2025-08-10 00:52:49,204 - INFO -   ✅ GVI = 36.96%
2025-08-10 00:52:49,210 - INFO - 
[259/300] E01001842
2025-08-10 00:52:49,210 - INFO - 处理 E01001842 - Hackney
2025-08-10 00:52:51,541 - INFO -   找到 80 张图片
2025-08-10 00:53:01,538 - INFO -   ✅ GVI = 13.39%
2025-08-10 00:53:01,544 - INFO - 
[260/300] E01001843
2025-08-10 00:53:01,544 - INFO - 处理 E01001843 - Hackney
2025-08-10 00:53:03,523 - INFO -   找到 80 张图片
2025-08-10 00:53:13,299 - INFO -   ✅ GVI = 14.34%
2025-08-10 00:53:13,306 - INFO - 
--- 进度报告 ---
2025-08-10 00:53:13,306 - INFO - 已完成(GVI计算): 521
2025-08-10 00:53:13,306 - INFO - 数据不足(<30): 3
2025-08-10 00:53:13,306 - INFO - 无数据: 2
2025-08-10 00:53:13,306 - INFO - 总计: 526
2025-08-10 00:53:13,306 - INFO - 
[261/300] E01001844
2025-08-10 00:53:13,307 - INFO - 处理 E01001844 - Hackney
2025-08-10 00:53:14,958 - INFO -   找到 80 张图片
2025-08-10 00:53:25,635 - INFO -   ✅ GVI = 10.61%
2025-08-10 00:53:25,641 - INFO - 
[262/300] E01001845
2025-08-10 00:53:25,641 - INFO - 处理 E01001845 - Hackney
2025-08-10 00:53:28,133 - INFO -   找到 80 张图片
2025-08-10 00:53:40,334 - INFO -   ✅ GVI = 18.17%
2025-08-10 00:53:40,339 - INFO - 
[263/300] E01001846
2025-08-10 00:53:40,339 - INFO - 处理 E01001846 - Hackney
2025-08-10 00:53:47,675 - INFO -   找到 80 张图片
2025-08-10 00:54:00,975 - INFO -   ✅ GVI = 30.68%
2025-08-10 00:54:00,981 - INFO - 
[264/300] E01001847
2025-08-10 00:54:00,981 - INFO - 处理 E01001847 - Hackney
2025-08-10 00:54:06,947 - INFO -   找到 80 张图片
2025-08-10 00:54:18,917 - INFO -   ✅ GVI = 17.54%
2025-08-10 00:54:18,923 - INFO - 
[265/300] E01001848
2025-08-10 00:54:18,924 - INFO - 处理 E01001848 - Hackney
2025-08-10 00:54:21,192 - INFO -   找到 80 张图片
2025-08-10 00:54:31,885 - INFO -   ✅ GVI = 10.44%
2025-08-10 00:54:31,891 - INFO - 
[266/300] E01001849
2025-08-10 00:54:31,891 - INFO - 处理 E01001849 - Hackney
2025-08-10 00:54:39,814 - INFO -   找到 80 张图片
2025-08-10 00:54:52,136 - INFO -   ✅ GVI = 24.70%
2025-08-10 00:54:52,143 - INFO - 
[267/300] E01001850
2025-08-10 00:54:52,143 - INFO - 处理 E01001850 - Hackney
2025-08-10 00:54:53,297 - INFO -   找到 80 张图片
2025-08-10 00:55:03,897 - INFO -   ✅ GVI = 14.67%
2025-08-10 00:55:03,905 - INFO - 
[268/300] E01033698
2025-08-10 00:55:03,905 - INFO - 处理 E01033698 - Hackney
2025-08-10 00:55:05,049 - INFO -   找到 80 张图片
2025-08-10 00:55:14,676 - INFO -   ✅ GVI = 17.92%
2025-08-10 00:55:14,682 - INFO - 
[269/300] E01033699
2025-08-10 00:55:14,682 - INFO - 处理 E01033699 - Hackney
2025-08-10 00:55:17,793 - INFO -   找到 80 张图片
2025-08-10 00:55:29,914 - INFO -   ✅ GVI = 2.47%
2025-08-10 00:55:29,920 - INFO - 
[270/300] E01033700
2025-08-10 00:55:29,920 - INFO - 处理 E01033700 - Hackney
2025-08-10 00:55:32,249 - INFO -   找到 80 张图片
2025-08-10 00:55:41,901 - INFO -   ✅ GVI = 5.66%
2025-08-10 00:55:41,910 - INFO - 
--- 进度报告 ---
2025-08-10 00:55:41,911 - INFO - 已完成(GVI计算): 531
2025-08-10 00:55:41,911 - INFO - 数据不足(<30): 3
2025-08-10 00:55:41,911 - INFO - 无数据: 2
2025-08-10 00:55:41,911 - INFO - 总计: 536
2025-08-10 00:55:41,911 - INFO - 
[271/300] E01033701
2025-08-10 00:55:41,911 - INFO - 处理 E01033701 - Hackney
2025-08-10 00:55:47,507 - INFO -   找到 80 张图片
2025-08-10 00:55:59,734 - INFO -   ✅ GVI = 25.25%
2025-08-10 00:55:59,740 - INFO - 
[272/300] E01033702
2025-08-10 00:55:59,740 - INFO - 处理 E01033702 - Hackney
2025-08-10 00:56:01,462 - INFO -   找到 80 张图片
2025-08-10 00:56:14,201 - INFO -   ✅ GVI = 32.47%
2025-08-10 00:56:14,207 - INFO - 
[273/300] E01033703
2025-08-10 00:56:14,207 - INFO - 处理 E01033703 - Hackney
2025-08-10 00:56:15,200 - INFO -   找到 80 张图片
2025-08-10 00:56:25,488 - INFO -   ✅ GVI = 8.80%
2025-08-10 00:56:25,494 - INFO - 
[274/300] E01033704
2025-08-10 00:56:25,495 - INFO - 处理 E01033704 - Hackney
2025-08-10 00:56:30,153 - INFO -   找到 80 张图片
2025-08-10 00:56:40,652 - INFO -   ✅ GVI = 19.23%
2025-08-10 00:56:40,658 - INFO - 
[275/300] E01033705
2025-08-10 00:56:40,658 - INFO - 处理 E01033705 - Hackney
2025-08-10 00:56:42,423 - INFO -   找到 80 张图片
2025-08-10 00:56:51,922 - INFO -   ✅ GVI = 34.21%
2025-08-10 00:56:51,928 - INFO - 
[276/300] E01033706
2025-08-10 00:56:51,928 - INFO - 处理 E01033706 - Hackney
2025-08-10 00:56:57,920 - INFO -   找到 80 张图片
2025-08-10 00:57:10,701 - INFO -   ✅ GVI = 6.44%
2025-08-10 00:57:10,707 - INFO - 
[277/300] E01033707
2025-08-10 00:57:10,707 - INFO - 处理 E01033707 - Hackney
2025-08-10 00:57:15,392 - INFO -   找到 80 张图片
2025-08-10 00:57:27,666 - INFO -   ✅ GVI = 15.77%
2025-08-10 00:57:27,672 - INFO - 
[278/300] E01033708
2025-08-10 00:57:27,672 - INFO - 处理 E01033708 - Hackney
2025-08-10 00:57:36,164 - INFO -   找到 80 张图片
2025-08-10 00:57:48,906 - INFO -   ✅ GVI = 3.75%
2025-08-10 00:57:48,915 - INFO - 
[279/300] E01033709
2025-08-10 00:57:48,915 - INFO - 处理 E01033709 - Hackney
2025-08-10 00:57:51,128 - INFO -   找到 80 张图片
2025-08-10 00:58:00,753 - INFO -   ✅ GVI = 12.07%
2025-08-10 00:58:00,758 - INFO - 
[280/300] E01033710
2025-08-10 00:58:00,759 - INFO - 处理 E01033710 - Hackney
2025-08-10 00:58:10,748 - INFO -   找到 66 张图片
2025-08-10 00:58:20,881 - INFO -   ✅ GVI = 54.06%
2025-08-10 00:58:20,889 - INFO - 
--- 进度报告 ---
2025-08-10 00:58:20,890 - INFO - 已完成(GVI计算): 541
2025-08-10 00:58:20,890 - INFO - 数据不足(<30): 3
2025-08-10 00:58:20,890 - INFO - 无数据: 2
2025-08-10 00:58:20,890 - INFO - 总计: 546
2025-08-10 00:58:20,890 - INFO - 
[281/300] E01033711
2025-08-10 00:58:20,890 - INFO - 处理 E01033711 - Hackney
2025-08-10 00:58:28,134 - INFO -   找到 80 张图片
2025-08-10 00:58:37,804 - INFO -   ✅ GVI = 6.39%
2025-08-10 00:58:37,813 - INFO - 
[282/300] E01033712
2025-08-10 00:58:37,813 - INFO - 处理 E01033712 - Hackney
2025-08-10 00:58:41,718 - INFO -   找到 80 张图片
2025-08-10 00:58:53,422 - INFO -   ✅ GVI = 13.12%
2025-08-10 00:58:53,428 - INFO - 
[283/300] E01033713
2025-08-10 00:58:53,428 - INFO - 处理 E01033713 - Hackney
2025-08-10 00:58:55,987 - INFO -   找到 80 张图片
2025-08-10 00:59:04,175 - INFO -   ✅ GVI = 19.82%
2025-08-10 00:59:04,181 - INFO - 
[284/300] E01001852
2025-08-10 00:59:04,181 - INFO - 处理 E01001852 - Hammersmith and Fulham
2025-08-10 00:59:17,632 - INFO -   找到 80 张图片
2025-08-10 00:59:31,033 - INFO -   ✅ GVI = 14.62%
2025-08-10 00:59:31,039 - INFO - 
[285/300] E01001853
2025-08-10 00:59:31,039 - INFO - 处理 E01001853 - Hammersmith and Fulham
2025-08-10 00:59:34,687 - INFO -   找到 80 张图片
2025-08-10 00:59:49,002 - INFO -   ✅ GVI = 8.20%
2025-08-10 00:59:49,007 - INFO - 
[286/300] E01001854
2025-08-10 00:59:49,008 - INFO - 处理 E01001854 - Hammersmith and Fulham
2025-08-10 00:59:59,527 - INFO -   找到 80 张图片
2025-08-10 01:00:12,233 - INFO -   ✅ GVI = 15.94%
2025-08-10 01:00:12,239 - INFO - 
[287/300] E01001855
2025-08-10 01:00:12,239 - INFO - 处理 E01001855 - Hammersmith and Fulham
2025-08-10 01:00:21,848 - INFO -   找到 80 张图片
2025-08-10 01:00:35,929 - INFO -   ✅ GVI = 12.51%
2025-08-10 01:00:35,935 - INFO - 
[288/300] E01001856
2025-08-10 01:00:35,935 - INFO - 处理 E01001856 - Hammersmith and Fulham
2025-08-10 01:00:47,203 - INFO -   找到 80 张图片
2025-08-10 01:01:00,180 - INFO -   ✅ GVI = 21.22%
2025-08-10 01:01:00,187 - INFO - 
[289/300] E01001857
2025-08-10 01:01:00,187 - INFO - 处理 E01001857 - Hammersmith and Fulham
2025-08-10 01:01:07,618 - INFO -   找到 80 张图片
2025-08-10 01:01:21,486 - INFO -   ✅ GVI = 18.89%
2025-08-10 01:01:21,492 - INFO - 
[290/300] E01001858
2025-08-10 01:01:21,492 - INFO - 处理 E01001858 - Hammersmith and Fulham
2025-08-10 01:01:31,613 - INFO -   找到 80 张图片
2025-08-10 01:01:43,129 - INFO -   ✅ GVI = 15.88%
2025-08-10 01:01:43,136 - INFO - 
--- 进度报告 ---
2025-08-10 01:01:43,136 - INFO - 已完成(GVI计算): 551
2025-08-10 01:01:43,136 - INFO - 数据不足(<30): 3
2025-08-10 01:01:43,137 - INFO - 无数据: 2
2025-08-10 01:01:43,137 - INFO - 总计: 556
2025-08-10 01:01:43,137 - INFO - 
[291/300] E01001859
2025-08-10 01:01:43,137 - INFO - 处理 E01001859 - Hammersmith and Fulham
2025-08-10 01:01:48,198 - INFO -   找到 8 张图片
2025-08-10 01:01:48,203 - INFO - 
[292/300] E01001860
2025-08-10 01:01:48,203 - INFO - 处理 E01001860 - Hammersmith and Fulham
2025-08-10 01:02:02,000 - INFO -   找到 80 张图片
2025-08-10 01:02:13,900 - INFO -   ✅ GVI = 5.96%
2025-08-10 01:02:13,909 - INFO - 
[293/300] E01001861
2025-08-10 01:02:13,909 - INFO - 处理 E01001861 - Hammersmith and Fulham
2025-08-10 01:02:20,923 - INFO -   找到 80 张图片
2025-08-10 01:02:31,638 - INFO -   ✅ GVI = 4.75%
2025-08-10 01:02:31,643 - INFO - 
[294/300] E01001862
2025-08-10 01:02:31,643 - INFO - 处理 E01001862 - Hammersmith and Fulham
2025-08-10 01:02:34,598 - INFO -   找到 80 张图片
2025-08-10 01:02:47,418 - INFO -   ✅ GVI = 5.99%
2025-08-10 01:02:47,424 - INFO - 
[295/300] E01001863
2025-08-10 01:02:47,424 - INFO - 处理 E01001863 - Hammersmith and Fulham
2025-08-10 01:02:48,117 - INFO -   找到 80 张图片
2025-08-10 01:02:57,787 - INFO -   ✅ GVI = 18.75%
2025-08-10 01:02:57,795 - INFO - 
[296/300] E01001864
2025-08-10 01:02:57,795 - INFO - 处理 E01001864 - Hammersmith and Fulham
2025-08-10 01:02:59,550 - INFO -   找到 80 张图片
2025-08-10 01:03:07,950 - INFO -   ✅ GVI = 3.96%
2025-08-10 01:03:07,957 - INFO - 
[297/300] E01001865
2025-08-10 01:03:07,957 - INFO - 处理 E01001865 - Hammersmith and Fulham
2025-08-10 01:03:08,563 - INFO -   找到 80 张图片
2025-08-10 01:03:17,643 - INFO -   ✅ GVI = 2.12%
2025-08-10 01:03:17,650 - INFO - 
[298/300] E01001867
2025-08-10 01:03:17,650 - INFO - 处理 E01001867 - Hammersmith and Fulham
2025-08-10 01:03:28,442 - INFO -   找到 80 张图片
2025-08-10 01:03:41,230 - INFO -   ✅ GVI = 18.38%
2025-08-10 01:03:41,237 - INFO - 
[299/300] E01001868
2025-08-10 01:03:41,237 - INFO - 处理 E01001868 - Hammersmith and Fulham
2025-08-10 01:03:50,637 - INFO -   找到 80 张图片
2025-08-10 01:04:05,033 - INFO -   ✅ GVI = 22.15%
2025-08-10 01:04:05,040 - INFO - 
[300/300] E01001869
2025-08-10 01:04:05,040 - INFO - 处理 E01001869 - Hammersmith and Fulham
2025-08-10 01:04:11,998 - INFO -   找到 80 张图片
2025-08-10 01:04:24,354 - INFO -   ✅ GVI = 21.50%
2025-08-10 01:04:24,363 - INFO - 
--- 进度报告 ---
2025-08-10 01:04:24,364 - INFO - 已完成(GVI计算): 560
2025-08-10 01:04:24,364 - INFO - 数据不足(<30): 4
2025-08-10 01:04:24,364 - INFO - 无数据: 2
2025-08-10 01:04:24,364 - INFO - 总计: 566
2025-08-10 01:04:24,364 - INFO - 
======================================================================
2025-08-10 01:04:24,364 - INFO - 处理完成！
2025-08-10 01:04:24,365 - INFO - 
最终统计：
2025-08-10 01:04:24,365 - INFO -   总LSOA数: 566
2025-08-10 01:04:24,365 - INFO -   已计算GVI: 560 (98.9%)
2025-08-10 01:04:24,366 - INFO -   数据不足: 4 (0.7%)
2025-08-10 01:04:24,366 - INFO -   无数据: 2 (0.4%)
2025-08-10 01:04:24,366 - INFO - 
平均GVI: 16.29%
2025-08-10 01:04:24,367 - INFO - 
输出文件：
2025-08-10 01:04:24,367 - INFO -   主数据文件: C:\Users\z1782\OneDrive - University College London\Attachments\004\methodology\Dissertation_v2\output\full_london_gvi\inner_london_all_lsoas_status.csv
2025-08-10 01:04:24,368 - INFO -   统计报告: C:\Users\z1782\OneDrive - University College London\Attachments\004\methodology\Dissertation_v2\output\full_london_gvi\final_report_20250810_0104.json
2025-08-10 01:04:24,368 - INFO - ======================================================================
