2025-08-09 22:41:11,134 - INFO - ======================================================================
2025-08-09 22:41:11,134 - INFO - Inner London LSOA 数据收集
2025-08-09 22:41:11,135 - INFO - ======================================================================
2025-08-09 22:41:11,138 - INFO - ✅ 加载已有结果：171 个LSOA
2025-08-09 22:41:11,140 - INFO - 加载所有Inner London LSOAs...
2025-08-09 22:41:11,706 - INFO - 找到 1731 个Inner London LSOAs
2025-08-09 22:41:11,707 - INFO - 已处理：166，待处理：1565
2025-08-09 22:41:11,707 - INFO - 限制处理数量：5
2025-08-09 22:41:11,708 - INFO - 待处理：5 个LSOA
2025-08-09 22:41:11,708 - INFO - 批次大小：5
2025-08-09 22:41:11,708 - INFO - 
批次 1：处理 1-5/5
2025-08-09 22:41:11,709 - INFO - 
[1/5] E01000842
2025-08-09 22:41:11,709 - INFO - 处理 E01000842 - Camden
2025-08-09 22:41:13,403 - INFO -   找到 80 张图片
2025-08-09 22:41:27,420 - INFO -   ✅ GVI = 29.53%
2025-08-09 22:41:27,424 - INFO - 
[2/5] E01000843
2025-08-09 22:41:27,424 - INFO - 处理 E01000843 - Camden
2025-08-09 22:41:28,909 - INFO -   找到 80 张图片
2025-08-09 22:41:44,030 - INFO -   ✅ GVI = 25.71%
2025-08-09 22:41:44,033 - INFO - 
[3/5] E01000844
2025-08-09 22:41:44,034 - INFO - 处理 E01000844 - Camden
2025-08-09 22:41:46,044 - INFO -   找到 80 张图片
2025-08-09 22:41:57,115 - INFO -   ✅ GVI = 18.29%
2025-08-09 22:41:57,119 - INFO - 
[4/5] E01000845
2025-08-09 22:41:57,119 - INFO - 处理 E01000845 - Camden
2025-08-09 22:41:58,119 - INFO -   找到 80 张图片
2025-08-09 22:42:11,812 - INFO -   ✅ GVI = 34.26%
2025-08-09 22:42:11,816 - INFO - 
[5/5] E01000846
2025-08-09 22:42:11,816 - INFO - 处理 E01000846 - Camden
2025-08-09 22:42:13,547 - INFO -   找到 80 张图片
2025-08-09 22:42:22,026 - INFO -   ✅ GVI = 38.47%
2025-08-09 22:42:22,029 - INFO - 
======================================================================
2025-08-09 22:42:22,029 - INFO - 处理完成！
2025-08-09 22:42:22,030 - INFO - 
最终统计：
2025-08-09 22:42:22,030 - INFO -   总LSOA数: 176
2025-08-09 22:42:22,031 - INFO -   已计算GVI: 176 (100.0%)
2025-08-09 22:42:22,031 - INFO -   数据不足: 0 (0.0%)
2025-08-09 22:42:22,031 - INFO -   无数据: 0 (0.0%)
2025-08-09 22:42:22,031 - INFO - 
平均GVI: 17.13%
2025-08-09 22:42:22,032 - INFO - 
输出文件：
2025-08-09 22:42:22,032 - INFO -   主数据文件: C:\Users\z1782\OneDrive - University College London\Attachments\004\methodology\Dissertation_v2\output\full_london_gvi\inner_london_all_lsoas_status.csv
2025-08-09 22:42:22,032 - INFO -   统计报告: C:\Users\z1782\OneDrive - University College London\Attachments\004\methodology\Dissertation_v2\output\full_london_gvi\final_report_20250809_2242.json
2025-08-09 22:42:22,032 - INFO - ======================================================================
