2025-08-09 22:44:22,669 - INFO - ======================================================================
2025-08-09 22:44:22,669 - INFO - Inner London LSOA 数据收集
2025-08-09 22:44:22,669 - INFO - ======================================================================
2025-08-09 22:44:22,672 - INFO - ✅ 加载已有结果：171 个LSOA
2025-08-09 22:44:22,674 - INFO - 加载所有Inner London LSOAs...
2025-08-09 22:44:23,231 - INFO - 找到 1731 个Inner London LSOAs
2025-08-09 22:44:23,231 - INFO - 已处理：166，待处理：1565
2025-08-09 22:44:23,232 - INFO - 限制处理数量：100
2025-08-09 22:44:23,232 - INFO - 待处理：100 个LSOA
2025-08-09 22:44:23,233 - INFO - 批次大小：50
2025-08-09 22:44:23,233 - INFO - 
批次 1：处理 1-50/100
2025-08-09 22:44:23,233 - INFO - 
[1/100] E01000842
2025-08-09 22:44:23,233 - INFO - 处理 E01000842 - Camden
2025-08-09 22:44:24,496 - INFO -   找到 80 张图片
2025-08-09 22:44:31,971 - INFO -   ✅ GVI = 29.19%
2025-08-09 22:44:31,975 - INFO - 
[2/100] E01000843
2025-08-09 22:44:31,976 - INFO - 处理 E01000843 - Camden
2025-08-09 22:44:35,657 - INFO -   找到 80 张图片
2025-08-09 22:44:46,747 - INFO -   ✅ GVI = 24.17%
2025-08-09 22:44:46,751 - INFO - 
[3/100] E01000844
2025-08-09 22:44:46,751 - INFO - 处理 E01000844 - Camden
2025-08-09 22:44:47,630 - INFO -   找到 80 张图片
2025-08-09 22:44:55,371 - INFO -   ✅ GVI = 21.34%
2025-08-09 22:44:55,374 - INFO - 
[4/100] E01000845
2025-08-09 22:44:55,374 - INFO - 处理 E01000845 - Camden
2025-08-09 22:44:55,939 - INFO -   找到 80 张图片
2025-08-09 22:45:03,269 - INFO -   ✅ GVI = 33.43%
2025-08-09 22:45:03,272 - INFO - 
[5/100] E01000846
2025-08-09 22:45:03,272 - INFO - 处理 E01000846 - Camden
2025-08-09 22:45:05,472 - INFO -   找到 80 张图片
2025-08-09 22:45:12,988 - INFO -   ✅ GVI = 38.39%
2025-08-09 22:45:12,991 - INFO - 
[6/100] E01000847
2025-08-09 22:45:12,991 - INFO - 处理 E01000847 - Camden
2025-08-09 22:45:14,590 - INFO -   找到 80 张图片
2025-08-09 22:45:25,903 - INFO -   ✅ GVI = 23.37%
2025-08-09 22:45:25,907 - INFO - 
[7/100] E01000848
2025-08-09 22:45:25,907 - INFO - 处理 E01000848 - Camden
2025-08-09 22:45:29,220 - INFO -   找到 80 张图片
2025-08-09 22:45:43,173 - INFO -   ✅ GVI = 27.41%
2025-08-09 22:45:43,177 - INFO - 
[8/100] E01000849
2025-08-09 22:45:43,177 - INFO - 处理 E01000849 - Camden
2025-08-09 22:45:52,635 - INFO -   找到 80 张图片
2025-08-09 22:46:07,494 - INFO -   ✅ GVI = 22.79%
2025-08-09 22:46:07,498 - INFO - 
[9/100] E01000850
2025-08-09 22:46:07,498 - INFO - 处理 E01000850 - Camden
2025-08-09 22:46:19,555 - INFO -   找到 80 张图片
2025-08-09 22:46:32,991 - INFO -   ✅ GVI = 9.66%
2025-08-09 22:46:32,994 - INFO - 
[10/100] E01000851
2025-08-09 22:46:32,995 - INFO - 处理 E01000851 - Camden
2025-08-09 22:46:44,081 - INFO -   找到 80 张图片
2025-08-09 22:46:57,740 - INFO -   ✅ GVI = 9.20%
2025-08-09 22:46:57,744 - INFO - 
--- 进度报告 ---
2025-08-09 22:46:57,745 - INFO - 已完成(GVI计算): 181
2025-08-09 22:46:57,745 - INFO - 数据不足(<30): 0
2025-08-09 22:46:57,745 - INFO - 无数据: 0
2025-08-09 22:46:57,745 - INFO - 总计: 181
2025-08-09 22:46:57,745 - INFO - 
[11/100] E01000852
2025-08-09 22:46:57,745 - INFO - 处理 E01000852 - Camden
2025-08-09 22:47:09,221 - INFO -   找到 80 张图片
2025-08-09 22:47:23,272 - INFO -   ✅ GVI = 14.14%
2025-08-09 22:47:23,276 - INFO - 
[12/100] E01000853
2025-08-09 22:47:23,276 - INFO - 处理 E01000853 - Camden
2025-08-09 22:47:32,713 - INFO -   找到 80 张图片
2025-08-09 22:47:47,184 - INFO -   ✅ GVI = 11.86%
2025-08-09 22:47:47,188 - INFO - 
[13/100] E01000854
2025-08-09 22:47:47,188 - INFO - 处理 E01000854 - Camden
2025-08-09 22:47:54,597 - INFO -   找到 80 张图片
2025-08-09 22:48:07,314 - INFO -   ✅ GVI = 11.43%
2025-08-09 22:48:07,317 - INFO - 
[14/100] E01000855
2025-08-09 22:48:07,318 - INFO - 处理 E01000855 - Camden
2025-08-09 22:48:15,151 - INFO -   找到 80 张图片
2025-08-09 22:48:28,821 - INFO -   ✅ GVI = 11.15%
2025-08-09 22:48:28,824 - INFO - 
[15/100] E01000856
2025-08-09 22:48:28,825 - INFO - 处理 E01000856 - Camden
2025-08-09 22:48:45,523 - INFO -   找到 80 张图片
2025-08-09 22:48:59,829 - INFO -   ✅ GVI = 11.80%
2025-08-09 22:48:59,833 - INFO - 
[16/100] E01000857
2025-08-09 22:48:59,833 - INFO - 处理 E01000857 - Camden
2025-08-09 22:49:03,028 - INFO -   找到 80 张图片
2025-08-09 22:49:17,070 - INFO -   ✅ GVI = 10.97%
2025-08-09 22:49:17,074 - INFO - 
[17/100] E01000858
2025-08-09 22:49:17,074 - INFO - 处理 E01000858 - Camden
2025-08-09 22:49:28,337 - INFO -   找到 80 张图片
2025-08-09 22:49:41,535 - INFO -   ✅ GVI = 11.36%
2025-08-09 22:49:41,539 - INFO - 
[18/100] E01000859
2025-08-09 22:49:41,539 - INFO - 处理 E01000859 - Camden
2025-08-09 22:49:50,761 - INFO -   找到 80 张图片
2025-08-09 22:50:04,240 - INFO -   ✅ GVI = 14.56%
2025-08-09 22:50:04,243 - INFO - 
[19/100] E01000860
2025-08-09 22:50:04,243 - INFO - 处理 E01000860 - Camden
2025-08-09 22:50:11,860 - INFO -   找到 80 张图片
2025-08-09 22:50:25,097 - INFO -   ✅ GVI = 26.89%
2025-08-09 22:50:25,101 - INFO - 
[20/100] E01000861
2025-08-09 22:50:25,101 - INFO - 处理 E01000861 - Camden
2025-08-09 22:50:37,256 - INFO -   找到 80 张图片
2025-08-09 22:50:51,373 - INFO -   ✅ GVI = 11.42%
2025-08-09 22:50:51,378 - INFO - 
--- 进度报告 ---
2025-08-09 22:50:51,378 - INFO - 已完成(GVI计算): 191
2025-08-09 22:50:51,379 - INFO - 数据不足(<30): 0
2025-08-09 22:50:51,379 - INFO - 无数据: 0
2025-08-09 22:50:51,379 - INFO - 总计: 191
2025-08-09 22:50:51,379 - INFO - 
[21/100] E01000862
2025-08-09 22:50:51,379 - INFO - 处理 E01000862 - Camden
2025-08-09 22:51:01,974 - INFO -   找到 80 张图片
2025-08-09 22:51:14,520 - INFO -   ✅ GVI = 15.52%
2025-08-09 22:51:14,524 - INFO - 
[22/100] E01000863
2025-08-09 22:51:14,524 - INFO - 处理 E01000863 - Camden
2025-08-09 22:51:23,882 - INFO -   找到 80 张图片
2025-08-09 22:51:36,733 - INFO -   ✅ GVI = 6.69%
2025-08-09 22:51:36,737 - INFO - 
[23/100] E01000864
2025-08-09 22:51:36,737 - INFO - 处理 E01000864 - Camden
2025-08-09 22:51:47,023 - INFO -   找到 80 张图片
2025-08-09 22:52:01,659 - INFO -   ✅ GVI = 8.33%
2025-08-09 22:52:01,663 - INFO - 
[24/100] E01000866
2025-08-09 22:52:01,663 - INFO - 处理 E01000866 - Camden
2025-08-09 22:52:09,152 - INFO -   找到 80 张图片
2025-08-09 22:52:23,136 - INFO -   ✅ GVI = 11.43%
2025-08-09 22:52:23,140 - INFO - 
[25/100] E01000867
2025-08-09 22:52:23,140 - INFO - 处理 E01000867 - Camden
2025-08-09 22:52:29,925 - INFO -   找到 80 张图片
2025-08-09 22:52:43,128 - INFO -   ✅ GVI = 13.54%
2025-08-09 22:52:43,132 - INFO - 
[26/100] E01000868
2025-08-09 22:52:43,132 - INFO - 处理 E01000868 - Camden
2025-08-09 22:52:51,265 - INFO -   找到 80 张图片
2025-08-09 22:53:05,286 - INFO -   ✅ GVI = 6.51%
2025-08-09 22:53:05,289 - INFO - 
[27/100] E01000869
2025-08-09 22:53:05,289 - INFO - 处理 E01000869 - Camden
2025-08-09 22:53:14,690 - INFO -   找到 80 张图片
2025-08-09 22:53:28,842 - INFO -   ✅ GVI = 10.22%
2025-08-09 22:53:28,846 - INFO - 
[28/100] E01000870
2025-08-09 22:53:28,847 - INFO - 处理 E01000870 - Camden
2025-08-09 22:53:37,041 - INFO -   找到 80 张图片
2025-08-09 22:53:49,497 - INFO -   ✅ GVI = 9.72%
2025-08-09 22:53:49,502 - INFO - 
[29/100] E01000872
2025-08-09 22:53:49,502 - INFO - 处理 E01000872 - Camden
2025-08-09 22:53:53,392 - INFO -   找到 80 张图片
2025-08-09 22:54:05,129 - INFO -   ✅ GVI = 24.11%
2025-08-09 22:54:05,132 - INFO - 
[30/100] E01000875
2025-08-09 22:54:05,133 - INFO - 处理 E01000875 - Camden
2025-08-09 22:54:07,939 - INFO -   找到 80 张图片
2025-08-09 22:54:19,957 - INFO -   ✅ GVI = 33.85%
2025-08-09 22:54:19,962 - INFO - 
--- 进度报告 ---
2025-08-09 22:54:19,962 - INFO - 已完成(GVI计算): 201
2025-08-09 22:54:19,962 - INFO - 数据不足(<30): 0
2025-08-09 22:54:19,962 - INFO - 无数据: 0
2025-08-09 22:54:19,963 - INFO - 总计: 201
2025-08-09 22:54:19,963 - INFO - 
[31/100] E01000876
2025-08-09 22:54:19,963 - INFO - 处理 E01000876 - Camden
2025-08-09 22:54:21,745 - INFO -   找到 80 张图片
2025-08-09 22:54:31,769 - INFO -   ✅ GVI = 43.64%
2025-08-09 22:54:31,773 - INFO - 
[32/100] E01000882
2025-08-09 22:54:31,773 - INFO - 处理 E01000882 - Camden
2025-08-09 22:54:33,924 - INFO -   找到 80 张图片
2025-08-09 22:54:43,645 - INFO -   ✅ GVI = 34.51%
2025-08-09 22:54:43,649 - INFO - 
[33/100] E01000884
2025-08-09 22:54:43,649 - INFO - 处理 E01000884 - Camden
2025-08-09 22:54:47,346 - INFO -   找到 80 张图片
2025-08-09 22:54:59,039 - INFO -   ✅ GVI = 19.44%
2025-08-09 22:54:59,043 - INFO - 
[34/100] E01000885
2025-08-09 22:54:59,043 - INFO - 处理 E01000885 - Camden
2025-08-09 22:55:00,747 - INFO -   找到 80 张图片
2025-08-09 22:55:10,776 - INFO -   ✅ GVI = 31.13%
2025-08-09 22:55:10,780 - INFO - 
[35/100] E01000886
2025-08-09 22:55:10,780 - INFO - 处理 E01000886 - Camden
2025-08-09 22:55:18,718 - INFO -   找到 80 张图片
2025-08-09 22:55:31,425 - INFO -   ✅ GVI = 17.12%
2025-08-09 22:55:31,429 - INFO - 
[36/100] E01000887
2025-08-09 22:55:31,429 - INFO - 处理 E01000887 - Camden
2025-08-09 22:55:39,673 - INFO -   找到 80 张图片
2025-08-09 22:55:52,845 - INFO -   ✅ GVI = 19.34%
2025-08-09 22:55:52,849 - INFO - 
[37/100] E01000888
2025-08-09 22:55:52,849 - INFO - 处理 E01000888 - Camden
2025-08-09 22:56:00,501 - INFO -   找到 80 张图片
2025-08-09 22:56:13,368 - INFO -   ✅ GVI = 17.56%
2025-08-09 22:56:13,374 - INFO - 
[38/100] E01000889
2025-08-09 22:56:13,375 - INFO - 处理 E01000889 - Camden
2025-08-09 22:56:21,211 - INFO -   找到 80 张图片
2025-08-09 22:56:35,076 - INFO -   ✅ GVI = 12.60%
2025-08-09 22:56:35,080 - INFO - 
[39/100] E01000890
2025-08-09 22:56:35,081 - INFO - 处理 E01000890 - Camden
2025-08-09 22:56:41,017 - INFO -   找到 80 张图片
2025-08-09 22:56:55,184 - INFO -   ✅ GVI = 14.39%
2025-08-09 22:56:55,189 - INFO - 
[40/100] E01000891
2025-08-09 22:56:55,189 - INFO - 处理 E01000891 - Camden
2025-08-09 22:56:58,788 - INFO -   找到 80 张图片
2025-08-09 22:57:10,009 - INFO -   ✅ GVI = 14.21%
2025-08-09 22:57:10,016 - INFO - 
--- 进度报告 ---
2025-08-09 22:57:10,016 - INFO - 已完成(GVI计算): 211
2025-08-09 22:57:10,016 - INFO - 数据不足(<30): 0
2025-08-09 22:57:10,016 - INFO - 无数据: 0
2025-08-09 22:57:10,016 - INFO - 总计: 211
2025-08-09 22:57:10,016 - INFO - 
[41/100] E01000892
2025-08-09 22:57:10,016 - INFO - 处理 E01000892 - Camden
2025-08-09 22:57:12,279 - INFO -   找到 80 张图片
2025-08-09 22:57:25,877 - INFO -   ✅ GVI = 19.61%
2025-08-09 22:57:25,883 - INFO - 
[42/100] E01000893
2025-08-09 22:57:25,883 - INFO - 处理 E01000893 - Camden
2025-08-09 22:57:35,977 - INFO -   找到 80 张图片
2025-08-09 22:57:49,750 - INFO -   ✅ GVI = 55.41%
2025-08-09 22:57:49,753 - INFO - 
[43/100] E01000894
2025-08-09 22:57:49,753 - INFO - 处理 E01000894 - Camden
2025-08-09 22:57:57,060 - INFO -   找到 80 张图片
2025-08-09 22:58:10,304 - INFO -   ✅ GVI = 30.82%
2025-08-09 22:58:10,308 - INFO - 
[44/100] E01000897
2025-08-09 22:58:10,308 - INFO - 处理 E01000897 - Camden
2025-08-09 22:58:16,909 - INFO -   找到 80 张图片
2025-08-09 22:58:30,228 - INFO -   ✅ GVI = 32.16%
2025-08-09 22:58:30,232 - INFO - 
[45/100] E01000898
2025-08-09 22:58:30,232 - INFO - 处理 E01000898 - Camden
2025-08-09 22:58:32,341 - INFO -   找到 80 张图片
2025-08-09 22:58:45,717 - INFO -   ✅ GVI = 28.15%
2025-08-09 22:58:45,721 - INFO - 
[46/100] E01000899
2025-08-09 22:58:45,722 - INFO - 处理 E01000899 - Camden
2025-08-09 22:58:53,805 - INFO -   找到 80 张图片
2025-08-09 22:59:08,109 - INFO -   ✅ GVI = 40.54%
2025-08-09 22:59:08,113 - INFO - 
[47/100] E01000900
2025-08-09 22:59:08,113 - INFO - 处理 E01000900 - Camden
2025-08-09 22:59:18,543 - INFO -   找到 80 张图片
2025-08-09 22:59:33,526 - INFO -   ✅ GVI = 14.73%
2025-08-09 22:59:33,531 - INFO - 
[48/100] E01000901
2025-08-09 22:59:33,531 - INFO - 处理 E01000901 - Camden
2025-08-09 22:59:39,958 - INFO -   找到 80 张图片
2025-08-09 22:59:53,831 - INFO -   ✅ GVI = 16.70%
2025-08-09 22:59:53,836 - INFO - 
[49/100] E01000902
2025-08-09 22:59:53,836 - INFO - 处理 E01000902 - Camden
2025-08-09 23:00:02,927 - INFO -   找到 80 张图片
2025-08-09 23:00:17,109 - INFO -   ✅ GVI = 12.47%
2025-08-09 23:00:17,115 - INFO - 
[50/100] E01000903
2025-08-09 23:00:17,115 - INFO - 处理 E01000903 - Camden
2025-08-09 23:00:19,903 - INFO -   找到 80 张图片
2025-08-09 23:00:30,999 - INFO -   ✅ GVI = 14.27%
2025-08-09 23:00:31,003 - INFO - 
--- 进度报告 ---
2025-08-09 23:00:31,003 - INFO - 已完成(GVI计算): 221
2025-08-09 23:00:31,004 - INFO - 数据不足(<30): 0
2025-08-09 23:00:31,004 - INFO - 无数据: 0
2025-08-09 23:00:31,004 - INFO - 总计: 221
2025-08-09 23:00:31,004 - INFO - 
批次 2：处理 51-100/100
2025-08-09 23:00:31,005 - INFO - 
[51/100] E01000904
2025-08-09 23:00:31,005 - INFO - 处理 E01000904 - Camden
2025-08-09 23:00:38,260 - INFO -   找到 80 张图片
2025-08-09 23:00:52,307 - INFO -   ✅ GVI = 13.87%
2025-08-09 23:00:52,311 - INFO - 
[52/100] E01000905
2025-08-09 23:00:52,312 - INFO - 处理 E01000905 - Camden
2025-08-09 23:00:56,738 - INFO -   找到 80 张图片
2025-08-09 23:01:11,162 - INFO -   ✅ GVI = 11.38%
2025-08-09 23:01:11,168 - INFO - 
[53/100] E01000906
2025-08-09 23:01:11,168 - INFO - 处理 E01000906 - Camden
2025-08-09 23:01:14,922 - INFO -   找到 80 张图片
2025-08-09 23:01:28,947 - INFO -   ✅ GVI = 12.64%
2025-08-09 23:01:28,952 - INFO - 
[54/100] E01000907
2025-08-09 23:01:28,952 - INFO - 处理 E01000907 - Camden
2025-08-09 23:01:31,629 - INFO -   找到 80 张图片
2025-08-09 23:01:46,892 - INFO -   ✅ GVI = 21.92%
2025-08-09 23:01:46,895 - INFO - 
[55/100] E01000908
2025-08-09 23:01:46,895 - INFO - 处理 E01000908 - Camden
2025-08-09 23:01:51,315 - INFO -   找到 80 张图片
2025-08-09 23:02:07,979 - INFO -   ✅ GVI = 30.70%
2025-08-09 23:02:07,984 - INFO - 
[56/100] E01000909
2025-08-09 23:02:07,985 - INFO - 处理 E01000909 - Camden
2025-08-09 23:02:15,891 - INFO -   找到 80 张图片
2025-08-09 23:02:31,578 - INFO -   ✅ GVI = 46.18%
2025-08-09 23:02:31,584 - INFO - 
[57/100] E01000910
2025-08-09 23:02:31,585 - INFO - 处理 E01000910 - Camden
2025-08-09 23:02:36,770 - INFO -   找到 80 张图片
2025-08-09 23:02:48,930 - INFO -   ✅ GVI = 29.85%
2025-08-09 23:02:48,935 - INFO - 
[58/100] E01000911
2025-08-09 23:02:48,935 - INFO - 处理 E01000911 - Camden
2025-08-09 23:02:52,734 - INFO -   找到 80 张图片
2025-08-09 23:03:04,621 - INFO -   ✅ GVI = 17.06%
2025-08-09 23:03:04,626 - INFO - 
[59/100] E01000913
2025-08-09 23:03:04,626 - INFO - 处理 E01000913 - Camden
2025-08-09 23:03:11,179 - INFO -   找到 80 张图片
2025-08-09 23:03:24,947 - INFO -   ✅ GVI = 47.10%
2025-08-09 23:03:24,952 - INFO - 
[60/100] E01000914
2025-08-09 23:03:24,952 - INFO - 处理 E01000914 - Camden
2025-08-09 23:03:35,585 - INFO -   找到 80 张图片
2025-08-09 23:03:49,173 - INFO -   ✅ GVI = 8.74%
2025-08-09 23:03:49,180 - INFO - 
--- 进度报告 ---
2025-08-09 23:03:49,180 - INFO - 已完成(GVI计算): 231
2025-08-09 23:03:49,180 - INFO - 数据不足(<30): 0
2025-08-09 23:03:49,180 - INFO - 无数据: 0
2025-08-09 23:03:49,180 - INFO - 总计: 231
2025-08-09 23:03:49,181 - INFO - 
[61/100] E01000916
2025-08-09 23:03:49,181 - INFO - 处理 E01000916 - Camden
2025-08-09 23:03:59,769 - INFO -   找到 80 张图片
2025-08-09 23:04:14,103 - INFO -   ✅ GVI = 2.28%
2025-08-09 23:04:14,107 - INFO - 
[62/100] E01000917
2025-08-09 23:04:14,107 - INFO - 处理 E01000917 - Camden
2025-08-09 23:04:25,193 - INFO -   找到 80 张图片
2025-08-09 23:04:39,873 - INFO -   ✅ GVI = 5.27%
2025-08-09 23:04:39,880 - INFO - 
[63/100] E01000918
2025-08-09 23:04:39,880 - INFO - 处理 E01000918 - Camden
2025-08-09 23:04:45,797 - INFO -   找到 80 张图片
2025-08-09 23:05:00,418 - INFO -   ✅ GVI = 9.48%
2025-08-09 23:05:00,424 - INFO - 
[64/100] E01000920
2025-08-09 23:05:00,424 - INFO - 处理 E01000920 - Camden
2025-08-09 23:05:11,881 - INFO -   找到 80 张图片
2025-08-09 23:05:26,354 - INFO -   ✅ GVI = 7.31%
2025-08-09 23:05:26,359 - INFO - 
[65/100] E01000921
2025-08-09 23:05:26,359 - INFO - 处理 E01000921 - Camden
2025-08-09 23:05:37,503 - INFO -   找到 80 张图片
2025-08-09 23:05:51,212 - INFO -   ✅ GVI = 10.63%
2025-08-09 23:05:51,219 - INFO - 
[66/100] E01000923
2025-08-09 23:05:51,219 - INFO - 处理 E01000923 - Camden
2025-08-09 23:05:57,627 - INFO -   找到 80 张图片
2025-08-09 23:06:12,046 - INFO -   ✅ GVI = 13.38%
2025-08-09 23:06:12,050 - INFO - 
[67/100] E01000924
2025-08-09 23:06:12,051 - INFO - 处理 E01000924 - Camden
2025-08-09 23:06:20,904 - INFO -   找到 80 张图片
2025-08-09 23:06:35,000 - INFO -   ✅ GVI = 18.65%
2025-08-09 23:06:35,006 - INFO - 
[68/100] E01000925
2025-08-09 23:06:35,006 - INFO - 处理 E01000925 - Camden
2025-08-09 23:06:41,353 - INFO -   找到 80 张图片
2025-08-09 23:06:54,895 - INFO -   ✅ GVI = 20.64%
2025-08-09 23:06:54,899 - INFO - 
[69/100] E01000926
2025-08-09 23:06:54,899 - INFO - 处理 E01000926 - Camden
2025-08-09 23:07:03,339 - INFO -   找到 80 张图片
2025-08-09 23:07:17,618 - INFO -   ✅ GVI = 12.96%
2025-08-09 23:07:17,622 - INFO - 
[70/100] E01000927
2025-08-09 23:07:17,622 - INFO - 处理 E01000927 - Camden
2025-08-09 23:07:28,379 - INFO -   找到 80 张图片
2025-08-09 23:07:42,762 - INFO -   ✅ GVI = 7.25%
2025-08-09 23:07:42,769 - INFO - 
--- 进度报告 ---
2025-08-09 23:07:42,769 - INFO - 已完成(GVI计算): 241
2025-08-09 23:07:42,769 - INFO - 数据不足(<30): 0
2025-08-09 23:07:42,769 - INFO - 无数据: 0
2025-08-09 23:07:42,770 - INFO - 总计: 241
2025-08-09 23:07:42,770 - INFO - 
[71/100] E01000928
2025-08-09 23:07:42,770 - INFO - 处理 E01000928 - Camden
2025-08-09 23:07:48,033 - INFO -   找到 80 张图片
2025-08-09 23:08:01,326 - INFO -   ✅ GVI = 8.46%
2025-08-09 23:08:01,331 - INFO - 
[72/100] E01000931
2025-08-09 23:08:01,332 - INFO - 处理 E01000931 - Camden
2025-08-09 23:08:07,063 - INFO -   找到 80 张图片
2025-08-09 23:08:18,474 - INFO -   ✅ GVI = 3.06%
2025-08-09 23:08:18,479 - INFO - 
[73/100] E01000932
2025-08-09 23:08:18,480 - INFO - 处理 E01000932 - Camden
2025-08-09 23:08:20,425 - INFO -   找到 80 张图片
2025-08-09 23:08:32,665 - INFO -   ✅ GVI = 11.20%
2025-08-09 23:08:32,669 - INFO - 
[74/100] E01000933
2025-08-09 23:08:32,669 - INFO - 处理 E01000933 - Camden
2025-08-09 23:08:35,031 - INFO -   找到 80 张图片
2025-08-09 23:08:46,175 - INFO -   ✅ GVI = 20.56%
2025-08-09 23:08:46,179 - INFO - 
[75/100] E01000934
2025-08-09 23:08:46,179 - INFO - 处理 E01000934 - Camden
2025-08-09 23:08:48,944 - INFO -   找到 80 张图片
2025-08-09 23:09:00,294 - INFO -   ✅ GVI = 29.99%
2025-08-09 23:09:00,299 - INFO - 
[76/100] E01000935
2025-08-09 23:09:00,299 - INFO - 处理 E01000935 - Camden
2025-08-09 23:09:02,314 - INFO -   找到 80 张图片
2025-08-09 23:09:10,546 - INFO -   ✅ GVI = 21.81%
2025-08-09 23:09:10,550 - INFO - 
[77/100] E01000936
2025-08-09 23:09:10,550 - INFO - 处理 E01000936 - Camden
2025-08-09 23:09:18,859 - INFO -   找到 80 张图片
2025-08-09 23:09:33,737 - INFO -   ✅ GVI = 6.29%
2025-08-09 23:09:33,742 - INFO - 
[78/100] E01000938
2025-08-09 23:09:33,743 - INFO - 处理 E01000938 - Camden
2025-08-09 23:09:45,129 - INFO -   找到 80 张图片
2025-08-09 23:09:58,956 - INFO -   ✅ GVI = 10.65%
2025-08-09 23:09:58,963 - INFO - 
[79/100] E01000939
2025-08-09 23:09:58,964 - INFO - 处理 E01000939 - Camden
2025-08-09 23:10:07,782 - INFO -   找到 80 张图片
2025-08-09 23:10:21,485 - INFO -   ✅ GVI = 9.33%
2025-08-09 23:10:21,490 - INFO - 
[80/100] E01000940
2025-08-09 23:10:21,490 - INFO - 处理 E01000940 - Camden
2025-08-09 23:10:32,129 - INFO -   找到 80 张图片
2025-08-09 23:10:45,759 - INFO -   ✅ GVI = 11.08%
2025-08-09 23:10:45,764 - INFO - 
--- 进度报告 ---
2025-08-09 23:10:45,764 - INFO - 已完成(GVI计算): 251
2025-08-09 23:10:45,764 - INFO - 数据不足(<30): 0
2025-08-09 23:10:45,765 - INFO - 无数据: 0
2025-08-09 23:10:45,765 - INFO - 总计: 251
2025-08-09 23:10:45,765 - INFO - 
[81/100] E01000941
2025-08-09 23:10:45,765 - INFO - 处理 E01000941 - Camden
2025-08-09 23:10:54,031 - INFO -   找到 80 张图片
2025-08-09 23:11:08,899 - INFO -   ✅ GVI = 10.86%
2025-08-09 23:11:08,904 - INFO - 
[82/100] E01000942
2025-08-09 23:11:08,904 - INFO - 处理 E01000942 - Camden
2025-08-09 23:11:19,045 - INFO -   找到 80 张图片
2025-08-09 23:11:33,014 - INFO -   ✅ GVI = 10.61%
2025-08-09 23:11:33,018 - INFO - 
[83/100] E01000943
2025-08-09 23:11:33,018 - INFO - 处理 E01000943 - Camden
2025-08-09 23:11:40,359 - INFO -   找到 80 张图片
2025-08-09 23:11:54,541 - INFO -   ✅ GVI = 10.07%
2025-08-09 23:11:54,548 - INFO - 
[84/100] E01000944
2025-08-09 23:11:54,548 - INFO - 处理 E01000944 - Camden
2025-08-09 23:12:05,222 - INFO -   找到 80 张图片
2025-08-09 23:12:18,433 - INFO -   ✅ GVI = 18.90%
2025-08-09 23:12:18,437 - INFO - 
[85/100] E01000945
2025-08-09 23:12:18,437 - INFO - 处理 E01000945 - Camden
2025-08-09 23:12:32,435 - INFO -   找到 80 张图片
2025-08-09 23:12:46,691 - INFO -   ✅ GVI = 9.29%
2025-08-09 23:12:46,696 - INFO - 
[86/100] E01000946
2025-08-09 23:12:46,696 - INFO - 处理 E01000946 - Camden
2025-08-09 23:13:00,948 - INFO -   找到 80 张图片
2025-08-09 23:13:14,864 - INFO -   ✅ GVI = 23.97%
2025-08-09 23:13:14,868 - INFO - 
[87/100] E01000947
2025-08-09 23:13:14,869 - INFO - 处理 E01000947 - Camden
2025-08-09 23:13:24,333 - INFO -   找到 80 张图片
2025-08-09 23:13:38,319 - INFO -   ✅ GVI = 14.28%
2025-08-09 23:13:38,322 - INFO - 
[88/100] E01000948
2025-08-09 23:13:38,322 - INFO - 处理 E01000948 - Camden
2025-08-09 23:13:44,642 - INFO -   找到 80 张图片
2025-08-09 23:13:56,771 - INFO -   ✅ GVI = 10.99%
2025-08-09 23:13:56,776 - INFO - 
[89/100] E01000950
2025-08-09 23:13:56,776 - INFO - 处理 E01000950 - Camden
2025-08-09 23:14:02,714 - INFO -   找到 80 张图片
2025-08-09 23:14:16,631 - INFO -   ✅ GVI = 11.14%
2025-08-09 23:14:16,635 - INFO - 
[90/100] E01000951
2025-08-09 23:14:16,636 - INFO - 处理 E01000951 - Camden
2025-08-09 23:14:18,844 - INFO -   找到 80 张图片
2025-08-09 23:14:32,428 - INFO -   ✅ GVI = 10.39%
2025-08-09 23:14:32,434 - INFO - 
--- 进度报告 ---
2025-08-09 23:14:32,434 - INFO - 已完成(GVI计算): 261
2025-08-09 23:14:32,434 - INFO - 数据不足(<30): 0
2025-08-09 23:14:32,434 - INFO - 无数据: 0
2025-08-09 23:14:32,434 - INFO - 总计: 261
2025-08-09 23:14:32,434 - INFO - 
[91/100] E01000952
2025-08-09 23:14:32,435 - INFO - 处理 E01000952 - Camden
2025-08-09 23:14:41,123 - INFO -   找到 80 张图片
2025-08-09 23:14:55,793 - INFO -   ✅ GVI = 21.84%
2025-08-09 23:14:55,796 - INFO - 
[92/100] E01000953
2025-08-09 23:14:55,797 - INFO - 处理 E01000953 - Camden
2025-08-09 23:15:12,511 - INFO -   找到 80 张图片
2025-08-09 23:15:26,779 - INFO -   ✅ GVI = 9.91%
2025-08-09 23:15:26,785 - INFO - 
[93/100] E01000954
2025-08-09 23:15:26,785 - INFO - 处理 E01000954 - Camden
2025-08-09 23:15:33,840 - INFO -   找到 80 张图片
2025-08-09 23:15:47,699 - INFO -   ✅ GVI = 14.36%
2025-08-09 23:15:47,706 - INFO - 
[94/100] E01000955
2025-08-09 23:15:47,706 - INFO - 处理 E01000955 - Camden
2025-08-09 23:15:56,551 - INFO -   找到 80 张图片
2025-08-09 23:16:11,376 - INFO -   ✅ GVI = 14.02%
2025-08-09 23:16:11,383 - INFO - 
[95/100] E01000956
2025-08-09 23:16:11,383 - INFO - 处理 E01000956 - Camden
2025-08-09 23:16:17,048 - INFO -   找到 80 张图片
2025-08-09 23:16:30,615 - INFO -   ✅ GVI = 11.77%
2025-08-09 23:16:30,620 - INFO - 
[96/100] E01000957
2025-08-09 23:16:30,620 - INFO - 处理 E01000957 - Camden
2025-08-09 23:16:38,535 - INFO -   找到 80 张图片
2025-08-09 23:16:53,661 - INFO -   ✅ GVI = 13.77%
2025-08-09 23:16:53,667 - INFO - 
[97/100] E01000958
2025-08-09 23:16:53,667 - INFO - 处理 E01000958 - Camden
2025-08-09 23:16:59,283 - INFO -   找到 80 张图片
2025-08-09 23:17:13,759 - INFO -   ✅ GVI = 16.13%
2025-08-09 23:17:13,764 - INFO - 
[98/100] E01000959
2025-08-09 23:17:13,764 - INFO - 处理 E01000959 - Camden
2025-08-09 23:17:20,655 - INFO -   找到 80 张图片
2025-08-09 23:17:34,408 - INFO -   ✅ GVI = 13.36%
2025-08-09 23:17:34,414 - INFO - 
[99/100] E01000961
2025-08-09 23:17:34,415 - INFO - 处理 E01000961 - Camden
2025-08-09 23:17:40,250 - INFO -   找到 80 张图片
2025-08-09 23:17:52,852 - INFO -   ✅ GVI = 20.69%
2025-08-09 23:17:52,859 - INFO - 
[100/100] E01000962
2025-08-09 23:17:52,860 - INFO - 处理 E01000962 - Camden
2025-08-09 23:17:55,496 - INFO -   找到 80 张图片
2025-08-09 23:18:05,720 - INFO -   ✅ GVI = 26.91%
2025-08-09 23:18:05,726 - INFO - 
--- 进度报告 ---
2025-08-09 23:18:05,726 - INFO - 已完成(GVI计算): 271
2025-08-09 23:18:05,726 - INFO - 数据不足(<30): 0
2025-08-09 23:18:05,726 - INFO - 无数据: 0
2025-08-09 23:18:05,726 - INFO - 总计: 271
2025-08-09 23:18:05,726 - INFO - 
======================================================================
2025-08-09 23:18:05,727 - INFO - 处理完成！
2025-08-09 23:18:05,728 - INFO - 
最终统计：
2025-08-09 23:18:05,728 - INFO -   总LSOA数: 271
2025-08-09 23:18:05,728 - INFO -   已计算GVI: 271 (100.0%)
2025-08-09 23:18:05,728 - INFO -   数据不足: 0 (0.0%)
2025-08-09 23:18:05,728 - INFO -   无数据: 0 (0.0%)
2025-08-09 23:18:05,729 - INFO - 
平均GVI: 17.14%
2025-08-09 23:18:05,730 - INFO - 
输出文件：
2025-08-09 23:18:05,730 - INFO -   主数据文件: C:\Users\z1782\OneDrive - University College London\Attachments\004\methodology\Dissertation_v2\output\full_london_gvi\inner_london_all_lsoas_status.csv
2025-08-09 23:18:05,730 - INFO -   统计报告: C:\Users\z1782\OneDrive - University College London\Attachments\004\methodology\Dissertation_v2\output\full_london_gvi\final_report_20250809_2318.json
2025-08-09 23:18:05,730 - INFO - ======================================================================
