2025-08-10 06:20:47,791 - INFO - ======================================================================
2025-08-10 06:20:47,791 - INFO - Inner London LSOA 数据收集
2025-08-10 06:20:47,792 - INFO - ======================================================================
2025-08-10 06:20:47,797 - INFO - ✅ 加载已处理结果：1566 个LSOA
2025-08-10 06:20:47,797 - INFO - 加载所有Inner London LSOAs...
2025-08-10 06:20:48,359 - INFO - 找到 1731 个Inner London LSOAs
2025-08-10 06:20:48,359 - INFO - 已处理：1566，待处理：165
2025-08-10 06:20:48,360 - INFO - 待处理：165 个LSOA
2025-08-10 06:20:48,360 - INFO - 批次大小：50
2025-08-10 06:20:48,360 - INFO - 
批次 1：处理 1-50/165
2025-08-10 06:20:48,361 - INFO - 
[1/165] E01004593
2025-08-10 06:20:48,361 - INFO - 处理 E01004593 - Wandsworth
2025-08-10 06:20:57,061 - INFO -   找到 80 张图片
2025-08-10 06:21:06,766 - INFO -   ✅ GVI = 15.43%
2025-08-10 06:21:06,784 - INFO - 
[2/165] E01004595
2025-08-10 06:21:06,784 - INFO - 处理 E01004595 - Wandsworth
2025-08-10 06:21:12,852 - INFO -   找到 80 张图片
2025-08-10 06:21:21,772 - INFO -   ✅ GVI = 13.27%
2025-08-10 06:21:21,783 - INFO - 
[3/165] E01004596
2025-08-10 06:21:21,783 - INFO - 处理 E01004596 - Wandsworth
2025-08-10 06:21:25,089 - INFO -   找到 80 张图片
2025-08-10 06:21:35,372 - INFO -   ✅ GVI = 4.59%
2025-08-10 06:21:35,383 - INFO - 
[4/165] E01004597
2025-08-10 06:21:35,383 - INFO - 处理 E01004597 - Wandsworth
2025-08-10 06:21:40,751 - INFO -   找到 0 张图片
2025-08-10 06:21:40,767 - INFO - 
[5/165] E01004598
2025-08-10 06:21:40,767 - INFO - 处理 E01004598 - Wandsworth
2025-08-10 06:21:44,722 - INFO -   找到 80 张图片
2025-08-10 06:21:54,288 - INFO -   ✅ GVI = 9.59%
2025-08-10 06:21:54,299 - INFO - 
[6/165] E01004599
2025-08-10 06:21:54,299 - INFO - 处理 E01004599 - Wandsworth
2025-08-10 06:21:59,354 - INFO -   找到 0 张图片
2025-08-10 06:21:59,367 - INFO - 
[7/165] E01004601
2025-08-10 06:21:59,367 - INFO - 处理 E01004601 - Wandsworth
2025-08-10 06:22:06,649 - INFO -   找到 80 张图片
2025-08-10 06:22:15,837 - INFO -   ✅ GVI = 13.80%
2025-08-10 06:22:15,848 - INFO - 
[8/165] E01004602
2025-08-10 06:22:15,848 - INFO - 处理 E01004602 - Wandsworth
2025-08-10 06:22:22,799 - INFO -   找到 80 张图片
2025-08-10 06:22:33,207 - INFO -   ✅ GVI = 12.20%
2025-08-10 06:22:33,218 - INFO - 
[9/165] E01004604
2025-08-10 06:22:33,218 - INFO - 处理 E01004604 - Wandsworth
2025-08-10 06:22:39,023 - INFO -   找到 80 张图片
2025-08-10 06:22:52,397 - INFO -   ✅ GVI = 12.65%
2025-08-10 06:22:52,408 - INFO - 
[10/165] E01004605
2025-08-10 06:22:52,408 - INFO - 处理 E01004605 - Wandsworth
2025-08-10 06:22:56,784 - INFO -   找到 80 张图片
2025-08-10 06:23:09,758 - INFO -   ✅ GVI = 13.94%
2025-08-10 06:23:09,774 - INFO - 
--- 进度报告 ---
2025-08-10 06:23:09,775 - INFO - 已完成(GVI计算): 1515
2025-08-10 06:23:09,775 - INFO - 数据不足(<30): 35
2025-08-10 06:23:09,775 - INFO - 无数据: 26
2025-08-10 06:23:09,775 - INFO - 总计: 1576
2025-08-10 06:23:09,775 - INFO - 
[11/165] E01004606
2025-08-10 06:23:09,775 - INFO - 处理 E01004606 - Wandsworth
2025-08-10 06:23:12,362 - INFO -   找到 80 张图片
2025-08-10 06:23:21,735 - INFO -   ✅ GVI = 10.14%
2025-08-10 06:23:21,750 - INFO - 
[12/165] E01004607
2025-08-10 06:23:21,751 - INFO - 处理 E01004607 - Wandsworth
2025-08-10 06:23:24,335 - INFO -   找到 80 张图片
2025-08-10 06:23:34,746 - INFO -   ✅ GVI = 12.27%
2025-08-10 06:23:34,759 - INFO - 
[13/165] E01004608
2025-08-10 06:23:34,760 - INFO - 处理 E01004608 - Wandsworth
2025-08-10 06:23:37,541 - INFO -   找到 80 张图片
2025-08-10 06:23:46,038 - INFO -   ✅ GVI = 9.08%
2025-08-10 06:23:46,050 - INFO - 
[14/165] E01004609
2025-08-10 06:23:46,050 - INFO - 处理 E01004609 - Wandsworth
2025-08-10 06:23:50,135 - INFO -   找到 80 张图片
2025-08-10 06:23:59,200 - INFO -   ✅ GVI = 9.36%
2025-08-10 06:23:59,212 - INFO - 
[15/165] E01004610
2025-08-10 06:23:59,212 - INFO - 处理 E01004610 - Wandsworth
2025-08-10 06:24:03,640 - INFO -   找到 80 张图片
2025-08-10 06:24:16,154 - INFO -   ✅ GVI = 5.35%
2025-08-10 06:24:16,166 - INFO - 
[16/165] E01004611
2025-08-10 06:24:16,166 - INFO - 处理 E01004611 - Wandsworth
2025-08-10 06:24:18,427 - INFO -   找到 80 张图片
2025-08-10 06:24:30,138 - INFO -   ✅ GVI = 2.50%
2025-08-10 06:24:30,151 - INFO - 
[17/165] E01004612
2025-08-10 06:24:30,151 - INFO - 处理 E01004612 - Wandsworth
2025-08-10 06:24:31,671 - INFO -   找到 80 张图片
2025-08-10 06:24:39,321 - INFO -   ✅ GVI = 2.86%
2025-08-10 06:24:39,332 - INFO - 
[18/165] E01004614
2025-08-10 06:24:39,332 - INFO - 处理 E01004614 - Wandsworth
2025-08-10 06:24:52,125 - INFO -   找到 59 张图片
2025-08-10 06:24:57,879 - INFO -   ✅ GVI = 7.20%
2025-08-10 06:24:57,892 - INFO - 
[19/165] E01004615
2025-08-10 06:24:57,892 - INFO - 处理 E01004615 - Wandsworth
2025-08-10 06:25:03,638 - INFO -   找到 80 张图片
2025-08-10 06:25:16,823 - INFO -   ✅ GVI = 20.48%
2025-08-10 06:25:16,834 - INFO - 
[20/165] E01004616
2025-08-10 06:25:16,834 - INFO - 处理 E01004616 - Wandsworth
2025-08-10 06:25:26,780 - INFO -   找到 39 张图片
2025-08-10 06:25:30,620 - INFO -   ✅ GVI = 1.29%
2025-08-10 06:25:30,641 - INFO - 
--- 进度报告 ---
2025-08-10 06:25:30,641 - INFO - 已完成(GVI计算): 1525
2025-08-10 06:25:30,641 - INFO - 数据不足(<30): 35
2025-08-10 06:25:30,641 - INFO - 无数据: 26
2025-08-10 06:25:30,641 - INFO - 总计: 1586
2025-08-10 06:25:30,642 - INFO - 
[21/165] E01004617
2025-08-10 06:25:30,642 - INFO - 处理 E01004617 - Wandsworth
2025-08-10 06:25:35,199 - INFO -   找到 80 张图片
2025-08-10 06:25:44,655 - INFO -   ✅ GVI = 29.86%
2025-08-10 06:25:44,668 - INFO - 
[22/165] E01004618
2025-08-10 06:25:44,668 - INFO - 处理 E01004618 - Wandsworth
2025-08-10 06:25:46,298 - INFO -   找到 80 张图片
2025-08-10 06:25:53,834 - INFO -   ✅ GVI = 1.44%
2025-08-10 06:25:53,846 - INFO - 
[23/165] E01004619
2025-08-10 06:25:53,847 - INFO - 处理 E01004619 - Wandsworth
2025-08-10 06:26:00,640 - INFO -   找到 80 张图片
2025-08-10 06:26:12,910 - INFO -   ✅ GVI = 36.90%
2025-08-10 06:26:12,922 - INFO - 
[24/165] E01004620
2025-08-10 06:26:12,922 - INFO - 处理 E01004620 - Wandsworth
2025-08-10 06:26:16,501 - INFO -   找到 80 张图片
2025-08-10 06:26:28,420 - INFO -   ✅ GVI = 14.03%
2025-08-10 06:26:28,432 - INFO - 
[25/165] E01004621
2025-08-10 06:26:28,432 - INFO - 处理 E01004621 - Wandsworth
2025-08-10 06:26:33,957 - INFO -   找到 80 张图片
2025-08-10 06:26:45,872 - INFO -   ✅ GVI = 22.16%
2025-08-10 06:26:45,884 - INFO - 
[26/165] E01004622
2025-08-10 06:26:45,884 - INFO - 处理 E01004622 - Wandsworth
2025-08-10 06:26:55,290 - INFO -   找到 80 张图片
2025-08-10 06:27:08,477 - INFO -   ✅ GVI = 27.75%
2025-08-10 06:27:08,489 - INFO - 
[27/165] E01004623
2025-08-10 06:27:08,489 - INFO - 处理 E01004623 - Wandsworth
2025-08-10 06:27:12,910 - INFO -   找到 80 张图片
2025-08-10 06:27:23,377 - INFO -   ✅ GVI = 6.36%
2025-08-10 06:27:23,388 - INFO - 
[28/165] E01004624
2025-08-10 06:27:23,389 - INFO - 处理 E01004624 - Wandsworth
2025-08-10 06:27:28,871 - INFO -   找到 80 张图片
2025-08-10 06:27:38,724 - INFO -   ✅ GVI = 19.32%
2025-08-10 06:27:38,736 - INFO - 
[29/165] E01004625
2025-08-10 06:27:38,736 - INFO - 处理 E01004625 - Wandsworth
2025-08-10 06:27:41,286 - INFO -   找到 80 张图片
2025-08-10 06:27:54,433 - INFO -   ✅ GVI = 20.45%
2025-08-10 06:27:54,445 - INFO - 
[30/165] E01004626
2025-08-10 06:27:54,445 - INFO - 处理 E01004626 - Wandsworth
2025-08-10 06:27:57,236 - INFO -   找到 80 张图片
2025-08-10 06:28:05,591 - INFO -   ✅ GVI = 9.50%
2025-08-10 06:28:05,604 - INFO - 
--- 进度报告 ---
2025-08-10 06:28:05,604 - INFO - 已完成(GVI计算): 1535
2025-08-10 06:28:05,606 - INFO - 数据不足(<30): 35
2025-08-10 06:28:05,606 - INFO - 无数据: 26
2025-08-10 06:28:05,606 - INFO - 总计: 1596
2025-08-10 06:28:05,606 - INFO - 
[31/165] E01004627
2025-08-10 06:28:05,606 - INFO - 处理 E01004627 - Wandsworth
2025-08-10 06:28:08,343 - INFO -   找到 80 张图片
2025-08-10 06:28:17,997 - INFO -   ✅ GVI = 14.60%
2025-08-10 06:28:18,008 - INFO - 
[32/165] E01004628
2025-08-10 06:28:18,009 - INFO - 处理 E01004628 - Wandsworth
2025-08-10 06:28:19,060 - INFO -   找到 80 张图片
2025-08-10 06:28:26,546 - INFO -   ✅ GVI = 28.37%
2025-08-10 06:28:26,558 - INFO - 
[33/165] E01004629
2025-08-10 06:28:26,558 - INFO - 处理 E01004629 - Wandsworth
2025-08-10 06:28:34,900 - INFO -   找到 80 张图片
2025-08-10 06:28:46,111 - INFO -   ✅ GVI = 7.96%
2025-08-10 06:28:46,122 - INFO - 
[34/165] E01004630
2025-08-10 06:28:46,123 - INFO - 处理 E01004630 - Wandsworth
2025-08-10 06:28:57,487 - INFO -   找到 41 张图片
2025-08-10 06:29:01,779 - INFO -   ✅ GVI = 18.03%
2025-08-10 06:29:01,791 - INFO - 
[35/165] E01004631
2025-08-10 06:29:01,791 - INFO - 处理 E01004631 - Wandsworth
2025-08-10 06:29:11,908 - INFO -   找到 46 张图片
2025-08-10 06:29:16,808 - INFO -   ✅ GVI = 18.14%
2025-08-10 06:29:16,819 - INFO - 
[36/165] E01004632
2025-08-10 06:29:16,819 - INFO - 处理 E01004632 - Wandsworth
2025-08-10 06:29:23,846 - INFO -   找到 80 张图片
2025-08-10 06:29:34,008 - INFO -   ✅ GVI = 13.83%
2025-08-10 06:29:34,020 - INFO - 
[37/165] E01004633
2025-08-10 06:29:34,020 - INFO - 处理 E01004633 - Wandsworth
2025-08-10 06:29:38,756 - INFO -   找到 0 张图片
2025-08-10 06:29:38,767 - INFO - 
[38/165] E01004634
2025-08-10 06:29:38,767 - INFO - 处理 E01004634 - Wandsworth
2025-08-10 06:29:46,652 - INFO -   找到 3 张图片
2025-08-10 06:29:46,664 - INFO - 
[39/165] E01004635
2025-08-10 06:29:46,665 - INFO - 处理 E01004635 - Wandsworth
2025-08-10 06:29:50,831 - INFO -   找到 80 张图片
2025-08-10 06:30:00,762 - INFO -   ✅ GVI = 12.72%
2025-08-10 06:30:00,779 - INFO - 
[40/165] E01004636
2025-08-10 06:30:00,779 - INFO - 处理 E01004636 - Wandsworth
2025-08-10 06:30:05,330 - INFO -   找到 0 张图片
2025-08-10 06:30:05,354 - INFO - 
--- 进度报告 ---
2025-08-10 06:30:05,354 - INFO - 已完成(GVI计算): 1542
2025-08-10 06:30:05,354 - INFO - 数据不足(<30): 36
2025-08-10 06:30:05,354 - INFO - 无数据: 28
2025-08-10 06:30:05,354 - INFO - 总计: 1606
2025-08-10 06:30:05,354 - INFO - 
[41/165] E01004637
2025-08-10 06:30:05,354 - INFO - 处理 E01004637 - Wandsworth
2025-08-10 06:30:06,355 - INFO -   找到 80 张图片
2025-08-10 06:30:14,166 - INFO -   ✅ GVI = 12.23%
2025-08-10 06:30:14,180 - INFO - 
[42/165] E01004638
2025-08-10 06:30:14,180 - INFO - 处理 E01004638 - Wandsworth
2025-08-10 06:30:26,343 - INFO -   找到 80 张图片
2025-08-10 06:30:38,451 - INFO -   ✅ GVI = 19.10%
2025-08-10 06:30:38,471 - INFO - 
[43/165] E01004640
2025-08-10 06:30:38,471 - INFO - 处理 E01004640 - Wandsworth
2025-08-10 06:30:42,882 - INFO -   找到 80 张图片
2025-08-10 06:30:52,051 - INFO -   ✅ GVI = 12.51%
2025-08-10 06:30:52,062 - INFO - 
[44/165] E01004641
2025-08-10 06:30:52,062 - INFO - 处理 E01004641 - Wandsworth
2025-08-10 06:31:01,106 - INFO -   找到 23 张图片
2025-08-10 06:31:01,120 - INFO - 
[45/165] E01004642
2025-08-10 06:31:01,120 - INFO - 处理 E01004642 - Wandsworth
2025-08-10 06:31:07,036 - INFO -   找到 80 张图片
2025-08-10 06:31:18,921 - INFO -   ✅ GVI = 21.65%
2025-08-10 06:31:18,936 - INFO - 
[46/165] E01004643
2025-08-10 06:31:18,936 - INFO - 处理 E01004643 - Wandsworth
2025-08-10 06:31:24,823 - INFO -   找到 22 张图片
2025-08-10 06:31:24,838 - INFO - 
[47/165] E01004645
2025-08-10 06:31:24,838 - INFO - 处理 E01004645 - Wandsworth
2025-08-10 06:31:26,755 - INFO -   找到 80 张图片
2025-08-10 06:31:38,742 - INFO -   ✅ GVI = 18.83%
2025-08-10 06:31:38,753 - INFO - 
[48/165] E01033093
2025-08-10 06:31:38,753 - INFO - 处理 E01033093 - Wandsworth
2025-08-10 06:31:42,651 - INFO -   找到 80 张图片
2025-08-10 06:31:51,440 - INFO -   ✅ GVI = 11.39%
2025-08-10 06:31:51,455 - INFO - 
[49/165] E01033098
2025-08-10 06:31:51,455 - INFO - 处理 E01033098 - Wandsworth
2025-08-10 06:32:01,151 - INFO -   找到 80 张图片
2025-08-10 06:32:15,220 - INFO -   ✅ GVI = 16.54%
2025-08-10 06:32:15,234 - INFO - 
[50/165] E01033101
2025-08-10 06:32:15,234 - INFO - 处理 E01033101 - Wandsworth
2025-08-10 06:32:17,351 - INFO -   找到 80 张图片
2025-08-10 06:32:28,847 - INFO -   ✅ GVI = 8.17%
2025-08-10 06:32:28,863 - INFO - 
--- 进度报告 ---
2025-08-10 06:32:28,863 - INFO - 已完成(GVI计算): 1550
2025-08-10 06:32:28,863 - INFO - 数据不足(<30): 38
2025-08-10 06:32:28,863 - INFO - 无数据: 28
2025-08-10 06:32:28,863 - INFO - 总计: 1616
2025-08-10 06:32:28,864 - INFO - 
批次 2：处理 51-100/165
2025-08-10 06:32:28,864 - INFO - 
[51/165] E01033132
2025-08-10 06:32:28,864 - INFO - 处理 E01033132 - Wandsworth
2025-08-10 06:32:36,047 - INFO -   找到 80 张图片
2025-08-10 06:32:45,975 - INFO -   ✅ GVI = 10.01%
2025-08-10 06:32:45,987 - INFO - 
[52/165] E01033133
2025-08-10 06:32:45,987 - INFO - 处理 E01033133 - Wandsworth
2025-08-10 06:32:54,871 - INFO -   找到 80 张图片
2025-08-10 06:33:04,747 - INFO -   ✅ GVI = 12.48%
2025-08-10 06:33:04,759 - INFO - 
[53/165] E01033135
2025-08-10 06:33:04,759 - INFO - 处理 E01033135 - Wandsworth
2025-08-10 06:33:07,006 - INFO -   找到 80 张图片
2025-08-10 06:33:16,656 - INFO -   ✅ GVI = 12.06%
2025-08-10 06:33:16,668 - INFO - 
[54/165] E01004646
2025-08-10 06:33:16,668 - INFO - 处理 E01004646 - Westminster
2025-08-10 06:33:22,101 - INFO -   找到 80 张图片
2025-08-10 06:33:34,804 - INFO -   ✅ GVI = 22.33%
2025-08-10 06:33:34,815 - INFO - 
[55/165] E01004647
2025-08-10 06:33:34,815 - INFO - 处理 E01004647 - Westminster
2025-08-10 06:33:42,937 - INFO -   找到 80 张图片
2025-08-10 06:33:54,115 - INFO -   ✅ GVI = 31.24%
2025-08-10 06:33:54,131 - INFO - 
[56/165] E01004648
2025-08-10 06:33:54,131 - INFO - 处理 E01004648 - Westminster
2025-08-10 06:34:02,090 - INFO -   找到 80 张图片
2025-08-10 06:34:11,415 - INFO -   ✅ GVI = 31.60%
2025-08-10 06:34:11,427 - INFO - 
[57/165] E01004649
2025-08-10 06:34:11,427 - INFO - 处理 E01004649 - Westminster
2025-08-10 06:34:15,426 - INFO -   找到 80 张图片
2025-08-10 06:34:25,393 - INFO -   ✅ GVI = 24.41%
2025-08-10 06:34:25,408 - INFO - 
[58/165] E01004651
2025-08-10 06:34:25,408 - INFO - 处理 E01004651 - Westminster
2025-08-10 06:34:28,659 - INFO -   找到 80 张图片
2025-08-10 06:34:38,592 - INFO -   ✅ GVI = 27.36%
2025-08-10 06:34:38,604 - INFO - 
[59/165] E01004652
2025-08-10 06:34:38,604 - INFO - 处理 E01004652 - Westminster
2025-08-10 06:34:44,801 - INFO -   找到 80 张图片
2025-08-10 06:34:57,063 - INFO -   ✅ GVI = 17.02%
2025-08-10 06:34:57,077 - INFO - 
[60/165] E01004657
2025-08-10 06:34:57,078 - INFO - 处理 E01004657 - Westminster
2025-08-10 06:35:08,652 - INFO -   找到 80 张图片
2025-08-10 06:35:23,360 - INFO -   ✅ GVI = 4.41%
2025-08-10 06:35:23,374 - INFO - 
--- 进度报告 ---
2025-08-10 06:35:23,374 - INFO - 已完成(GVI计算): 1560
2025-08-10 06:35:23,374 - INFO - 数据不足(<30): 38
2025-08-10 06:35:23,374 - INFO - 无数据: 28
2025-08-10 06:35:23,375 - INFO - 总计: 1626
2025-08-10 06:35:23,375 - INFO - 
[61/165] E01004658
2025-08-10 06:35:23,375 - INFO - 处理 E01004658 - Westminster
2025-08-10 06:35:33,297 - INFO -   找到 80 张图片
2025-08-10 06:35:47,556 - INFO -   ✅ GVI = 8.35%
2025-08-10 06:35:47,570 - INFO - 
[62/165] E01004659
2025-08-10 06:35:47,570 - INFO - 处理 E01004659 - Westminster
2025-08-10 06:35:58,036 - INFO -   找到 80 张图片
2025-08-10 06:36:12,768 - INFO -   ✅ GVI = 7.56%
2025-08-10 06:36:12,784 - INFO - 
[63/165] E01004660
2025-08-10 06:36:12,784 - INFO - 处理 E01004660 - Westminster
2025-08-10 06:36:25,336 - INFO -   找到 80 张图片
2025-08-10 06:36:39,903 - INFO -   ✅ GVI = 15.07%
2025-08-10 06:36:39,915 - INFO - 
[64/165] E01004661
2025-08-10 06:36:39,916 - INFO - 处理 E01004661 - Westminster
2025-08-10 06:36:51,238 - INFO -   找到 80 张图片
2025-08-10 06:37:05,712 - INFO -   ✅ GVI = 6.75%
2025-08-10 06:37:05,724 - INFO - 
[65/165] E01004662
2025-08-10 06:37:05,724 - INFO - 处理 E01004662 - Westminster
2025-08-10 06:37:10,420 - INFO -   找到 80 张图片
2025-08-10 06:37:24,863 - INFO -   ✅ GVI = 12.99%
2025-08-10 06:37:24,876 - INFO - 
[66/165] E01004665
2025-08-10 06:37:24,876 - INFO - 处理 E01004665 - Westminster
2025-08-10 06:37:27,483 - INFO -   找到 80 张图片
2025-08-10 06:37:41,147 - INFO -   ✅ GVI = 22.38%
2025-08-10 06:37:41,160 - INFO - 
[67/165] E01004666
2025-08-10 06:37:41,160 - INFO - 处理 E01004666 - Westminster
2025-08-10 06:37:53,701 - INFO -   找到 80 张图片
2025-08-10 06:38:06,537 - INFO -   ✅ GVI = 2.52%
2025-08-10 06:38:06,549 - INFO - 
[68/165] E01004667
2025-08-10 06:38:06,550 - INFO - 处理 E01004667 - Westminster
2025-08-10 06:38:13,433 - INFO -   找到 80 张图片
2025-08-10 06:38:24,342 - INFO -   ✅ GVI = 5.24%
2025-08-10 06:38:24,353 - INFO - 
[69/165] E01004668
2025-08-10 06:38:24,354 - INFO - 处理 E01004668 - Westminster
2025-08-10 06:38:30,769 - INFO -   找到 80 张图片
2025-08-10 06:38:42,826 - INFO -   ✅ GVI = 13.77%
2025-08-10 06:38:42,838 - INFO - 
[70/165] E01004669
2025-08-10 06:38:42,838 - INFO - 处理 E01004669 - Westminster
2025-08-10 06:38:49,173 - INFO -   找到 80 张图片
2025-08-10 06:38:59,542 - INFO -   ✅ GVI = 15.78%
2025-08-10 06:38:59,556 - INFO - 
--- 进度报告 ---
2025-08-10 06:38:59,556 - INFO - 已完成(GVI计算): 1570
2025-08-10 06:38:59,556 - INFO - 数据不足(<30): 38
2025-08-10 06:38:59,557 - INFO - 无数据: 28
2025-08-10 06:38:59,557 - INFO - 总计: 1636
2025-08-10 06:38:59,557 - INFO - 
[71/165] E01004670
2025-08-10 06:38:59,557 - INFO - 处理 E01004670 - Westminster
2025-08-10 06:39:06,650 - INFO -   找到 80 张图片
2025-08-10 06:39:21,977 - INFO -   ✅ GVI = 18.70%
2025-08-10 06:39:21,989 - INFO - 
[72/165] E01004674
2025-08-10 06:39:21,989 - INFO - 处理 E01004674 - Westminster
2025-08-10 06:39:26,471 - INFO -   找到 80 张图片
2025-08-10 06:39:39,744 - INFO -   ✅ GVI = 6.60%
2025-08-10 06:39:39,758 - INFO - 
[73/165] E01004675
2025-08-10 06:39:39,758 - INFO - 处理 E01004675 - Westminster
2025-08-10 06:39:41,922 - INFO -   找到 80 张图片
2025-08-10 06:39:51,195 - INFO -   ✅ GVI = 9.68%
2025-08-10 06:39:51,207 - INFO - 
[74/165] E01004676
2025-08-10 06:39:51,207 - INFO - 处理 E01004676 - Westminster
2025-08-10 06:39:54,376 - INFO -   找到 80 张图片
2025-08-10 06:40:08,541 - INFO -   ✅ GVI = 13.23%
2025-08-10 06:40:08,559 - INFO - 
[75/165] E01004677
2025-08-10 06:40:08,560 - INFO - 处理 E01004677 - Westminster
2025-08-10 06:40:13,672 - INFO -   找到 0 张图片
2025-08-10 06:40:13,684 - INFO - 
[76/165] E01004678
2025-08-10 06:40:13,684 - INFO - 处理 E01004678 - Westminster
2025-08-10 06:40:21,027 - INFO -   找到 48 张图片
2025-08-10 06:40:27,058 - INFO -   ✅ GVI = 8.11%
2025-08-10 06:40:27,073 - INFO - 
[77/165] E01004679
2025-08-10 06:40:27,073 - INFO - 处理 E01004679 - Westminster
2025-08-10 06:40:32,701 - INFO -   找到 80 张图片
2025-08-10 06:40:41,765 - INFO -   ✅ GVI = 6.78%
2025-08-10 06:40:41,779 - INFO - 
[78/165] E01004683
2025-08-10 06:40:41,779 - INFO - 处理 E01004683 - Westminster
2025-08-10 06:40:51,927 - INFO -   找到 80 张图片
2025-08-10 06:41:06,186 - INFO -   ✅ GVI = 28.99%
2025-08-10 06:41:06,199 - INFO - 
[79/165] E01004686
2025-08-10 06:41:06,199 - INFO - 处理 E01004686 - Westminster
2025-08-10 06:41:14,664 - INFO -   找到 80 张图片
2025-08-10 06:41:29,083 - INFO -   ✅ GVI = 12.70%
2025-08-10 06:41:29,096 - INFO - 
[80/165] E01004687
2025-08-10 06:41:29,096 - INFO - 处理 E01004687 - Westminster
2025-08-10 06:41:38,052 - INFO -   找到 80 张图片
2025-08-10 06:41:49,114 - INFO -   ✅ GVI = 9.49%
2025-08-10 06:41:49,129 - INFO - 
--- 进度报告 ---
2025-08-10 06:41:49,129 - INFO - 已完成(GVI计算): 1579
2025-08-10 06:41:49,129 - INFO - 数据不足(<30): 38
2025-08-10 06:41:49,130 - INFO - 无数据: 29
2025-08-10 06:41:49,130 - INFO - 总计: 1646
2025-08-10 06:41:49,130 - INFO - 
[81/165] E01004688
2025-08-10 06:41:49,130 - INFO - 处理 E01004688 - Westminster
2025-08-10 06:42:06,772 - INFO -   找到 80 张图片
2025-08-10 06:42:21,447 - INFO -   ✅ GVI = 30.45%
2025-08-10 06:42:21,460 - INFO - 
[82/165] E01004689
2025-08-10 06:42:21,460 - INFO - 处理 E01004689 - Westminster
2025-08-10 06:42:37,899 - INFO -   找到 80 张图片
2025-08-10 06:42:52,925 - INFO -   ✅ GVI = 30.36%
2025-08-10 06:42:52,938 - INFO - 
[83/165] E01004690
2025-08-10 06:42:52,938 - INFO - 处理 E01004690 - Westminster
2025-08-10 06:43:01,333 - INFO -   找到 80 张图片
2025-08-10 06:43:15,636 - INFO -   ✅ GVI = 13.57%
2025-08-10 06:43:15,648 - INFO - 
[84/165] E01004691
2025-08-10 06:43:15,648 - INFO - 处理 E01004691 - Westminster
2025-08-10 06:43:24,051 - INFO -   找到 80 张图片
2025-08-10 06:43:38,526 - INFO -   ✅ GVI = 31.39%
2025-08-10 06:43:38,538 - INFO - 
[85/165] E01004692
2025-08-10 06:43:38,539 - INFO - 处理 E01004692 - Westminster
2025-08-10 06:43:48,741 - INFO -   找到 80 张图片
2025-08-10 06:44:03,414 - INFO -   ✅ GVI = 21.97%
2025-08-10 06:44:03,428 - INFO - 
[86/165] E01004693
2025-08-10 06:44:03,429 - INFO - 处理 E01004693 - Westminster
2025-08-10 06:44:13,789 - INFO -   找到 80 张图片
2025-08-10 06:44:28,579 - INFO -   ✅ GVI = 29.02%
2025-08-10 06:44:28,591 - INFO - 
[87/165] E01004694
2025-08-10 06:44:28,591 - INFO - 处理 E01004694 - Westminster
2025-08-10 06:44:38,922 - INFO -   找到 80 张图片
2025-08-10 06:44:53,143 - INFO -   ✅ GVI = 34.71%
2025-08-10 06:44:53,156 - INFO - 
[88/165] E01004695
2025-08-10 06:44:53,156 - INFO - 处理 E01004695 - Westminster
2025-08-10 06:45:00,907 - INFO -   找到 80 张图片
2025-08-10 06:45:15,365 - INFO -   ✅ GVI = 28.84%
2025-08-10 06:45:15,380 - INFO - 
[89/165] E01004696
2025-08-10 06:45:15,380 - INFO - 处理 E01004696 - Westminster
2025-08-10 06:45:23,971 - INFO -   找到 80 张图片
2025-08-10 06:45:35,839 - INFO -   ✅ GVI = 20.00%
2025-08-10 06:45:35,855 - INFO - 
[90/165] E01004697
2025-08-10 06:45:35,855 - INFO - 处理 E01004697 - Westminster
2025-08-10 06:45:43,247 - INFO -   找到 80 张图片
2025-08-10 06:45:54,746 - INFO -   ✅ GVI = 19.33%
2025-08-10 06:45:54,760 - INFO - 
--- 进度报告 ---
2025-08-10 06:45:54,760 - INFO - 已完成(GVI计算): 1589
2025-08-10 06:45:54,760 - INFO - 数据不足(<30): 38
2025-08-10 06:45:54,761 - INFO - 无数据: 29
2025-08-10 06:45:54,761 - INFO - 总计: 1656
2025-08-10 06:45:54,761 - INFO - 
[91/165] E01004698
2025-08-10 06:45:54,761 - INFO - 处理 E01004698 - Westminster
2025-08-10 06:46:03,078 - INFO -   找到 80 张图片
2025-08-10 06:46:16,762 - INFO -   ✅ GVI = 20.34%
2025-08-10 06:46:16,777 - INFO - 
[92/165] E01004699
2025-08-10 06:46:16,777 - INFO - 处理 E01004699 - Westminster
2025-08-10 06:46:21,120 - INFO -   找到 80 张图片
2025-08-10 06:46:31,429 - INFO -   ✅ GVI = 6.04%
2025-08-10 06:46:31,440 - INFO - 
[93/165] E01004700
2025-08-10 06:46:31,440 - INFO - 处理 E01004700 - Westminster
2025-08-10 06:46:33,889 - INFO -   找到 80 张图片
2025-08-10 06:46:45,607 - INFO -   ✅ GVI = 7.99%
2025-08-10 06:46:45,619 - INFO - 
[94/165] E01004702
2025-08-10 06:46:45,619 - INFO - 处理 E01004702 - Westminster
2025-08-10 06:46:58,868 - INFO -   找到 80 张图片
2025-08-10 06:47:11,951 - INFO -   ✅ GVI = 21.88%
2025-08-10 06:47:11,962 - INFO - 
[95/165] E01004703
2025-08-10 06:47:11,963 - INFO - 处理 E01004703 - Westminster
2025-08-10 06:47:19,240 - INFO -   找到 80 张图片
2025-08-10 06:47:31,156 - INFO -   ✅ GVI = 26.53%
2025-08-10 06:47:31,168 - INFO - 
[96/165] E01004705
2025-08-10 06:47:31,168 - INFO - 处理 E01004705 - Westminster
2025-08-10 06:47:40,745 - INFO -   找到 80 张图片
2025-08-10 06:47:51,558 - INFO -   ✅ GVI = 24.05%
2025-08-10 06:47:51,571 - INFO - 
[97/165] E01004706
2025-08-10 06:47:51,571 - INFO - 处理 E01004706 - Westminster
2025-08-10 06:47:54,052 - INFO -   找到 80 张图片
2025-08-10 06:48:03,463 - INFO -   ✅ GVI = 32.24%
2025-08-10 06:48:03,475 - INFO - 
[98/165] E01004707
2025-08-10 06:48:03,475 - INFO - 处理 E01004707 - Westminster
2025-08-10 06:48:05,530 - INFO -   找到 80 张图片
2025-08-10 06:48:14,025 - INFO -   ✅ GVI = 20.10%
2025-08-10 06:48:14,037 - INFO - 
[99/165] E01004708
2025-08-10 06:48:14,037 - INFO - 处理 E01004708 - Westminster
2025-08-10 06:48:22,204 - INFO -   找到 23 张图片
2025-08-10 06:48:22,222 - INFO - 
[100/165] E01004709
2025-08-10 06:48:22,223 - INFO - 处理 E01004709 - Westminster
2025-08-10 06:48:24,301 - INFO -   找到 80 张图片
2025-08-10 06:48:32,856 - INFO -   ✅ GVI = 32.05%
2025-08-10 06:48:32,870 - INFO - 
--- 进度报告 ---
2025-08-10 06:48:32,870 - INFO - 已完成(GVI计算): 1598
2025-08-10 06:48:32,870 - INFO - 数据不足(<30): 39
2025-08-10 06:48:32,870 - INFO - 无数据: 29
2025-08-10 06:48:32,871 - INFO - 总计: 1666
2025-08-10 06:48:32,871 - INFO - 
批次 3：处理 101-150/165
2025-08-10 06:48:32,871 - INFO - 
[101/165] E01004710
2025-08-10 06:48:32,871 - INFO - 处理 E01004710 - Westminster
2025-08-10 06:48:34,531 - INFO -   找到 80 张图片
2025-08-10 06:48:42,956 - INFO -   ✅ GVI = 29.82%
2025-08-10 06:48:42,975 - INFO - 
[102/165] E01004713
2025-08-10 06:48:42,975 - INFO - 处理 E01004713 - Westminster
2025-08-10 06:48:54,195 - INFO -   找到 80 张图片
2025-08-10 06:49:08,175 - INFO -   ✅ GVI = 10.29%
2025-08-10 06:49:08,190 - INFO - 
[103/165] E01004715
2025-08-10 06:49:08,190 - INFO - 处理 E01004715 - Westminster
2025-08-10 06:49:16,724 - INFO -   找到 80 张图片
2025-08-10 06:49:30,856 - INFO -   ✅ GVI = 12.59%
2025-08-10 06:49:30,868 - INFO - 
[104/165] E01004716
2025-08-10 06:49:30,868 - INFO - 处理 E01004716 - Westminster
2025-08-10 06:49:43,051 - INFO -   找到 80 张图片
2025-08-10 06:49:57,484 - INFO -   ✅ GVI = 23.59%
2025-08-10 06:49:57,496 - INFO - 
[105/165] E01004717
2025-08-10 06:49:57,496 - INFO - 处理 E01004717 - Westminster
2025-08-10 06:50:08,101 - INFO -   找到 80 张图片
2025-08-10 06:50:21,906 - INFO -   ✅ GVI = 19.26%
2025-08-10 06:50:21,918 - INFO - 
[106/165] E01004718
2025-08-10 06:50:21,918 - INFO - 处理 E01004718 - Westminster
2025-08-10 06:50:23,065 - INFO -   找到 80 张图片
2025-08-10 06:50:32,346 - INFO -   ✅ GVI = 2.59%
2025-08-10 06:50:32,357 - INFO - 
[107/165] E01004719
2025-08-10 06:50:32,357 - INFO - 处理 E01004719 - Westminster
2025-08-10 06:50:37,584 - INFO -   找到 8 张图片
2025-08-10 06:50:37,597 - INFO - 
[108/165] E01004720
2025-08-10 06:50:37,597 - INFO - 处理 E01004720 - Westminster
2025-08-10 06:50:42,421 - INFO -   找到 80 张图片
2025-08-10 06:50:56,507 - INFO -   ✅ GVI = 6.39%
2025-08-10 06:50:56,518 - INFO - 
[109/165] E01004721
2025-08-10 06:50:56,519 - INFO - 处理 E01004721 - Westminster
2025-08-10 06:50:58,735 - INFO -   找到 80 张图片
2025-08-10 06:51:08,724 - INFO -   ✅ GVI = 7.43%
2025-08-10 06:51:08,736 - INFO - 
[110/165] E01004722
2025-08-10 06:51:08,736 - INFO - 处理 E01004722 - Westminster
2025-08-10 06:51:13,450 - INFO -   找到 0 张图片
2025-08-10 06:51:13,468 - INFO - 
--- 进度报告 ---
2025-08-10 06:51:13,468 - INFO - 已完成(GVI计算): 1606
2025-08-10 06:51:13,469 - INFO - 数据不足(<30): 40
2025-08-10 06:51:13,469 - INFO - 无数据: 30
2025-08-10 06:51:13,469 - INFO - 总计: 1676
2025-08-10 06:51:13,469 - INFO - 
[111/165] E01004723
2025-08-10 06:51:13,469 - INFO - 处理 E01004723 - Westminster
2025-08-10 06:51:21,078 - INFO -   找到 64 张图片
2025-08-10 06:51:33,633 - INFO -   ✅ GVI = 14.54%
2025-08-10 06:51:33,645 - INFO - 
[112/165] E01004724
2025-08-10 06:51:33,646 - INFO - 处理 E01004724 - Westminster
2025-08-10 06:51:35,200 - INFO -   找到 80 张图片
2025-08-10 06:51:47,039 - INFO -   ✅ GVI = 19.13%
2025-08-10 06:51:47,051 - INFO - 
[113/165] E01004725
2025-08-10 06:51:47,051 - INFO - 处理 E01004725 - Westminster
2025-08-10 06:51:55,408 - INFO -   找到 80 张图片
2025-08-10 06:52:08,284 - INFO -   ✅ GVI = 27.92%
2025-08-10 06:52:08,296 - INFO - 
[114/165] E01004727
2025-08-10 06:52:08,297 - INFO - 处理 E01004727 - Westminster
2025-08-10 06:52:19,860 - INFO -   找到 80 张图片
2025-08-10 06:52:34,600 - INFO -   ✅ GVI = 35.58%
2025-08-10 06:52:34,614 - INFO - 
[115/165] E01004728
2025-08-10 06:52:34,614 - INFO - 处理 E01004728 - Westminster
2025-08-10 06:52:41,154 - INFO -   找到 80 张图片
2025-08-10 06:52:54,947 - INFO -   ✅ GVI = 23.63%
2025-08-10 06:52:54,966 - INFO - 
[116/165] E01004729
2025-08-10 06:52:54,967 - INFO - 处理 E01004729 - Westminster
2025-08-10 06:52:56,212 - INFO -   找到 80 张图片
2025-08-10 06:53:05,707 - INFO -   ✅ GVI = 25.59%
2025-08-10 06:53:05,718 - INFO - 
[117/165] E01004730
2025-08-10 06:53:05,718 - INFO - 处理 E01004730 - Westminster
2025-08-10 06:53:12,667 - INFO -   找到 80 张图片
2025-08-10 06:53:27,198 - INFO -   ✅ GVI = 36.61%
2025-08-10 06:53:27,210 - INFO - 
[118/165] E01004732
2025-08-10 06:53:27,210 - INFO - 处理 E01004732 - Westminster
2025-08-10 06:53:33,901 - INFO -   找到 80 张图片
2025-08-10 06:53:47,212 - INFO -   ✅ GVI = 3.47%
2025-08-10 06:53:47,225 - INFO - 
[119/165] E01004733
2025-08-10 06:53:47,225 - INFO - 处理 E01004733 - Westminster
2025-08-10 06:54:02,954 - INFO -   找到 80 张图片
2025-08-10 06:54:15,802 - INFO -   ✅ GVI = 10.20%
2025-08-10 06:54:15,814 - INFO - 
[120/165] E01004734
2025-08-10 06:54:15,814 - INFO - 处理 E01004734 - Westminster
2025-08-10 06:54:31,121 - INFO -   找到 80 张图片
2025-08-10 06:54:45,188 - INFO -   ✅ GVI = 7.81%
2025-08-10 06:54:45,203 - INFO - 
--- 进度报告 ---
2025-08-10 06:54:45,203 - INFO - 已完成(GVI计算): 1616
2025-08-10 06:54:45,203 - INFO - 数据不足(<30): 40
2025-08-10 06:54:45,203 - INFO - 无数据: 30
2025-08-10 06:54:45,203 - INFO - 总计: 1686
2025-08-10 06:54:45,204 - INFO - 
[121/165] E01004735
2025-08-10 06:54:45,204 - INFO - 处理 E01004735 - Westminster
2025-08-10 06:54:55,280 - INFO -   找到 80 张图片
2025-08-10 06:55:08,685 - INFO -   ✅ GVI = 12.65%
2025-08-10 06:55:08,697 - INFO - 
[122/165] E01004736
2025-08-10 06:55:08,697 - INFO - 处理 E01004736 - Westminster
2025-08-10 06:55:18,808 - INFO -   找到 80 张图片
2025-08-10 06:55:32,194 - INFO -   ✅ GVI = 16.10%
2025-08-10 06:55:32,206 - INFO - 
[123/165] E01004737
2025-08-10 06:55:32,206 - INFO - 处理 E01004737 - Westminster
2025-08-10 06:55:35,809 - INFO -   找到 80 张图片
2025-08-10 06:55:49,545 - INFO -   ✅ GVI = 13.12%
2025-08-10 06:55:49,557 - INFO - 
[124/165] E01004738
2025-08-10 06:55:49,558 - INFO - 处理 E01004738 - Westminster
2025-08-10 06:55:56,940 - INFO -   找到 80 张图片
2025-08-10 06:56:08,831 - INFO -   ✅ GVI = 15.66%
2025-08-10 06:56:08,843 - INFO - 
[125/165] E01004739
2025-08-10 06:56:08,843 - INFO - 处理 E01004739 - Westminster
2025-08-10 06:56:10,380 - INFO -   找到 80 张图片
2025-08-10 06:56:22,022 - INFO -   ✅ GVI = 16.92%
2025-08-10 06:56:22,034 - INFO - 
[126/165] E01004740
2025-08-10 06:56:22,034 - INFO - 处理 E01004740 - Westminster
2025-08-10 06:56:24,460 - INFO -   找到 80 张图片
2025-08-10 06:56:38,128 - INFO -   ✅ GVI = 13.33%
2025-08-10 06:56:38,140 - INFO - 
[127/165] E01004741
2025-08-10 06:56:38,140 - INFO - 处理 E01004741 - Westminster
2025-08-10 06:56:41,903 - INFO -   找到 80 张图片
2025-08-10 06:56:52,466 - INFO -   ✅ GVI = 10.87%
2025-08-10 06:56:52,478 - INFO - 
[128/165] E01004742
2025-08-10 06:56:52,478 - INFO - 处理 E01004742 - Westminster
2025-08-10 06:56:53,749 - INFO -   找到 80 张图片
2025-08-10 06:57:04,288 - INFO -   ✅ GVI = 10.38%
2025-08-10 06:57:04,301 - INFO - 
[129/165] E01004743
2025-08-10 06:57:04,301 - INFO - 处理 E01004743 - Westminster
2025-08-10 06:57:07,547 - INFO -   找到 80 张图片
2025-08-10 06:57:21,310 - INFO -   ✅ GVI = 3.39%
2025-08-10 06:57:21,322 - INFO - 
[130/165] E01004744
2025-08-10 06:57:21,322 - INFO - 处理 E01004744 - Westminster
2025-08-10 06:57:29,946 - INFO -   找到 80 张图片
2025-08-10 06:57:42,745 - INFO -   ✅ GVI = 5.70%
2025-08-10 06:57:42,768 - INFO - 
--- 进度报告 ---
2025-08-10 06:57:42,768 - INFO - 已完成(GVI计算): 1626
2025-08-10 06:57:42,768 - INFO - 数据不足(<30): 40
2025-08-10 06:57:42,768 - INFO - 无数据: 30
2025-08-10 06:57:42,768 - INFO - 总计: 1696
2025-08-10 06:57:42,769 - INFO - 
[131/165] E01004745
2025-08-10 06:57:42,769 - INFO - 处理 E01004745 - Westminster
2025-08-10 06:57:53,920 - INFO -   找到 80 张图片
2025-08-10 06:58:06,995 - INFO -   ✅ GVI = 17.21%
2025-08-10 06:58:07,010 - INFO - 
[132/165] E01004746
2025-08-10 06:58:07,010 - INFO - 处理 E01004746 - Westminster
2025-08-10 06:58:08,510 - INFO -   找到 80 张图片
2025-08-10 06:58:19,066 - INFO -   ✅ GVI = 6.28%
2025-08-10 06:58:19,080 - INFO - 
[133/165] E01004747
2025-08-10 06:58:19,080 - INFO - 处理 E01004747 - Westminster
2025-08-10 06:58:22,136 - INFO -   找到 80 张图片
2025-08-10 06:58:31,097 - INFO -   ✅ GVI = 9.92%
2025-08-10 06:58:31,112 - INFO - 
[134/165] E01004748
2025-08-10 06:58:31,112 - INFO - 处理 E01004748 - Westminster
2025-08-10 06:58:36,775 - INFO -   找到 80 张图片
2025-08-10 06:58:46,797 - INFO -   ✅ GVI = 4.33%
2025-08-10 06:58:46,810 - INFO - 
[135/165] E01004749
2025-08-10 06:58:46,810 - INFO - 处理 E01004749 - Westminster
2025-08-10 06:58:51,965 - INFO -   找到 80 张图片
2025-08-10 06:59:04,817 - INFO -   ✅ GVI = 4.63%
2025-08-10 06:59:04,835 - INFO - 
[136/165] E01004750
2025-08-10 06:59:04,835 - INFO - 处理 E01004750 - Westminster
2025-08-10 06:59:12,383 - INFO -   找到 80 张图片
2025-08-10 06:59:25,018 - INFO -   ✅ GVI = 3.60%
2025-08-10 06:59:25,032 - INFO - 
[137/165] E01004751
2025-08-10 06:59:25,032 - INFO - 处理 E01004751 - Westminster
2025-08-10 06:59:26,835 - INFO -   找到 80 张图片
2025-08-10 06:59:38,658 - INFO -   ✅ GVI = 9.84%
2025-08-10 06:59:38,671 - INFO - 
[138/165] E01004752
2025-08-10 06:59:38,671 - INFO - 处理 E01004752 - Westminster
2025-08-10 06:59:39,856 - INFO -   找到 80 张图片
2025-08-10 06:59:49,878 - INFO -   ✅ GVI = 8.03%
2025-08-10 06:59:49,894 - INFO - 
[139/165] E01004753
2025-08-10 06:59:49,894 - INFO - 处理 E01004753 - Westminster
2025-08-10 06:59:50,418 - INFO -   找到 80 张图片
2025-08-10 06:59:58,945 - INFO -   ✅ GVI = 8.70%
2025-08-10 06:59:58,959 - INFO - 
[140/165] E01004754
2025-08-10 06:59:58,959 - INFO - 处理 E01004754 - Westminster
2025-08-10 07:00:00,488 - INFO -   找到 80 张图片
2025-08-10 07:00:11,175 - INFO -   ✅ GVI = 14.98%
2025-08-10 07:00:11,190 - INFO - 
--- 进度报告 ---
2025-08-10 07:00:11,190 - INFO - 已完成(GVI计算): 1636
2025-08-10 07:00:11,190 - INFO - 数据不足(<30): 40
2025-08-10 07:00:11,190 - INFO - 无数据: 30
2025-08-10 07:00:11,191 - INFO - 总计: 1706
2025-08-10 07:00:11,191 - INFO - 
[141/165] E01004755
2025-08-10 07:00:11,191 - INFO - 处理 E01004755 - Westminster
2025-08-10 07:00:22,292 - INFO -   找到 80 张图片
2025-08-10 07:00:35,602 - INFO -   ✅ GVI = 7.36%
2025-08-10 07:00:35,614 - INFO - 
[142/165] E01004756
2025-08-10 07:00:35,614 - INFO - 处理 E01004756 - Westminster
2025-08-10 07:00:37,382 - INFO -   找到 80 张图片
2025-08-10 07:00:45,657 - INFO -   ✅ GVI = 14.92%
2025-08-10 07:00:45,669 - INFO - 
[143/165] E01004757
2025-08-10 07:00:45,669 - INFO - 处理 E01004757 - Westminster
2025-08-10 07:00:55,337 - INFO -   找到 80 张图片
2025-08-10 07:01:07,718 - INFO -   ✅ GVI = 15.28%
2025-08-10 07:01:07,732 - INFO - 
[144/165] E01004760
2025-08-10 07:01:07,732 - INFO - 处理 E01004760 - Westminster
2025-08-10 07:01:10,614 - INFO -   找到 80 张图片
2025-08-10 07:01:22,095 - INFO -   ✅ GVI = 9.63%
2025-08-10 07:01:22,107 - INFO - 
[145/165] E01004761
2025-08-10 07:01:22,107 - INFO - 处理 E01004761 - Westminster
2025-08-10 07:01:30,940 - INFO -   找到 80 张图片
2025-08-10 07:01:44,809 - INFO -   ✅ GVI = 22.70%
2025-08-10 07:01:44,823 - INFO - 
[146/165] E01004762
2025-08-10 07:01:44,823 - INFO - 处理 E01004762 - Westminster
2025-08-10 07:01:53,361 - INFO -   找到 80 张图片
2025-08-10 07:02:09,025 - INFO -   ✅ GVI = 26.80%
2025-08-10 07:02:09,038 - INFO - 
[147/165] E01004765
2025-08-10 07:02:09,038 - INFO - 处理 E01004765 - Westminster
2025-08-10 07:02:22,460 - INFO -   找到 80 张图片
2025-08-10 07:02:36,280 - INFO -   ✅ GVI = 4.98%
2025-08-10 07:02:36,292 - INFO - 
[148/165] E01032512
2025-08-10 07:02:36,293 - INFO - 处理 E01032512 - Westminster
2025-08-10 07:02:42,951 - INFO -   找到 80 张图片
2025-08-10 07:02:54,613 - INFO -   ✅ GVI = 6.25%
2025-08-10 07:02:54,626 - INFO - 
[149/165] E01032513
2025-08-10 07:02:54,626 - INFO - 处理 E01032513 - Westminster
2025-08-10 07:02:59,068 - INFO -   找到 80 张图片
2025-08-10 07:03:10,669 - INFO -   ✅ GVI = 4.99%
2025-08-10 07:03:10,680 - INFO - 
[150/165] E01033593
2025-08-10 07:03:10,681 - INFO - 处理 E01033593 - Westminster
2025-08-10 07:03:20,979 - INFO -   找到 80 张图片
2025-08-10 07:03:33,659 - INFO -   ✅ GVI = 6.88%
2025-08-10 07:03:33,673 - INFO - 
--- 进度报告 ---
2025-08-10 07:03:33,674 - INFO - 已完成(GVI计算): 1646
2025-08-10 07:03:33,674 - INFO - 数据不足(<30): 40
2025-08-10 07:03:33,674 - INFO - 无数据: 30
2025-08-10 07:03:33,674 - INFO - 总计: 1716
2025-08-10 07:03:33,674 - INFO - 
批次 4：处理 151-165/165
2025-08-10 07:03:33,674 - INFO - 
[151/165] E01033594
2025-08-10 07:03:33,674 - INFO - 处理 E01033594 - Westminster
2025-08-10 07:03:40,937 - INFO -   找到 80 张图片
2025-08-10 07:03:53,089 - INFO -   ✅ GVI = 3.86%
2025-08-10 07:03:53,102 - INFO - 
[152/165] E01033595
2025-08-10 07:03:53,102 - INFO - 处理 E01033595 - Westminster
2025-08-10 07:04:03,161 - INFO -   找到 80 张图片
2025-08-10 07:04:16,197 - INFO -   ✅ GVI = 1.84%
2025-08-10 07:04:16,209 - INFO - 
[153/165] E01033596
2025-08-10 07:04:16,210 - INFO - 处理 E01033596 - Westminster
2025-08-10 07:04:24,842 - INFO -   找到 80 张图片
2025-08-10 07:04:38,842 - INFO -   ✅ GVI = 0.88%
2025-08-10 07:04:38,854 - INFO - 
[154/165] E01033597
2025-08-10 07:04:38,854 - INFO - 处理 E01033597 - Westminster
2025-08-10 07:04:41,663 - INFO -   找到 80 张图片
2025-08-10 07:04:49,982 - INFO -   ✅ GVI = 15.59%
2025-08-10 07:04:49,994 - INFO - 
[155/165] E01033598
2025-08-10 07:04:49,994 - INFO - 处理 E01033598 - Westminster
2025-08-10 07:04:55,919 - INFO -   找到 80 张图片
2025-08-10 07:05:05,877 - INFO -   ✅ GVI = 17.22%
2025-08-10 07:05:05,889 - INFO - 
[156/165] E01033599
2025-08-10 07:05:05,889 - INFO - 处理 E01033599 - Westminster
2025-08-10 07:05:06,794 - INFO -   找到 80 张图片
2025-08-10 07:05:18,976 - INFO -   ✅ GVI = 7.72%
2025-08-10 07:05:18,988 - INFO - 
[157/165] E01033600
2025-08-10 07:05:18,988 - INFO - 处理 E01033600 - Westminster
2025-08-10 07:05:20,891 - INFO -   找到 80 张图片
2025-08-10 07:05:32,944 - INFO -   ✅ GVI = 18.60%
2025-08-10 07:05:32,958 - INFO - 
[158/165] E01033601
2025-08-10 07:05:32,958 - INFO - 处理 E01033601 - Westminster
2025-08-10 07:05:34,669 - INFO -   找到 80 张图片
2025-08-10 07:05:48,093 - INFO -   ✅ GVI = 20.30%
2025-08-10 07:05:48,105 - INFO - 
[159/165] E01033602
2025-08-10 07:05:48,105 - INFO - 处理 E01033602 - Westminster
2025-08-10 07:05:50,901 - INFO -   找到 80 张图片
2025-08-10 07:05:59,172 - INFO -   ✅ GVI = 20.27%
2025-08-10 07:05:59,185 - INFO - 
[160/165] E01033603
2025-08-10 07:05:59,185 - INFO - 处理 E01033603 - Westminster
2025-08-10 07:06:07,620 - INFO -   找到 80 张图片
2025-08-10 07:06:21,418 - INFO -   ✅ GVI = 9.99%
2025-08-10 07:06:21,433 - INFO - 
--- 进度报告 ---
2025-08-10 07:06:21,433 - INFO - 已完成(GVI计算): 1656
2025-08-10 07:06:21,433 - INFO - 数据不足(<30): 40
2025-08-10 07:06:21,433 - INFO - 无数据: 30
2025-08-10 07:06:21,433 - INFO - 总计: 1726
2025-08-10 07:06:21,433 - INFO - 
[161/165] E01033604
2025-08-10 07:06:21,433 - INFO - 处理 E01033604 - Westminster
2025-08-10 07:06:27,860 - INFO -   找到 80 张图片
2025-08-10 07:06:38,326 - INFO -   ✅ GVI = 10.91%
2025-08-10 07:06:38,338 - INFO - 
[162/165] E01033605
2025-08-10 07:06:38,338 - INFO - 处理 E01033605 - Westminster
2025-08-10 07:06:40,210 - INFO -   找到 80 张图片
2025-08-10 07:06:48,810 - INFO -   ✅ GVI = 15.42%
2025-08-10 07:06:48,823 - INFO - 
[163/165] E01033606
2025-08-10 07:06:48,823 - INFO - 处理 E01033606 - Westminster
2025-08-10 07:06:54,775 - INFO -   找到 9 张图片
2025-08-10 07:06:54,788 - INFO - 
[164/165] E01033607
2025-08-10 07:06:54,788 - INFO - 处理 E01033607 - Westminster
2025-08-10 07:07:01,403 - INFO -   找到 80 张图片
2025-08-10 07:07:13,531 - INFO -   ✅ GVI = 6.39%
2025-08-10 07:07:13,549 - INFO - 
[165/165] E01033608
2025-08-10 07:07:13,550 - INFO - 处理 E01033608 - Westminster
2025-08-10 07:07:15,843 - INFO -   找到 80 张图片
2025-08-10 07:07:23,216 - INFO -   ✅ GVI = 15.81%
2025-08-10 07:07:23,230 - INFO - 
======================================================================
2025-08-10 07:07:23,230 - INFO - 处理完成！
2025-08-10 07:07:23,232 - INFO - 
最终统计：
2025-08-10 07:07:23,232 - INFO -   总LSOA数: 1731
2025-08-10 07:07:23,232 - INFO -   已计算GVI: 1660 (95.9%)
2025-08-10 07:07:23,232 - INFO -   数据不足: 41 (2.4%)
2025-08-10 07:07:23,232 - INFO -   无数据: 30 (1.7%)
2025-08-10 07:07:23,233 - INFO - 
平均GVI: 16.60%
2025-08-10 07:07:23,234 - INFO - 
输出文件：
2025-08-10 07:07:23,234 - INFO -   主数据文件: C:\Users\z1782\OneDrive - University College London\Attachments\004\methodology\Dissertation_v2\output\full_london_gvi\inner_london_all_lsoas_status.csv
2025-08-10 07:07:23,234 - INFO -   统计报告: C:\Users\z1782\OneDrive - University College London\Attachments\004\methodology\Dissertation_v2\output\full_london_gvi\final_report_20250810_0707.json
2025-08-10 07:07:23,235 - INFO - ======================================================================
